<testsuites id="" name="" tests="160" failures="152" skipped="0" errors="0" time="334.37799299999995">
<testsuite name="ui\crm-onlytests.spec.ts" timestamp="2025-09-25T16:07:00.269Z" hostname="CRM Desktop - OnlyTests" tests="20" failures="19" skipped="0" time="272.91" errors="0">
<testcase name="CRM Projects - OnlyTests Approach › should create new project" classname="ui\crm-onlytests.spec.ts" time="14.495">
<failure message="crm-onlytests.spec.ts:10:7 should create new project" type="FAILURE">
<![CDATA[  [CRM Desktop - OnlyTests] › ui\crm-onlytests.spec.ts:10:7 › CRM Projects - OnlyTests Approach › should create new project 

    TimeoutError: locator.click: Timeout 10000ms exceeded.
    Call log:
      - waiting for getByRole('button', { name: 'New Project' })


       at ..\src\pages\projects-page.ts:44

      42 |
      43 |   async createProject(name: string, description: string, priority: string = 'medium'): Promise<void> {
    > 44 |     await this.newProjectButton.click();
         |                                 ^
      45 |     await this.projectNameInput.fill(name);
      46 |     await this.projectDescriptionInput.fill(description);
      47 |     await this.prioritySelect.selectOption(priority);
        at ProjectsPage.createProject (E:\My\AI-Fitness_Coach_360\dev-crm\src\pages\projects-page.ts:44:33)
        at E:\My\AI-Fitness_Coach_360\dev-crm\tests\ui\crm-onlytests.spec.ts:12:24

    attachment #1: screenshot (image/png) ──────────────────────────────────────────────────────────
    ..\test-results\ui-crm-onlytests-CRM-Proje-edb53-h-should-create-new-project-CRM-Desktop---OnlyTests\test-failed-1.png
    ────────────────────────────────────────────────────────────────────────────────────────────────

    attachment #2: video (video/webm) ──────────────────────────────────────────────────────────────
    ..\test-results\ui-crm-onlytests-CRM-Proje-edb53-h-should-create-new-project-CRM-Desktop---OnlyTests\video.webm
    ────────────────────────────────────────────────────────────────────────────────────────────────

    Error Context: ..\test-results\ui-crm-onlytests-CRM-Proje-edb53-h-should-create-new-project-CRM-Desktop---OnlyTests\error-context.md
]]>
</failure>
<system-out>
<![CDATA[
[[ATTACHMENT|test-results\ui-crm-onlytests-CRM-Proje-edb53-h-should-create-new-project-CRM-Desktop---OnlyTests\test-failed-1.png]]

[[ATTACHMENT|test-results\ui-crm-onlytests-CRM-Proje-edb53-h-should-create-new-project-CRM-Desktop---OnlyTests\video.webm]]

[[ATTACHMENT|test-results\ui-crm-onlytests-CRM-Proje-edb53-h-should-create-new-project-CRM-Desktop---OnlyTests\error-context.md]]
]]>
</system-out>
</testcase>
<testcase name="CRM Projects - OnlyTests Approach › should create project with AI analysis" classname="ui\crm-onlytests.spec.ts" time="14.194">
<failure message="crm-onlytests.spec.ts:18:7 should create project with AI analysis" type="FAILURE">
<![CDATA[  [CRM Desktop - OnlyTests] › ui\crm-onlytests.spec.ts:18:7 › CRM Projects - OnlyTests Approach › should create project with AI analysis 

    TimeoutError: locator.click: Timeout 10000ms exceeded.
    Call log:
      - waiting for getByRole('button', { name: 'New Project' })


       at ..\src\pages\projects-page.ts:52

      50 |
      51 |   async createProjectWithAI(name: string, description: string, priority: string = 'high'): Promise<void> {
    > 52 |     await this.newProjectButton.click();
         |                                 ^
      53 |     await this.projectNameInput.fill(name);
      54 |     await this.projectDescriptionInput.fill(description);
      55 |     await this.prioritySelect.selectOption(priority);
        at ProjectsPage.createProjectWithAI (E:\My\AI-Fitness_Coach_360\dev-crm\src\pages\projects-page.ts:52:33)
        at E:\My\AI-Fitness_Coach_360\dev-crm\tests\ui\crm-onlytests.spec.ts:20:24

    attachment #1: screenshot (image/png) ──────────────────────────────────────────────────────────
    ..\test-results\ui-crm-onlytests-CRM-Proje-b1d10-te-project-with-AI-analysis-CRM-Desktop---OnlyTests\test-failed-1.png
    ────────────────────────────────────────────────────────────────────────────────────────────────

    attachment #2: video (video/webm) ──────────────────────────────────────────────────────────────
    ..\test-results\ui-crm-onlytests-CRM-Proje-b1d10-te-project-with-AI-analysis-CRM-Desktop---OnlyTests\video.webm
    ────────────────────────────────────────────────────────────────────────────────────────────────

    Error Context: ..\test-results\ui-crm-onlytests-CRM-Proje-b1d10-te-project-with-AI-analysis-CRM-Desktop---OnlyTests\error-context.md
]]>
</failure>
<system-out>
<![CDATA[
[[ATTACHMENT|test-results\ui-crm-onlytests-CRM-Proje-b1d10-te-project-with-AI-analysis-CRM-Desktop---OnlyTests\test-failed-1.png]]

[[ATTACHMENT|test-results\ui-crm-onlytests-CRM-Proje-b1d10-te-project-with-AI-analysis-CRM-Desktop---OnlyTests\video.webm]]

[[ATTACHMENT|test-results\ui-crm-onlytests-CRM-Proje-b1d10-te-project-with-AI-analysis-CRM-Desktop---OnlyTests\error-context.md]]
]]>
</system-out>
</testcase>
<testcase name="CRM Projects - OnlyTests Approach › should delete project" classname="ui\crm-onlytests.spec.ts" time="14.568">
<failure message="crm-onlytests.spec.ts:26:7 should delete project" type="FAILURE">
<![CDATA[  [CRM Desktop - OnlyTests] › ui\crm-onlytests.spec.ts:26:7 › CRM Projects - OnlyTests Approach › should delete project 

    TimeoutError: locator.click: Timeout 10000ms exceeded.
    Call log:
      - waiting for getByRole('button', { name: 'New Project' })


       at ..\src\pages\projects-page.ts:44

      42 |
      43 |   async createProject(name: string, description: string, priority: string = 'medium'): Promise<void> {
    > 44 |     await this.newProjectButton.click();
         |                                 ^
      45 |     await this.projectNameInput.fill(name);
      46 |     await this.projectDescriptionInput.fill(description);
      47 |     await this.prioritySelect.selectOption(priority);
        at ProjectsPage.createProject (E:\My\AI-Fitness_Coach_360\dev-crm\src\pages\projects-page.ts:44:33)
        at E:\My\AI-Fitness_Coach_360\dev-crm\tests\ui\crm-onlytests.spec.ts:29:24

    attachment #1: screenshot (image/png) ──────────────────────────────────────────────────────────
    ..\test-results\ui-crm-onlytests-CRM-Proje-3ece7-roach-should-delete-project-CRM-Desktop---OnlyTests\test-failed-1.png
    ────────────────────────────────────────────────────────────────────────────────────────────────

    attachment #2: video (video/webm) ──────────────────────────────────────────────────────────────
    ..\test-results\ui-crm-onlytests-CRM-Proje-3ece7-roach-should-delete-project-CRM-Desktop---OnlyTests\video.webm
    ────────────────────────────────────────────────────────────────────────────────────────────────

    Error Context: ..\test-results\ui-crm-onlytests-CRM-Proje-3ece7-roach-should-delete-project-CRM-Desktop---OnlyTests\error-context.md
]]>
</failure>
<system-out>
<![CDATA[
[[ATTACHMENT|test-results\ui-crm-onlytests-CRM-Proje-3ece7-roach-should-delete-project-CRM-Desktop---OnlyTests\test-failed-1.png]]

[[ATTACHMENT|test-results\ui-crm-onlytests-CRM-Proje-3ece7-roach-should-delete-project-CRM-Desktop---OnlyTests\video.webm]]

[[ATTACHMENT|test-results\ui-crm-onlytests-CRM-Proje-3ece7-roach-should-delete-project-CRM-Desktop---OnlyTests\error-context.md]]
]]>
</system-out>
</testcase>
<testcase name="CRM Tasks - OnlyTests Approach › should create new task" classname="ui\crm-onlytests.spec.ts" time="14.563">
<failure message="crm-onlytests.spec.ts:41:7 should create new task" type="FAILURE">
<![CDATA[  [CRM Desktop - OnlyTests] › ui\crm-onlytests.spec.ts:41:7 › CRM Tasks - OnlyTests Approach › should create new task 

    TimeoutError: locator.click: Timeout 10000ms exceeded.
    Call log:
      - waiting for getByRole('button', { name: 'New Task' })


       at ..\src\pages\tasks-page.ts:44

      42 |
      43 |   async createTask(title: string, description: string, priority: string = 'medium'): Promise<void> {
    > 44 |     await this.newTaskButton.click();
         |                              ^
      45 |     await this.taskTitleInput.fill(title);
      46 |     await this.taskDescriptionInput.fill(description);
      47 |     await this.prioritySelect.selectOption(priority);
        at TasksPage.createTask (E:\My\AI-Fitness_Coach_360\dev-crm\src\pages\tasks-page.ts:44:30)
        at E:\My\AI-Fitness_Coach_360\dev-crm\tests\ui\crm-onlytests.spec.ts:43:21

    attachment #1: screenshot (image/png) ──────────────────────────────────────────────────────────
    ..\test-results\ui-crm-onlytests-CRM-Tasks-3103b-oach-should-create-new-task-CRM-Desktop---OnlyTests\test-failed-1.png
    ────────────────────────────────────────────────────────────────────────────────────────────────

    attachment #2: video (video/webm) ──────────────────────────────────────────────────────────────
    ..\test-results\ui-crm-onlytests-CRM-Tasks-3103b-oach-should-create-new-task-CRM-Desktop---OnlyTests\video.webm
    ────────────────────────────────────────────────────────────────────────────────────────────────

    Error Context: ..\test-results\ui-crm-onlytests-CRM-Tasks-3103b-oach-should-create-new-task-CRM-Desktop---OnlyTests\error-context.md
]]>
</failure>
<system-out>
<![CDATA[
[[ATTACHMENT|test-results\ui-crm-onlytests-CRM-Tasks-3103b-oach-should-create-new-task-CRM-Desktop---OnlyTests\test-failed-1.png]]

[[ATTACHMENT|test-results\ui-crm-onlytests-CRM-Tasks-3103b-oach-should-create-new-task-CRM-Desktop---OnlyTests\video.webm]]

[[ATTACHMENT|test-results\ui-crm-onlytests-CRM-Tasks-3103b-oach-should-create-new-task-CRM-Desktop---OnlyTests\error-context.md]]
]]>
</system-out>
</testcase>
<testcase name="CRM Tasks - OnlyTests Approach › should create task with AI recommendations" classname="ui\crm-onlytests.spec.ts" time="14.403">
<failure message="crm-onlytests.spec.ts:49:7 should create task with AI recommendations" type="FAILURE">
<![CDATA[  [CRM Desktop - OnlyTests] › ui\crm-onlytests.spec.ts:49:7 › CRM Tasks - OnlyTests Approach › should create task with AI recommendations 

    TimeoutError: locator.click: Timeout 10000ms exceeded.
    Call log:
      - waiting for getByRole('button', { name: 'New Task' })


       at ..\src\pages\tasks-page.ts:52

      50 |
      51 |   async createTaskWithAI(title: string, description: string, priority: string = 'high'): Promise<void> {
    > 52 |     await this.newTaskButton.click();
         |                              ^
      53 |     await this.taskTitleInput.fill(title);
      54 |     await this.taskDescriptionInput.fill(description);
      55 |     await this.prioritySelect.selectOption(priority);
        at TasksPage.createTaskWithAI (E:\My\AI-Fitness_Coach_360\dev-crm\src\pages\tasks-page.ts:52:30)
        at E:\My\AI-Fitness_Coach_360\dev-crm\tests\ui\crm-onlytests.spec.ts:51:21

    attachment #1: screenshot (image/png) ──────────────────────────────────────────────────────────
    ..\test-results\ui-crm-onlytests-CRM-Tasks-0decd-ask-with-AI-recommendations-CRM-Desktop---OnlyTests\test-failed-1.png
    ────────────────────────────────────────────────────────────────────────────────────────────────

    attachment #2: video (video/webm) ──────────────────────────────────────────────────────────────
    ..\test-results\ui-crm-onlytests-CRM-Tasks-0decd-ask-with-AI-recommendations-CRM-Desktop---OnlyTests\video.webm
    ────────────────────────────────────────────────────────────────────────────────────────────────

    Error Context: ..\test-results\ui-crm-onlytests-CRM-Tasks-0decd-ask-with-AI-recommendations-CRM-Desktop---OnlyTests\error-context.md
]]>
</failure>
<system-out>
<![CDATA[
[[ATTACHMENT|test-results\ui-crm-onlytests-CRM-Tasks-0decd-ask-with-AI-recommendations-CRM-Desktop---OnlyTests\test-failed-1.png]]

[[ATTACHMENT|test-results\ui-crm-onlytests-CRM-Tasks-0decd-ask-with-AI-recommendations-CRM-Desktop---OnlyTests\video.webm]]

[[ATTACHMENT|test-results\ui-crm-onlytests-CRM-Tasks-0decd-ask-with-AI-recommendations-CRM-Desktop---OnlyTests\error-context.md]]
]]>
</system-out>
</testcase>
<testcase name="CRM Tasks - OnlyTests Approach › should update task status" classname="ui\crm-onlytests.spec.ts" time="14.326">
<failure message="crm-onlytests.spec.ts:57:7 should update task status" type="FAILURE">
<![CDATA[  [CRM Desktop - OnlyTests] › ui\crm-onlytests.spec.ts:57:7 › CRM Tasks - OnlyTests Approach › should update task status 

    TimeoutError: locator.click: Timeout 10000ms exceeded.
    Call log:
      - waiting for getByRole('button', { name: 'New Task' })


       at ..\src\pages\tasks-page.ts:44

      42 |
      43 |   async createTask(title: string, description: string, priority: string = 'medium'): Promise<void> {
    > 44 |     await this.newTaskButton.click();
         |                              ^
      45 |     await this.taskTitleInput.fill(title);
      46 |     await this.taskDescriptionInput.fill(description);
      47 |     await this.prioritySelect.selectOption(priority);
        at TasksPage.createTask (E:\My\AI-Fitness_Coach_360\dev-crm\src\pages\tasks-page.ts:44:30)
        at E:\My\AI-Fitness_Coach_360\dev-crm\tests\ui\crm-onlytests.spec.ts:59:21

    attachment #1: screenshot (image/png) ──────────────────────────────────────────────────────────
    ..\test-results\ui-crm-onlytests-CRM-Tasks-c3905-h-should-update-task-status-CRM-Desktop---OnlyTests\test-failed-1.png
    ────────────────────────────────────────────────────────────────────────────────────────────────

    attachment #2: video (video/webm) ──────────────────────────────────────────────────────────────
    ..\test-results\ui-crm-onlytests-CRM-Tasks-c3905-h-should-update-task-status-CRM-Desktop---OnlyTests\video.webm
    ────────────────────────────────────────────────────────────────────────────────────────────────

    Error Context: ..\test-results\ui-crm-onlytests-CRM-Tasks-c3905-h-should-update-task-status-CRM-Desktop---OnlyTests\error-context.md
]]>
</failure>
<system-out>
<![CDATA[
[[ATTACHMENT|test-results\ui-crm-onlytests-CRM-Tasks-c3905-h-should-update-task-status-CRM-Desktop---OnlyTests\test-failed-1.png]]

[[ATTACHMENT|test-results\ui-crm-onlytests-CRM-Tasks-c3905-h-should-update-task-status-CRM-Desktop---OnlyTests\video.webm]]

[[ATTACHMENT|test-results\ui-crm-onlytests-CRM-Tasks-c3905-h-should-update-task-status-CRM-Desktop---OnlyTests\error-context.md]]
]]>
</system-out>
</testcase>
<testcase name="CRM AI Integration - OnlyTests Approach › should test all AI services" classname="ui\crm-onlytests.spec.ts" time="14.553">
<failure message="crm-onlytests.spec.ts:70:7 should test all AI services" type="FAILURE">
<![CDATA[  [CRM Desktop - OnlyTests] › ui\crm-onlytests.spec.ts:70:7 › CRM AI Integration - OnlyTests Approach › should test all AI services 

    TimeoutError: locator.click: Timeout 10000ms exceeded.
    Call log:
      - waiting for getByRole('button', { name: 'Test OpenRouter Connection' })


       at ..\src\pages\ai-settings-page.ts:32

      30 |
      31 |   async testOpenRouterConnection(): Promise<boolean> {
    > 32 |     await this.testOpenRouterButton.click();
         |                                     ^
      33 |     try {
      34 |       await this.page.getByText('OpenRouter: Connected').waitFor({ timeout: 10000 });
      35 |       return true;
        at AISettingsPage.testOpenRouterConnection (E:\My\AI-Fitness_Coach_360\dev-crm\src\pages\ai-settings-page.ts:32:37)
        at AISettingsPage.testAllAIServices (E:\My\AI-Fitness_Coach_360\dev-crm\src\pages\ai-settings-page.ts:62:35)
        at E:\My\AI-Fitness_Coach_360\dev-crm\tests\ui\crm-onlytests.spec.ts:73:42

    attachment #1: screenshot (image/png) ──────────────────────────────────────────────────────────
    ..\test-results\ui-crm-onlytests-CRM-AI-In-47147-should-test-all-AI-services-CRM-Desktop---OnlyTests\test-failed-1.png
    ────────────────────────────────────────────────────────────────────────────────────────────────

    attachment #2: video (video/webm) ──────────────────────────────────────────────────────────────
    ..\test-results\ui-crm-onlytests-CRM-AI-In-47147-should-test-all-AI-services-CRM-Desktop---OnlyTests\video.webm
    ────────────────────────────────────────────────────────────────────────────────────────────────

    Error Context: ..\test-results\ui-crm-onlytests-CRM-AI-In-47147-should-test-all-AI-services-CRM-Desktop---OnlyTests\error-context.md
]]>
</failure>
<system-out>
<![CDATA[
[[ATTACHMENT|test-results\ui-crm-onlytests-CRM-AI-In-47147-should-test-all-AI-services-CRM-Desktop---OnlyTests\test-failed-1.png]]

[[ATTACHMENT|test-results\ui-crm-onlytests-CRM-AI-In-47147-should-test-all-AI-services-CRM-Desktop---OnlyTests\video.webm]]

[[ATTACHMENT|test-results\ui-crm-onlytests-CRM-AI-In-47147-should-test-all-AI-services-CRM-Desktop---OnlyTests\error-context.md]]
]]>
</system-out>
</testcase>
<testcase name="CRM AI Integration - OnlyTests Approach › should handle AI service failure gracefully" classname="ui\crm-onlytests.spec.ts" time="14.441">
<failure message="crm-onlytests.spec.ts:80:7 should handle AI service failure gracefully" type="FAILURE">
<![CDATA[  [CRM Desktop - OnlyTests] › ui\crm-onlytests.spec.ts:80:7 › CRM AI Integration - OnlyTests Approach › should handle AI service failure gracefully 

    TimeoutError: locator.click: Timeout 10000ms exceeded.
    Call log:
      - waiting for getByRole('button', { name: 'Test OpenRouter Connection' })


       at ..\src\pages\ai-settings-page.ts:32

      30 |
      31 |   async testOpenRouterConnection(): Promise<boolean> {
    > 32 |     await this.testOpenRouterButton.click();
         |                                     ^
      33 |     try {
      34 |       await this.page.getByText('OpenRouter: Connected').waitFor({ timeout: 10000 });
      35 |       return true;
        at AISettingsPage.testOpenRouterConnection (E:\My\AI-Fitness_Coach_360\dev-crm\src\pages\ai-settings-page.ts:32:37)
        at E:\My\AI-Fitness_Coach_360\dev-crm\tests\ui\crm-onlytests.spec.ts:88:54

    attachment #1: screenshot (image/png) ──────────────────────────────────────────────────────────
    ..\test-results\ui-crm-onlytests-CRM-AI-In-eec6b--service-failure-gracefully-CRM-Desktop---OnlyTests\test-failed-1.png
    ────────────────────────────────────────────────────────────────────────────────────────────────

    attachment #2: video (video/webm) ──────────────────────────────────────────────────────────────
    ..\test-results\ui-crm-onlytests-CRM-AI-In-eec6b--service-failure-gracefully-CRM-Desktop---OnlyTests\video.webm
    ────────────────────────────────────────────────────────────────────────────────────────────────

    Error Context: ..\test-results\ui-crm-onlytests-CRM-AI-In-eec6b--service-failure-gracefully-CRM-Desktop---OnlyTests\error-context.md
]]>
</failure>
<system-out>
<![CDATA[
[[ATTACHMENT|test-results\ui-crm-onlytests-CRM-AI-In-eec6b--service-failure-gracefully-CRM-Desktop---OnlyTests\test-failed-1.png]]

[[ATTACHMENT|test-results\ui-crm-onlytests-CRM-AI-In-eec6b--service-failure-gracefully-CRM-Desktop---OnlyTests\video.webm]]

[[ATTACHMENT|test-results\ui-crm-onlytests-CRM-AI-In-eec6b--service-failure-gracefully-CRM-Desktop---OnlyTests\error-context.md]]
]]>
</system-out>
</testcase>
<testcase name="CRM AI Integration - OnlyTests Approach › should test individual AI services" classname="ui\crm-onlytests.spec.ts" time="14.328">
<failure message="crm-onlytests.spec.ts:92:7 should test individual AI services" type="FAILURE">
<![CDATA[  [CRM Desktop - OnlyTests] › ui\crm-onlytests.spec.ts:92:7 › CRM AI Integration - OnlyTests Approach › should test individual AI services 

    TimeoutError: locator.click: Timeout 10000ms exceeded.
    Call log:
      - waiting for getByRole('button', { name: 'Test OpenRouter Connection' })


       at ..\src\pages\ai-settings-page.ts:32

      30 |
      31 |   async testOpenRouterConnection(): Promise<boolean> {
    > 32 |     await this.testOpenRouterButton.click();
         |                                     ^
      33 |     try {
      34 |       await this.page.getByText('OpenRouter: Connected').waitFor({ timeout: 10000 });
      35 |       return true;
        at AISettingsPage.testOpenRouterConnection (E:\My\AI-Fitness_Coach_360\dev-crm\src\pages\ai-settings-page.ts:32:37)
        at E:\My\AI-Fitness_Coach_360\dev-crm\tests\ui\crm-onlytests.spec.ts:95:54

    attachment #1: screenshot (image/png) ──────────────────────────────────────────────────────────
    ..\test-results\ui-crm-onlytests-CRM-AI-In-35e65-test-individual-AI-services-CRM-Desktop---OnlyTests\test-failed-1.png
    ────────────────────────────────────────────────────────────────────────────────────────────────

    attachment #2: video (video/webm) ──────────────────────────────────────────────────────────────
    ..\test-results\ui-crm-onlytests-CRM-AI-In-35e65-test-individual-AI-services-CRM-Desktop---OnlyTests\video.webm
    ────────────────────────────────────────────────────────────────────────────────────────────────

    Error Context: ..\test-results\ui-crm-onlytests-CRM-AI-In-35e65-test-individual-AI-services-CRM-Desktop---OnlyTests\error-context.md
]]>
</failure>
<system-out>
<![CDATA[
[[ATTACHMENT|test-results\ui-crm-onlytests-CRM-AI-In-35e65-test-individual-AI-services-CRM-Desktop---OnlyTests\test-failed-1.png]]

[[ATTACHMENT|test-results\ui-crm-onlytests-CRM-AI-In-35e65-test-individual-AI-services-CRM-Desktop---OnlyTests\video.webm]]

[[ATTACHMENT|test-results\ui-crm-onlytests-CRM-AI-In-35e65-test-individual-AI-services-CRM-Desktop---OnlyTests\error-context.md]]
]]>
</system-out>
</testcase>
<testcase name="CRM User Workflows - OnlyTests Approach › should complete full project workflow" classname="ui\crm-onlytests.spec.ts" time="14.478">
<failure message="crm-onlytests.spec.ts:106:7 should complete full project workflow" type="FAILURE">
<![CDATA[  [CRM Desktop - OnlyTests] › ui\crm-onlytests.spec.ts:106:7 › CRM User Workflows - OnlyTests Approach › should complete full project workflow 

    TimeoutError: locator.click: Timeout 10000ms exceeded.
    Call log:
      - waiting for getByRole('button', { name: 'New Project' })


       at ..\src\pages\projects-page.ts:52

      50 |
      51 |   async createProjectWithAI(name: string, description: string, priority: string = 'high'): Promise<void> {
    > 52 |     await this.newProjectButton.click();
         |                                 ^
      53 |     await this.projectNameInput.fill(name);
      54 |     await this.projectDescriptionInput.fill(description);
      55 |     await this.prioritySelect.selectOption(priority);
        at ProjectsPage.createProjectWithAI (E:\My\AI-Fitness_Coach_360\dev-crm\src\pages\projects-page.ts:52:33)
        at E:\My\AI-Fitness_Coach_360\dev-crm\tests\ui\crm-onlytests.spec.ts:109:24

    attachment #1: screenshot (image/png) ──────────────────────────────────────────────────────────
    ..\test-results\ui-crm-onlytests-CRM-User--ed24f-plete-full-project-workflow-CRM-Desktop---OnlyTests\test-failed-1.png
    ────────────────────────────────────────────────────────────────────────────────────────────────

    attachment #2: video (video/webm) ──────────────────────────────────────────────────────────────
    ..\test-results\ui-crm-onlytests-CRM-User--ed24f-plete-full-project-workflow-CRM-Desktop---OnlyTests\video.webm
    ────────────────────────────────────────────────────────────────────────────────────────────────

    Error Context: ..\test-results\ui-crm-onlytests-CRM-User--ed24f-plete-full-project-workflow-CRM-Desktop---OnlyTests\error-context.md
]]>
</failure>
<system-out>
<![CDATA[
[[ATTACHMENT|test-results\ui-crm-onlytests-CRM-User--ed24f-plete-full-project-workflow-CRM-Desktop---OnlyTests\test-failed-1.png]]

[[ATTACHMENT|test-results\ui-crm-onlytests-CRM-User--ed24f-plete-full-project-workflow-CRM-Desktop---OnlyTests\video.webm]]

[[ATTACHMENT|test-results\ui-crm-onlytests-CRM-User--ed24f-plete-full-project-workflow-CRM-Desktop---OnlyTests\error-context.md]]
]]>
</system-out>
</testcase>
<testcase name="CRM User Workflows - OnlyTests Approach › should handle project with multiple tasks" classname="ui\crm-onlytests.spec.ts" time="14.26">
<failure message="crm-onlytests.spec.ts:129:7 should handle project with multiple tasks" type="FAILURE">
<![CDATA[  [CRM Desktop - OnlyTests] › ui\crm-onlytests.spec.ts:129:7 › CRM User Workflows - OnlyTests Approach › should handle project with multiple tasks 

    TimeoutError: locator.click: Timeout 10000ms exceeded.
    Call log:
      - waiting for getByRole('button', { name: 'New Project' })


       at ..\src\pages\projects-page.ts:44

      42 |
      43 |   async createProject(name: string, description: string, priority: string = 'medium'): Promise<void> {
    > 44 |     await this.newProjectButton.click();
         |                                 ^
      45 |     await this.projectNameInput.fill(name);
      46 |     await this.projectDescriptionInput.fill(description);
      47 |     await this.prioritySelect.selectOption(priority);
        at ProjectsPage.createProject (E:\My\AI-Fitness_Coach_360\dev-crm\src\pages\projects-page.ts:44:33)
        at E:\My\AI-Fitness_Coach_360\dev-crm\tests\ui\crm-onlytests.spec.ts:132:24

    attachment #1: screenshot (image/png) ──────────────────────────────────────────────────────────
    ..\test-results\ui-crm-onlytests-CRM-User--83033-project-with-multiple-tasks-CRM-Desktop---OnlyTests\test-failed-1.png
    ────────────────────────────────────────────────────────────────────────────────────────────────

    attachment #2: video (video/webm) ──────────────────────────────────────────────────────────────
    ..\test-results\ui-crm-onlytests-CRM-User--83033-project-with-multiple-tasks-CRM-Desktop---OnlyTests\video.webm
    ────────────────────────────────────────────────────────────────────────────────────────────────

    Error Context: ..\test-results\ui-crm-onlytests-CRM-User--83033-project-with-multiple-tasks-CRM-Desktop---OnlyTests\error-context.md
]]>
</failure>
<system-out>
<![CDATA[
[[ATTACHMENT|test-results\ui-crm-onlytests-CRM-User--83033-project-with-multiple-tasks-CRM-Desktop---OnlyTests\test-failed-1.png]]

[[ATTACHMENT|test-results\ui-crm-onlytests-CRM-User--83033-project-with-multiple-tasks-CRM-Desktop---OnlyTests\video.webm]]

[[ATTACHMENT|test-results\ui-crm-onlytests-CRM-User--83033-project-with-multiple-tasks-CRM-Desktop---OnlyTests\error-context.md]]
]]>
</system-out>
</testcase>
<testcase name="CRM Error Handling - OnlyTests Approach › should handle network errors gracefully" classname="ui\crm-onlytests.spec.ts" time="14.321">
<failure message="crm-onlytests.spec.ts:152:7 should handle network errors gracefully" type="FAILURE">
<![CDATA[  [CRM Desktop - OnlyTests] › ui\crm-onlytests.spec.ts:152:7 › CRM Error Handling - OnlyTests Approach › should handle network errors gracefully 

    TimeoutError: locator.click: Timeout 10000ms exceeded.
    Call log:
      - waiting for getByRole('button', { name: 'New Project' })


       at ..\src\pages\projects-page.ts:44

      42 |
      43 |   async createProject(name: string, description: string, priority: string = 'medium'): Promise<void> {
    > 44 |     await this.newProjectButton.click();
         |                                 ^
      45 |     await this.projectNameInput.fill(name);
      46 |     await this.projectDescriptionInput.fill(description);
      47 |     await this.prioritySelect.selectOption(priority);
        at ProjectsPage.createProject (E:\My\AI-Fitness_Coach_360\dev-crm\src\pages\projects-page.ts:44:33)
        at E:\My\AI-Fitness_Coach_360\dev-crm\tests\ui\crm-onlytests.spec.ts:159:24

    attachment #1: screenshot (image/png) ──────────────────────────────────────────────────────────
    ..\test-results\ui-crm-onlytests-CRM-Error-4ad97-e-network-errors-gracefully-CRM-Desktop---OnlyTests\test-failed-1.png
    ────────────────────────────────────────────────────────────────────────────────────────────────

    attachment #2: video (video/webm) ──────────────────────────────────────────────────────────────
    ..\test-results\ui-crm-onlytests-CRM-Error-4ad97-e-network-errors-gracefully-CRM-Desktop---OnlyTests\video.webm
    ────────────────────────────────────────────────────────────────────────────────────────────────

    Error Context: ..\test-results\ui-crm-onlytests-CRM-Error-4ad97-e-network-errors-gracefully-CRM-Desktop---OnlyTests\error-context.md
]]>
</failure>
<system-out>
<![CDATA[
[[ATTACHMENT|test-results\ui-crm-onlytests-CRM-Error-4ad97-e-network-errors-gracefully-CRM-Desktop---OnlyTests\test-failed-1.png]]

[[ATTACHMENT|test-results\ui-crm-onlytests-CRM-Error-4ad97-e-network-errors-gracefully-CRM-Desktop---OnlyTests\video.webm]]

[[ATTACHMENT|test-results\ui-crm-onlytests-CRM-Error-4ad97-e-network-errors-gracefully-CRM-Desktop---OnlyTests\error-context.md]]
]]>
</system-out>
</testcase>
<testcase name="CRM Error Handling - OnlyTests Approach › should handle validation errors" classname="ui\crm-onlytests.spec.ts" time="13.823">
<failure message="crm-onlytests.spec.ts:166:7 should handle validation errors" type="FAILURE">
<![CDATA[  [CRM Desktop - OnlyTests] › ui\crm-onlytests.spec.ts:166:7 › CRM Error Handling - OnlyTests Approach › should handle validation errors 

    TimeoutError: locator.click: Timeout 10000ms exceeded.
    Call log:
      - waiting for getByRole('button', { name: 'New Project' })


      168 |     
      169 |     // Попытка создания проекта с пустым именем
    > 170 |     await projectsPage.newProjectButton.click();
          |                                         ^
      171 |     await projectsPage.saveProjectButton.click();
      172 |     
      173 |     // Проверка валидации
        at E:\My\AI-Fitness_Coach_360\dev-crm\tests\ui\crm-onlytests.spec.ts:170:41

    attachment #1: screenshot (image/png) ──────────────────────────────────────────────────────────
    ..\test-results\ui-crm-onlytests-CRM-Error-1dec1-ld-handle-validation-errors-CRM-Desktop---OnlyTests\test-failed-1.png
    ────────────────────────────────────────────────────────────────────────────────────────────────

    attachment #2: video (video/webm) ──────────────────────────────────────────────────────────────
    ..\test-results\ui-crm-onlytests-CRM-Error-1dec1-ld-handle-validation-errors-CRM-Desktop---OnlyTests\video.webm
    ────────────────────────────────────────────────────────────────────────────────────────────────

    Error Context: ..\test-results\ui-crm-onlytests-CRM-Error-1dec1-ld-handle-validation-errors-CRM-Desktop---OnlyTests\error-context.md
]]>
</failure>
<system-out>
<![CDATA[
[[ATTACHMENT|test-results\ui-crm-onlytests-CRM-Error-1dec1-ld-handle-validation-errors-CRM-Desktop---OnlyTests\test-failed-1.png]]

[[ATTACHMENT|test-results\ui-crm-onlytests-CRM-Error-1dec1-ld-handle-validation-errors-CRM-Desktop---OnlyTests\video.webm]]

[[ATTACHMENT|test-results\ui-crm-onlytests-CRM-Error-1dec1-ld-handle-validation-errors-CRM-Desktop---OnlyTests\error-context.md]]
]]>
</system-out>
</testcase>
<testcase name="CRM Error Handling - OnlyTests Approach › should handle AI service timeout" classname="ui\crm-onlytests.spec.ts" time="14.375">
<failure message="crm-onlytests.spec.ts:177:7 should handle AI service timeout" type="FAILURE">
<![CDATA[  [CRM Desktop - OnlyTests] › ui\crm-onlytests.spec.ts:177:7 › CRM Error Handling - OnlyTests Approach › should handle AI service timeout 

    TimeoutError: locator.click: Timeout 10000ms exceeded.
    Call log:
      - waiting for getByRole('button', { name: 'Test OpenRouter Connection' })


       at ..\src\pages\ai-settings-page.ts:32

      30 |
      31 |   async testOpenRouterConnection(): Promise<boolean> {
    > 32 |     await this.testOpenRouterButton.click();
         |                                     ^
      33 |     try {
      34 |       await this.page.getByText('OpenRouter: Connected').waitFor({ timeout: 10000 });
      35 |       return true;
        at AISettingsPage.testOpenRouterConnection (E:\My\AI-Fitness_Coach_360\dev-crm\src\pages\ai-settings-page.ts:32:37)
        at E:\My\AI-Fitness_Coach_360\dev-crm\tests\ui\crm-onlytests.spec.ts:187:54

    attachment #1: screenshot (image/png) ──────────────────────────────────────────────────────────
    ..\test-results\ui-crm-onlytests-CRM-Error-5b80b-d-handle-AI-service-timeout-CRM-Desktop---OnlyTests\test-failed-1.png
    ────────────────────────────────────────────────────────────────────────────────────────────────

    attachment #2: video (video/webm) ──────────────────────────────────────────────────────────────
    ..\test-results\ui-crm-onlytests-CRM-Error-5b80b-d-handle-AI-service-timeout-CRM-Desktop---OnlyTests\video.webm
    ────────────────────────────────────────────────────────────────────────────────────────────────

    Error Context: ..\test-results\ui-crm-onlytests-CRM-Error-5b80b-d-handle-AI-service-timeout-CRM-Desktop---OnlyTests\error-context.md
]]>
</failure>
<system-out>
<![CDATA[
[[ATTACHMENT|test-results\ui-crm-onlytests-CRM-Error-5b80b-d-handle-AI-service-timeout-CRM-Desktop---OnlyTests\test-failed-1.png]]

[[ATTACHMENT|test-results\ui-crm-onlytests-CRM-Error-5b80b-d-handle-AI-service-timeout-CRM-Desktop---OnlyTests\video.webm]]

[[ATTACHMENT|test-results\ui-crm-onlytests-CRM-Error-5b80b-d-handle-AI-service-timeout-CRM-Desktop---OnlyTests\error-context.md]]
]]>
</system-out>
</testcase>
<testcase name="CRM Performance - OnlyTests Approach › should load pages within acceptable time" classname="ui\crm-onlytests.spec.ts" time="1.824">
</testcase>
<testcase name="CRM Performance - OnlyTests Approach › should handle large datasets efficiently" classname="ui\crm-onlytests.spec.ts" time="14.451">
<failure message="crm-onlytests.spec.ts:207:7 should handle large datasets efficiently" type="FAILURE">
<![CDATA[  [CRM Desktop - OnlyTests] › ui\crm-onlytests.spec.ts:207:7 › CRM Performance - OnlyTests Approach › should handle large datasets efficiently 

    Error: expect(locator).toBeVisible() failed

    Locator:  getByText('Project 1')
    Expected: visible
    Received: <element(s) not found>
    Timeout:  10000ms

    Call log:
      - Expect "toBeVisible" with timeout 10000ms
      - waiting for getByText('Project 1')


      220 |     
      221 |     // Проверка загрузки большого количества проектов
    > 222 |     await expect(projectsPage.page.getByText('Project 1')).toBeVisible();
          |                                                            ^
      223 |     await expect(projectsPage.page.getByText('Project 100')).toBeVisible();
      224 |     
      225 |     // Проверка производительности пагинации
        at E:\My\AI-Fitness_Coach_360\dev-crm\tests\ui\crm-onlytests.spec.ts:222:60

    attachment #1: screenshot (image/png) ──────────────────────────────────────────────────────────
    ..\test-results\ui-crm-onlytests-CRM-Perfo-3e034--large-datasets-efficiently-CRM-Desktop---OnlyTests\test-failed-1.png
    ────────────────────────────────────────────────────────────────────────────────────────────────

    attachment #2: video (video/webm) ──────────────────────────────────────────────────────────────
    ..\test-results\ui-crm-onlytests-CRM-Perfo-3e034--large-datasets-efficiently-CRM-Desktop---OnlyTests\video.webm
    ────────────────────────────────────────────────────────────────────────────────────────────────

    Error Context: ..\test-results\ui-crm-onlytests-CRM-Perfo-3e034--large-datasets-efficiently-CRM-Desktop---OnlyTests\error-context.md
]]>
</failure>
<system-out>
<![CDATA[
[[ATTACHMENT|test-results\ui-crm-onlytests-CRM-Perfo-3e034--large-datasets-efficiently-CRM-Desktop---OnlyTests\test-failed-1.png]]

[[ATTACHMENT|test-results\ui-crm-onlytests-CRM-Perfo-3e034--large-datasets-efficiently-CRM-Desktop---OnlyTests\video.webm]]

[[ATTACHMENT|test-results\ui-crm-onlytests-CRM-Perfo-3e034--large-datasets-efficiently-CRM-Desktop---OnlyTests\error-context.md]]
]]>
</system-out>
</testcase>
<testcase name="CRM Accessibility - OnlyTests Approach › should support keyboard navigation" classname="ui\crm-onlytests.spec.ts" time="12.848">
<failure message="crm-onlytests.spec.ts:234:7 should support keyboard navigation" type="FAILURE">
<![CDATA[  [CRM Desktop - OnlyTests] › ui\crm-onlytests.spec.ts:234:7 › CRM Accessibility - OnlyTests Approach › should support keyboard navigation 

    Error: expect(locator).toBeFocused() failed

    Locator:  getByRole('button', { name: 'New Project' })
    Expected: focused
    Received: <element(s) not found>
    Timeout:  10000ms

    Call log:
      - Expect "toBeFocused" with timeout 10000ms
      - waiting for getByRole('button', { name: 'New Project' })


      241 |     
      242 |     // Проверка фокуса на кнопке
    > 243 |     await expect(projectsPage.newProjectButton).toBeFocused();
          |                                                 ^
      244 |   });
      245 |
      246 |   test('should have proper ARIA attributes', async ({ projectsPage }) => {
        at E:\My\AI-Fitness_Coach_360\dev-crm\tests\ui\crm-onlytests.spec.ts:243:49

    attachment #1: screenshot (image/png) ──────────────────────────────────────────────────────────
    ..\test-results\ui-crm-onlytests-CRM-Acces-605c1-support-keyboard-navigation-CRM-Desktop---OnlyTests\test-failed-1.png
    ────────────────────────────────────────────────────────────────────────────────────────────────

    attachment #2: video (video/webm) ──────────────────────────────────────────────────────────────
    ..\test-results\ui-crm-onlytests-CRM-Acces-605c1-support-keyboard-navigation-CRM-Desktop---OnlyTests\video.webm
    ────────────────────────────────────────────────────────────────────────────────────────────────

    Error Context: ..\test-results\ui-crm-onlytests-CRM-Acces-605c1-support-keyboard-navigation-CRM-Desktop---OnlyTests\error-context.md
]]>
</failure>
<system-out>
<![CDATA[
[[ATTACHMENT|test-results\ui-crm-onlytests-CRM-Acces-605c1-support-keyboard-navigation-CRM-Desktop---OnlyTests\test-failed-1.png]]

[[ATTACHMENT|test-results\ui-crm-onlytests-CRM-Acces-605c1-support-keyboard-navigation-CRM-Desktop---OnlyTests\video.webm]]

[[ATTACHMENT|test-results\ui-crm-onlytests-CRM-Acces-605c1-support-keyboard-navigation-CRM-Desktop---OnlyTests\error-context.md]]
]]>
</system-out>
</testcase>
<testcase name="CRM Accessibility - OnlyTests Approach › should have proper ARIA attributes" classname="ui\crm-onlytests.spec.ts" time="14.371">
<failure message="crm-onlytests.spec.ts:246:7 should have proper ARIA attributes" type="FAILURE">
<![CDATA[  [CRM Desktop - OnlyTests] › ui\crm-onlytests.spec.ts:246:7 › CRM Accessibility - OnlyTests Approach › should have proper ARIA attributes 

    Error: expect(locator).toBeVisible() failed

    Locator:  getByRole('button', { name: 'New Project' })
    Expected: visible
    Received: <element(s) not found>
    Timeout:  10000ms

    Call log:
      - Expect "toBeVisible" with timeout 10000ms
      - waiting for getByRole('button', { name: 'New Project' })


      248 |     
      249 |     // Проверка ARIA атрибутов
    > 250 |     await expect(projectsPage.newProjectButton).toBeVisible();
          |                                                 ^
      251 |     await expect(projectsPage.page.getByRole('heading', { name: 'Projects' })).toBeVisible();
      252 |     await expect(projectsPage.page.getByRole('main')).toBeVisible();
      253 |     await expect(projectsPage.page.getByRole('navigation')).toBeVisible();
        at E:\My\AI-Fitness_Coach_360\dev-crm\tests\ui\crm-onlytests.spec.ts:250:49

    attachment #1: screenshot (image/png) ──────────────────────────────────────────────────────────
    ..\test-results\ui-crm-onlytests-CRM-Acces-65dac-have-proper-ARIA-attributes-CRM-Desktop---OnlyTests\test-failed-1.png
    ────────────────────────────────────────────────────────────────────────────────────────────────

    attachment #2: video (video/webm) ──────────────────────────────────────────────────────────────
    ..\test-results\ui-crm-onlytests-CRM-Acces-65dac-have-proper-ARIA-attributes-CRM-Desktop---OnlyTests\video.webm
    ────────────────────────────────────────────────────────────────────────────────────────────────

    Error Context: ..\test-results\ui-crm-onlytests-CRM-Acces-65dac-have-proper-ARIA-attributes-CRM-Desktop---OnlyTests\error-context.md
]]>
</failure>
<system-out>
<![CDATA[
[[ATTACHMENT|test-results\ui-crm-onlytests-CRM-Acces-65dac-have-proper-ARIA-attributes-CRM-Desktop---OnlyTests\test-failed-1.png]]

[[ATTACHMENT|test-results\ui-crm-onlytests-CRM-Acces-65dac-have-proper-ARIA-attributes-CRM-Desktop---OnlyTests\video.webm]]

[[ATTACHMENT|test-results\ui-crm-onlytests-CRM-Acces-65dac-have-proper-ARIA-attributes-CRM-Desktop---OnlyTests\error-context.md]]
]]>
</system-out>
</testcase>
<testcase name="CRM Mobile - OnlyTests Approach › should work on mobile devices" classname="ui\crm-onlytests.spec.ts" time="14.493">
<failure message="crm-onlytests.spec.ts:258:7 should work on mobile devices" type="FAILURE">
<![CDATA[  [CRM Desktop - OnlyTests] › ui\crm-onlytests.spec.ts:258:7 › CRM Mobile - OnlyTests Approach › should work on mobile devices 

    TimeoutError: locator.click: Timeout 10000ms exceeded.
    Call log:
      - waiting for getByRole('button', { name: 'Menu' })


      263 |     
      264 |     // Проверка мобильного меню
    > 265 |     await projectsPage.page.getByRole('button', { name: 'Menu' }).click();
          |                                                                   ^
      266 |     await expect(projectsPage.page.getByRole('navigation')).toBeVisible();
      267 |     
      268 |     // Проверка создания проекта на мобильном
        at E:\My\AI-Fitness_Coach_360\dev-crm\tests\ui\crm-onlytests.spec.ts:265:67

    attachment #1: screenshot (image/png) ──────────────────────────────────────────────────────────
    ..\test-results\ui-crm-onlytests-CRM-Mobil-0b67b-ould-work-on-mobile-devices-CRM-Desktop---OnlyTests\test-failed-1.png
    ────────────────────────────────────────────────────────────────────────────────────────────────

    attachment #2: video (video/webm) ──────────────────────────────────────────────────────────────
    ..\test-results\ui-crm-onlytests-CRM-Mobil-0b67b-ould-work-on-mobile-devices-CRM-Desktop---OnlyTests\video.webm
    ────────────────────────────────────────────────────────────────────────────────────────────────

    Error Context: ..\test-results\ui-crm-onlytests-CRM-Mobil-0b67b-ould-work-on-mobile-devices-CRM-Desktop---OnlyTests\error-context.md
]]>
</failure>
<system-out>
<![CDATA[
[[ATTACHMENT|test-results\ui-crm-onlytests-CRM-Mobil-0b67b-ould-work-on-mobile-devices-CRM-Desktop---OnlyTests\test-failed-1.png]]

[[ATTACHMENT|test-results\ui-crm-onlytests-CRM-Mobil-0b67b-ould-work-on-mobile-devices-CRM-Desktop---OnlyTests\video.webm]]

[[ATTACHMENT|test-results\ui-crm-onlytests-CRM-Mobil-0b67b-ould-work-on-mobile-devices-CRM-Desktop---OnlyTests\error-context.md]]
]]>
</system-out>
</testcase>
<testcase name="CRM Mobile - OnlyTests Approach › should work on tablet devices" classname="ui\crm-onlytests.spec.ts" time="13.795">
<failure message="crm-onlytests.spec.ts:275:7 should work on tablet devices" type="FAILURE">
<![CDATA[  [CRM Desktop - OnlyTests] › ui\crm-onlytests.spec.ts:275:7 › CRM Mobile - OnlyTests Approach › should work on tablet devices 

    TimeoutError: locator.click: Timeout 10000ms exceeded.
    Call log:
      - waiting for getByRole('button', { name: 'New Task' })


       at ..\src\pages\tasks-page.ts:44

      42 |
      43 |   async createTask(title: string, description: string, priority: string = 'medium'): Promise<void> {
    > 44 |     await this.newTaskButton.click();
         |                              ^
      45 |     await this.taskTitleInput.fill(title);
      46 |     await this.taskDescriptionInput.fill(description);
      47 |     await this.prioritySelect.selectOption(priority);
        at TasksPage.createTask (E:\My\AI-Fitness_Coach_360\dev-crm\src\pages\tasks-page.ts:44:30)
        at E:\My\AI-Fitness_Coach_360\dev-crm\tests\ui\crm-onlytests.spec.ts:282:21

    attachment #1: screenshot (image/png) ──────────────────────────────────────────────────────────
    ..\test-results\ui-crm-onlytests-CRM-Mobil-fd744-ould-work-on-tablet-devices-CRM-Desktop---OnlyTests\test-failed-1.png
    ────────────────────────────────────────────────────────────────────────────────────────────────

    attachment #2: video (video/webm) ──────────────────────────────────────────────────────────────
    ..\test-results\ui-crm-onlytests-CRM-Mobil-fd744-ould-work-on-tablet-devices-CRM-Desktop---OnlyTests\video.webm
    ────────────────────────────────────────────────────────────────────────────────────────────────

    Error Context: ..\test-results\ui-crm-onlytests-CRM-Mobil-fd744-ould-work-on-tablet-devices-CRM-Desktop---OnlyTests\error-context.md
]]>
</failure>
<system-out>
<![CDATA[
[[ATTACHMENT|test-results\ui-crm-onlytests-CRM-Mobil-fd744-ould-work-on-tablet-devices-CRM-Desktop---OnlyTests\test-failed-1.png]]

[[ATTACHMENT|test-results\ui-crm-onlytests-CRM-Mobil-fd744-ould-work-on-tablet-devices-CRM-Desktop---OnlyTests\video.webm]]

[[ATTACHMENT|test-results\ui-crm-onlytests-CRM-Mobil-fd744-ould-work-on-tablet-devices-CRM-Desktop---OnlyTests\error-context.md]]
]]>
</system-out>
</testcase>
</testsuite>
<testsuite name="ui\crm-onlytests.spec.ts" timestamp="2025-09-25T16:07:00.269Z" hostname="CRM Mobile - OnlyTests" tests="20" failures="19" skipped="0" time="253.41" errors="0">
<testcase name="CRM Projects - OnlyTests Approach › should create new project" classname="ui\crm-onlytests.spec.ts" time="13.772">
<failure message="crm-onlytests.spec.ts:10:7 should create new project" type="FAILURE">
<![CDATA[  [CRM Mobile - OnlyTests] › ui\crm-onlytests.spec.ts:10:7 › CRM Projects - OnlyTests Approach › should create new project 

    TimeoutError: locator.click: Timeout 10000ms exceeded.
    Call log:
      - waiting for getByRole('button', { name: 'New Project' })


       at ..\src\pages\projects-page.ts:44

      42 |
      43 |   async createProject(name: string, description: string, priority: string = 'medium'): Promise<void> {
    > 44 |     await this.newProjectButton.click();
         |                                 ^
      45 |     await this.projectNameInput.fill(name);
      46 |     await this.projectDescriptionInput.fill(description);
      47 |     await this.prioritySelect.selectOption(priority);
        at ProjectsPage.createProject (E:\My\AI-Fitness_Coach_360\dev-crm\src\pages\projects-page.ts:44:33)
        at E:\My\AI-Fitness_Coach_360\dev-crm\tests\ui\crm-onlytests.spec.ts:12:24

    attachment #1: screenshot (image/png) ──────────────────────────────────────────────────────────
    ..\test-results\ui-crm-onlytests-CRM-Proje-edb53-h-should-create-new-project-CRM-Mobile---OnlyTests\test-failed-1.png
    ────────────────────────────────────────────────────────────────────────────────────────────────

    attachment #2: video (video/webm) ──────────────────────────────────────────────────────────────
    ..\test-results\ui-crm-onlytests-CRM-Proje-edb53-h-should-create-new-project-CRM-Mobile---OnlyTests\video.webm
    ────────────────────────────────────────────────────────────────────────────────────────────────

    Error Context: ..\test-results\ui-crm-onlytests-CRM-Proje-edb53-h-should-create-new-project-CRM-Mobile---OnlyTests\error-context.md
]]>
</failure>
<system-out>
<![CDATA[
[[ATTACHMENT|test-results\ui-crm-onlytests-CRM-Proje-edb53-h-should-create-new-project-CRM-Mobile---OnlyTests\test-failed-1.png]]

[[ATTACHMENT|test-results\ui-crm-onlytests-CRM-Proje-edb53-h-should-create-new-project-CRM-Mobile---OnlyTests\video.webm]]

[[ATTACHMENT|test-results\ui-crm-onlytests-CRM-Proje-edb53-h-should-create-new-project-CRM-Mobile---OnlyTests\error-context.md]]
]]>
</system-out>
</testcase>
<testcase name="CRM Projects - OnlyTests Approach › should create project with AI analysis" classname="ui\crm-onlytests.spec.ts" time="13.955">
<failure message="crm-onlytests.spec.ts:18:7 should create project with AI analysis" type="FAILURE">
<![CDATA[  [CRM Mobile - OnlyTests] › ui\crm-onlytests.spec.ts:18:7 › CRM Projects - OnlyTests Approach › should create project with AI analysis 

    TimeoutError: locator.click: Timeout 10000ms exceeded.
    Call log:
      - waiting for getByRole('button', { name: 'New Project' })


       at ..\src\pages\projects-page.ts:52

      50 |
      51 |   async createProjectWithAI(name: string, description: string, priority: string = 'high'): Promise<void> {
    > 52 |     await this.newProjectButton.click();
         |                                 ^
      53 |     await this.projectNameInput.fill(name);
      54 |     await this.projectDescriptionInput.fill(description);
      55 |     await this.prioritySelect.selectOption(priority);
        at ProjectsPage.createProjectWithAI (E:\My\AI-Fitness_Coach_360\dev-crm\src\pages\projects-page.ts:52:33)
        at E:\My\AI-Fitness_Coach_360\dev-crm\tests\ui\crm-onlytests.spec.ts:20:24

    attachment #1: screenshot (image/png) ──────────────────────────────────────────────────────────
    ..\test-results\ui-crm-onlytests-CRM-Proje-b1d10-te-project-with-AI-analysis-CRM-Mobile---OnlyTests\test-failed-1.png
    ────────────────────────────────────────────────────────────────────────────────────────────────

    attachment #2: video (video/webm) ──────────────────────────────────────────────────────────────
    ..\test-results\ui-crm-onlytests-CRM-Proje-b1d10-te-project-with-AI-analysis-CRM-Mobile---OnlyTests\video.webm
    ────────────────────────────────────────────────────────────────────────────────────────────────

    Error Context: ..\test-results\ui-crm-onlytests-CRM-Proje-b1d10-te-project-with-AI-analysis-CRM-Mobile---OnlyTests\error-context.md
]]>
</failure>
<system-out>
<![CDATA[
[[ATTACHMENT|test-results\ui-crm-onlytests-CRM-Proje-b1d10-te-project-with-AI-analysis-CRM-Mobile---OnlyTests\test-failed-1.png]]

[[ATTACHMENT|test-results\ui-crm-onlytests-CRM-Proje-b1d10-te-project-with-AI-analysis-CRM-Mobile---OnlyTests\video.webm]]

[[ATTACHMENT|test-results\ui-crm-onlytests-CRM-Proje-b1d10-te-project-with-AI-analysis-CRM-Mobile---OnlyTests\error-context.md]]
]]>
</system-out>
</testcase>
<testcase name="CRM Projects - OnlyTests Approach › should delete project" classname="ui\crm-onlytests.spec.ts" time="13.96">
<failure message="crm-onlytests.spec.ts:26:7 should delete project" type="FAILURE">
<![CDATA[  [CRM Mobile - OnlyTests] › ui\crm-onlytests.spec.ts:26:7 › CRM Projects - OnlyTests Approach › should delete project 

    TimeoutError: locator.click: Timeout 10000ms exceeded.
    Call log:
      - waiting for getByRole('button', { name: 'New Project' })


       at ..\src\pages\projects-page.ts:44

      42 |
      43 |   async createProject(name: string, description: string, priority: string = 'medium'): Promise<void> {
    > 44 |     await this.newProjectButton.click();
         |                                 ^
      45 |     await this.projectNameInput.fill(name);
      46 |     await this.projectDescriptionInput.fill(description);
      47 |     await this.prioritySelect.selectOption(priority);
        at ProjectsPage.createProject (E:\My\AI-Fitness_Coach_360\dev-crm\src\pages\projects-page.ts:44:33)
        at E:\My\AI-Fitness_Coach_360\dev-crm\tests\ui\crm-onlytests.spec.ts:29:24

    attachment #1: screenshot (image/png) ──────────────────────────────────────────────────────────
    ..\test-results\ui-crm-onlytests-CRM-Proje-3ece7-roach-should-delete-project-CRM-Mobile---OnlyTests\test-failed-1.png
    ────────────────────────────────────────────────────────────────────────────────────────────────

    attachment #2: video (video/webm) ──────────────────────────────────────────────────────────────
    ..\test-results\ui-crm-onlytests-CRM-Proje-3ece7-roach-should-delete-project-CRM-Mobile---OnlyTests\video.webm
    ────────────────────────────────────────────────────────────────────────────────────────────────

    Error Context: ..\test-results\ui-crm-onlytests-CRM-Proje-3ece7-roach-should-delete-project-CRM-Mobile---OnlyTests\error-context.md
]]>
</failure>
<system-out>
<![CDATA[
[[ATTACHMENT|test-results\ui-crm-onlytests-CRM-Proje-3ece7-roach-should-delete-project-CRM-Mobile---OnlyTests\test-failed-1.png]]

[[ATTACHMENT|test-results\ui-crm-onlytests-CRM-Proje-3ece7-roach-should-delete-project-CRM-Mobile---OnlyTests\video.webm]]

[[ATTACHMENT|test-results\ui-crm-onlytests-CRM-Proje-3ece7-roach-should-delete-project-CRM-Mobile---OnlyTests\error-context.md]]
]]>
</system-out>
</testcase>
<testcase name="CRM Tasks - OnlyTests Approach › should create new task" classname="ui\crm-onlytests.spec.ts" time="13.894">
<failure message="crm-onlytests.spec.ts:41:7 should create new task" type="FAILURE">
<![CDATA[  [CRM Mobile - OnlyTests] › ui\crm-onlytests.spec.ts:41:7 › CRM Tasks - OnlyTests Approach › should create new task 

    TimeoutError: locator.click: Timeout 10000ms exceeded.
    Call log:
      - waiting for getByRole('button', { name: 'New Task' })


       at ..\src\pages\tasks-page.ts:44

      42 |
      43 |   async createTask(title: string, description: string, priority: string = 'medium'): Promise<void> {
    > 44 |     await this.newTaskButton.click();
         |                              ^
      45 |     await this.taskTitleInput.fill(title);
      46 |     await this.taskDescriptionInput.fill(description);
      47 |     await this.prioritySelect.selectOption(priority);
        at TasksPage.createTask (E:\My\AI-Fitness_Coach_360\dev-crm\src\pages\tasks-page.ts:44:30)
        at E:\My\AI-Fitness_Coach_360\dev-crm\tests\ui\crm-onlytests.spec.ts:43:21

    attachment #1: screenshot (image/png) ──────────────────────────────────────────────────────────
    ..\test-results\ui-crm-onlytests-CRM-Tasks-3103b-oach-should-create-new-task-CRM-Mobile---OnlyTests\test-failed-1.png
    ────────────────────────────────────────────────────────────────────────────────────────────────

    attachment #2: video (video/webm) ──────────────────────────────────────────────────────────────
    ..\test-results\ui-crm-onlytests-CRM-Tasks-3103b-oach-should-create-new-task-CRM-Mobile---OnlyTests\video.webm
    ────────────────────────────────────────────────────────────────────────────────────────────────

    Error Context: ..\test-results\ui-crm-onlytests-CRM-Tasks-3103b-oach-should-create-new-task-CRM-Mobile---OnlyTests\error-context.md
]]>
</failure>
<system-out>
<![CDATA[
[[ATTACHMENT|test-results\ui-crm-onlytests-CRM-Tasks-3103b-oach-should-create-new-task-CRM-Mobile---OnlyTests\test-failed-1.png]]

[[ATTACHMENT|test-results\ui-crm-onlytests-CRM-Tasks-3103b-oach-should-create-new-task-CRM-Mobile---OnlyTests\video.webm]]

[[ATTACHMENT|test-results\ui-crm-onlytests-CRM-Tasks-3103b-oach-should-create-new-task-CRM-Mobile---OnlyTests\error-context.md]]
]]>
</system-out>
</testcase>
<testcase name="CRM Tasks - OnlyTests Approach › should create task with AI recommendations" classname="ui\crm-onlytests.spec.ts" time="13.847">
<failure message="crm-onlytests.spec.ts:49:7 should create task with AI recommendations" type="FAILURE">
<![CDATA[  [CRM Mobile - OnlyTests] › ui\crm-onlytests.spec.ts:49:7 › CRM Tasks - OnlyTests Approach › should create task with AI recommendations 

    TimeoutError: locator.click: Timeout 10000ms exceeded.
    Call log:
      - waiting for getByRole('button', { name: 'New Task' })


       at ..\src\pages\tasks-page.ts:52

      50 |
      51 |   async createTaskWithAI(title: string, description: string, priority: string = 'high'): Promise<void> {
    > 52 |     await this.newTaskButton.click();
         |                              ^
      53 |     await this.taskTitleInput.fill(title);
      54 |     await this.taskDescriptionInput.fill(description);
      55 |     await this.prioritySelect.selectOption(priority);
        at TasksPage.createTaskWithAI (E:\My\AI-Fitness_Coach_360\dev-crm\src\pages\tasks-page.ts:52:30)
        at E:\My\AI-Fitness_Coach_360\dev-crm\tests\ui\crm-onlytests.spec.ts:51:21

    attachment #1: screenshot (image/png) ──────────────────────────────────────────────────────────
    ..\test-results\ui-crm-onlytests-CRM-Tasks-0decd-ask-with-AI-recommendations-CRM-Mobile---OnlyTests\test-failed-1.png
    ────────────────────────────────────────────────────────────────────────────────────────────────

    attachment #2: video (video/webm) ──────────────────────────────────────────────────────────────
    ..\test-results\ui-crm-onlytests-CRM-Tasks-0decd-ask-with-AI-recommendations-CRM-Mobile---OnlyTests\video.webm
    ────────────────────────────────────────────────────────────────────────────────────────────────

    Error Context: ..\test-results\ui-crm-onlytests-CRM-Tasks-0decd-ask-with-AI-recommendations-CRM-Mobile---OnlyTests\error-context.md
]]>
</failure>
<system-out>
<![CDATA[
[[ATTACHMENT|test-results\ui-crm-onlytests-CRM-Tasks-0decd-ask-with-AI-recommendations-CRM-Mobile---OnlyTests\test-failed-1.png]]

[[ATTACHMENT|test-results\ui-crm-onlytests-CRM-Tasks-0decd-ask-with-AI-recommendations-CRM-Mobile---OnlyTests\video.webm]]

[[ATTACHMENT|test-results\ui-crm-onlytests-CRM-Tasks-0decd-ask-with-AI-recommendations-CRM-Mobile---OnlyTests\error-context.md]]
]]>
</system-out>
</testcase>
<testcase name="CRM Tasks - OnlyTests Approach › should update task status" classname="ui\crm-onlytests.spec.ts" time="13.185">
<failure message="crm-onlytests.spec.ts:57:7 should update task status" type="FAILURE">
<![CDATA[  [CRM Mobile - OnlyTests] › ui\crm-onlytests.spec.ts:57:7 › CRM Tasks - OnlyTests Approach › should update task status 

    TimeoutError: locator.click: Timeout 10000ms exceeded.
    Call log:
      - waiting for getByRole('button', { name: 'New Task' })


       at ..\src\pages\tasks-page.ts:44

      42 |
      43 |   async createTask(title: string, description: string, priority: string = 'medium'): Promise<void> {
    > 44 |     await this.newTaskButton.click();
         |                              ^
      45 |     await this.taskTitleInput.fill(title);
      46 |     await this.taskDescriptionInput.fill(description);
      47 |     await this.prioritySelect.selectOption(priority);
        at TasksPage.createTask (E:\My\AI-Fitness_Coach_360\dev-crm\src\pages\tasks-page.ts:44:30)
        at E:\My\AI-Fitness_Coach_360\dev-crm\tests\ui\crm-onlytests.spec.ts:59:21

    attachment #1: screenshot (image/png) ──────────────────────────────────────────────────────────
    ..\test-results\ui-crm-onlytests-CRM-Tasks-c3905-h-should-update-task-status-CRM-Mobile---OnlyTests\test-failed-1.png
    ────────────────────────────────────────────────────────────────────────────────────────────────

    attachment #2: video (video/webm) ──────────────────────────────────────────────────────────────
    ..\test-results\ui-crm-onlytests-CRM-Tasks-c3905-h-should-update-task-status-CRM-Mobile---OnlyTests\video.webm
    ────────────────────────────────────────────────────────────────────────────────────────────────

    Error Context: ..\test-results\ui-crm-onlytests-CRM-Tasks-c3905-h-should-update-task-status-CRM-Mobile---OnlyTests\error-context.md
]]>
</failure>
<system-out>
<![CDATA[
[[ATTACHMENT|test-results\ui-crm-onlytests-CRM-Tasks-c3905-h-should-update-task-status-CRM-Mobile---OnlyTests\test-failed-1.png]]

[[ATTACHMENT|test-results\ui-crm-onlytests-CRM-Tasks-c3905-h-should-update-task-status-CRM-Mobile---OnlyTests\video.webm]]

[[ATTACHMENT|test-results\ui-crm-onlytests-CRM-Tasks-c3905-h-should-update-task-status-CRM-Mobile---OnlyTests\error-context.md]]
]]>
</system-out>
</testcase>
<testcase name="CRM AI Integration - OnlyTests Approach › should test all AI services" classname="ui\crm-onlytests.spec.ts" time="12.893">
<failure message="crm-onlytests.spec.ts:70:7 should test all AI services" type="FAILURE">
<![CDATA[  [CRM Mobile - OnlyTests] › ui\crm-onlytests.spec.ts:70:7 › CRM AI Integration - OnlyTests Approach › should test all AI services 

    TimeoutError: locator.click: Timeout 10000ms exceeded.
    Call log:
      - waiting for getByRole('button', { name: 'Test OpenRouter Connection' })


       at ..\src\pages\ai-settings-page.ts:32

      30 |
      31 |   async testOpenRouterConnection(): Promise<boolean> {
    > 32 |     await this.testOpenRouterButton.click();
         |                                     ^
      33 |     try {
      34 |       await this.page.getByText('OpenRouter: Connected').waitFor({ timeout: 10000 });
      35 |       return true;
        at AISettingsPage.testOpenRouterConnection (E:\My\AI-Fitness_Coach_360\dev-crm\src\pages\ai-settings-page.ts:32:37)
        at AISettingsPage.testAllAIServices (E:\My\AI-Fitness_Coach_360\dev-crm\src\pages\ai-settings-page.ts:62:35)
        at E:\My\AI-Fitness_Coach_360\dev-crm\tests\ui\crm-onlytests.spec.ts:73:42

    attachment #1: screenshot (image/png) ──────────────────────────────────────────────────────────
    ..\test-results\ui-crm-onlytests-CRM-AI-In-47147-should-test-all-AI-services-CRM-Mobile---OnlyTests\test-failed-1.png
    ────────────────────────────────────────────────────────────────────────────────────────────────

    attachment #2: video (video/webm) ──────────────────────────────────────────────────────────────
    ..\test-results\ui-crm-onlytests-CRM-AI-In-47147-should-test-all-AI-services-CRM-Mobile---OnlyTests\video.webm
    ────────────────────────────────────────────────────────────────────────────────────────────────

    Error Context: ..\test-results\ui-crm-onlytests-CRM-AI-In-47147-should-test-all-AI-services-CRM-Mobile---OnlyTests\error-context.md
]]>
</failure>
<system-out>
<![CDATA[
[[ATTACHMENT|test-results\ui-crm-onlytests-CRM-AI-In-47147-should-test-all-AI-services-CRM-Mobile---OnlyTests\test-failed-1.png]]

[[ATTACHMENT|test-results\ui-crm-onlytests-CRM-AI-In-47147-should-test-all-AI-services-CRM-Mobile---OnlyTests\video.webm]]

[[ATTACHMENT|test-results\ui-crm-onlytests-CRM-AI-In-47147-should-test-all-AI-services-CRM-Mobile---OnlyTests\error-context.md]]
]]>
</system-out>
</testcase>
<testcase name="CRM AI Integration - OnlyTests Approach › should handle AI service failure gracefully" classname="ui\crm-onlytests.spec.ts" time="12.986">
<failure message="crm-onlytests.spec.ts:80:7 should handle AI service failure gracefully" type="FAILURE">
<![CDATA[  [CRM Mobile - OnlyTests] › ui\crm-onlytests.spec.ts:80:7 › CRM AI Integration - OnlyTests Approach › should handle AI service failure gracefully 

    TimeoutError: locator.click: Timeout 10000ms exceeded.
    Call log:
      - waiting for getByRole('button', { name: 'Test OpenRouter Connection' })


       at ..\src\pages\ai-settings-page.ts:32

      30 |
      31 |   async testOpenRouterConnection(): Promise<boolean> {
    > 32 |     await this.testOpenRouterButton.click();
         |                                     ^
      33 |     try {
      34 |       await this.page.getByText('OpenRouter: Connected').waitFor({ timeout: 10000 });
      35 |       return true;
        at AISettingsPage.testOpenRouterConnection (E:\My\AI-Fitness_Coach_360\dev-crm\src\pages\ai-settings-page.ts:32:37)
        at E:\My\AI-Fitness_Coach_360\dev-crm\tests\ui\crm-onlytests.spec.ts:88:54

    attachment #1: screenshot (image/png) ──────────────────────────────────────────────────────────
    ..\test-results\ui-crm-onlytests-CRM-AI-In-eec6b--service-failure-gracefully-CRM-Mobile---OnlyTests\test-failed-1.png
    ────────────────────────────────────────────────────────────────────────────────────────────────

    attachment #2: video (video/webm) ──────────────────────────────────────────────────────────────
    ..\test-results\ui-crm-onlytests-CRM-AI-In-eec6b--service-failure-gracefully-CRM-Mobile---OnlyTests\video.webm
    ────────────────────────────────────────────────────────────────────────────────────────────────

    Error Context: ..\test-results\ui-crm-onlytests-CRM-AI-In-eec6b--service-failure-gracefully-CRM-Mobile---OnlyTests\error-context.md
]]>
</failure>
<system-out>
<![CDATA[
[[ATTACHMENT|test-results\ui-crm-onlytests-CRM-AI-In-eec6b--service-failure-gracefully-CRM-Mobile---OnlyTests\test-failed-1.png]]

[[ATTACHMENT|test-results\ui-crm-onlytests-CRM-AI-In-eec6b--service-failure-gracefully-CRM-Mobile---OnlyTests\video.webm]]

[[ATTACHMENT|test-results\ui-crm-onlytests-CRM-AI-In-eec6b--service-failure-gracefully-CRM-Mobile---OnlyTests\error-context.md]]
]]>
</system-out>
</testcase>
<testcase name="CRM AI Integration - OnlyTests Approach › should test individual AI services" classname="ui\crm-onlytests.spec.ts" time="13.051">
<failure message="crm-onlytests.spec.ts:92:7 should test individual AI services" type="FAILURE">
<![CDATA[  [CRM Mobile - OnlyTests] › ui\crm-onlytests.spec.ts:92:7 › CRM AI Integration - OnlyTests Approach › should test individual AI services 

    TimeoutError: locator.click: Timeout 10000ms exceeded.
    Call log:
      - waiting for getByRole('button', { name: 'Test OpenRouter Connection' })


       at ..\src\pages\ai-settings-page.ts:32

      30 |
      31 |   async testOpenRouterConnection(): Promise<boolean> {
    > 32 |     await this.testOpenRouterButton.click();
         |                                     ^
      33 |     try {
      34 |       await this.page.getByText('OpenRouter: Connected').waitFor({ timeout: 10000 });
      35 |       return true;
        at AISettingsPage.testOpenRouterConnection (E:\My\AI-Fitness_Coach_360\dev-crm\src\pages\ai-settings-page.ts:32:37)
        at E:\My\AI-Fitness_Coach_360\dev-crm\tests\ui\crm-onlytests.spec.ts:95:54

    attachment #1: screenshot (image/png) ──────────────────────────────────────────────────────────
    ..\test-results\ui-crm-onlytests-CRM-AI-In-35e65-test-individual-AI-services-CRM-Mobile---OnlyTests\test-failed-1.png
    ────────────────────────────────────────────────────────────────────────────────────────────────

    attachment #2: video (video/webm) ──────────────────────────────────────────────────────────────
    ..\test-results\ui-crm-onlytests-CRM-AI-In-35e65-test-individual-AI-services-CRM-Mobile---OnlyTests\video.webm
    ────────────────────────────────────────────────────────────────────────────────────────────────

    Error Context: ..\test-results\ui-crm-onlytests-CRM-AI-In-35e65-test-individual-AI-services-CRM-Mobile---OnlyTests\error-context.md
]]>
</failure>
<system-out>
<![CDATA[
[[ATTACHMENT|test-results\ui-crm-onlytests-CRM-AI-In-35e65-test-individual-AI-services-CRM-Mobile---OnlyTests\test-failed-1.png]]

[[ATTACHMENT|test-results\ui-crm-onlytests-CRM-AI-In-35e65-test-individual-AI-services-CRM-Mobile---OnlyTests\video.webm]]

[[ATTACHMENT|test-results\ui-crm-onlytests-CRM-AI-In-35e65-test-individual-AI-services-CRM-Mobile---OnlyTests\error-context.md]]
]]>
</system-out>
</testcase>
<testcase name="CRM User Workflows - OnlyTests Approach › should complete full project workflow" classname="ui\crm-onlytests.spec.ts" time="13.184">
<failure message="crm-onlytests.spec.ts:106:7 should complete full project workflow" type="FAILURE">
<![CDATA[  [CRM Mobile - OnlyTests] › ui\crm-onlytests.spec.ts:106:7 › CRM User Workflows - OnlyTests Approach › should complete full project workflow 

    TimeoutError: locator.click: Timeout 10000ms exceeded.
    Call log:
      - waiting for getByRole('button', { name: 'New Project' })


       at ..\src\pages\projects-page.ts:52

      50 |
      51 |   async createProjectWithAI(name: string, description: string, priority: string = 'high'): Promise<void> {
    > 52 |     await this.newProjectButton.click();
         |                                 ^
      53 |     await this.projectNameInput.fill(name);
      54 |     await this.projectDescriptionInput.fill(description);
      55 |     await this.prioritySelect.selectOption(priority);
        at ProjectsPage.createProjectWithAI (E:\My\AI-Fitness_Coach_360\dev-crm\src\pages\projects-page.ts:52:33)
        at E:\My\AI-Fitness_Coach_360\dev-crm\tests\ui\crm-onlytests.spec.ts:109:24

    attachment #1: screenshot (image/png) ──────────────────────────────────────────────────────────
    ..\test-results\ui-crm-onlytests-CRM-User--ed24f-plete-full-project-workflow-CRM-Mobile---OnlyTests\test-failed-1.png
    ────────────────────────────────────────────────────────────────────────────────────────────────

    attachment #2: video (video/webm) ──────────────────────────────────────────────────────────────
    ..\test-results\ui-crm-onlytests-CRM-User--ed24f-plete-full-project-workflow-CRM-Mobile---OnlyTests\video.webm
    ────────────────────────────────────────────────────────────────────────────────────────────────

    Error Context: ..\test-results\ui-crm-onlytests-CRM-User--ed24f-plete-full-project-workflow-CRM-Mobile---OnlyTests\error-context.md
]]>
</failure>
<system-out>
<![CDATA[
[[ATTACHMENT|test-results\ui-crm-onlytests-CRM-User--ed24f-plete-full-project-workflow-CRM-Mobile---OnlyTests\test-failed-1.png]]

[[ATTACHMENT|test-results\ui-crm-onlytests-CRM-User--ed24f-plete-full-project-workflow-CRM-Mobile---OnlyTests\video.webm]]

[[ATTACHMENT|test-results\ui-crm-onlytests-CRM-User--ed24f-plete-full-project-workflow-CRM-Mobile---OnlyTests\error-context.md]]
]]>
</system-out>
</testcase>
<testcase name="CRM User Workflows - OnlyTests Approach › should handle project with multiple tasks" classname="ui\crm-onlytests.spec.ts" time="13.079">
<failure message="crm-onlytests.spec.ts:129:7 should handle project with multiple tasks" type="FAILURE">
<![CDATA[  [CRM Mobile - OnlyTests] › ui\crm-onlytests.spec.ts:129:7 › CRM User Workflows - OnlyTests Approach › should handle project with multiple tasks 

    TimeoutError: locator.click: Timeout 10000ms exceeded.
    Call log:
      - waiting for getByRole('button', { name: 'New Project' })


       at ..\src\pages\projects-page.ts:44

      42 |
      43 |   async createProject(name: string, description: string, priority: string = 'medium'): Promise<void> {
    > 44 |     await this.newProjectButton.click();
         |                                 ^
      45 |     await this.projectNameInput.fill(name);
      46 |     await this.projectDescriptionInput.fill(description);
      47 |     await this.prioritySelect.selectOption(priority);
        at ProjectsPage.createProject (E:\My\AI-Fitness_Coach_360\dev-crm\src\pages\projects-page.ts:44:33)
        at E:\My\AI-Fitness_Coach_360\dev-crm\tests\ui\crm-onlytests.spec.ts:132:24

    attachment #1: screenshot (image/png) ──────────────────────────────────────────────────────────
    ..\test-results\ui-crm-onlytests-CRM-User--83033-project-with-multiple-tasks-CRM-Mobile---OnlyTests\test-failed-1.png
    ────────────────────────────────────────────────────────────────────────────────────────────────

    attachment #2: video (video/webm) ──────────────────────────────────────────────────────────────
    ..\test-results\ui-crm-onlytests-CRM-User--83033-project-with-multiple-tasks-CRM-Mobile---OnlyTests\video.webm
    ────────────────────────────────────────────────────────────────────────────────────────────────

    Error Context: ..\test-results\ui-crm-onlytests-CRM-User--83033-project-with-multiple-tasks-CRM-Mobile---OnlyTests\error-context.md
]]>
</failure>
<system-out>
<![CDATA[
[[ATTACHMENT|test-results\ui-crm-onlytests-CRM-User--83033-project-with-multiple-tasks-CRM-Mobile---OnlyTests\test-failed-1.png]]

[[ATTACHMENT|test-results\ui-crm-onlytests-CRM-User--83033-project-with-multiple-tasks-CRM-Mobile---OnlyTests\video.webm]]

[[ATTACHMENT|test-results\ui-crm-onlytests-CRM-User--83033-project-with-multiple-tasks-CRM-Mobile---OnlyTests\error-context.md]]
]]>
</system-out>
</testcase>
<testcase name="CRM Error Handling - OnlyTests Approach › should handle network errors gracefully" classname="ui\crm-onlytests.spec.ts" time="13.035">
<failure message="crm-onlytests.spec.ts:152:7 should handle network errors gracefully" type="FAILURE">
<![CDATA[  [CRM Mobile - OnlyTests] › ui\crm-onlytests.spec.ts:152:7 › CRM Error Handling - OnlyTests Approach › should handle network errors gracefully 

    TimeoutError: locator.click: Timeout 10000ms exceeded.
    Call log:
      - waiting for getByRole('button', { name: 'New Project' })


       at ..\src\pages\projects-page.ts:44

      42 |
      43 |   async createProject(name: string, description: string, priority: string = 'medium'): Promise<void> {
    > 44 |     await this.newProjectButton.click();
         |                                 ^
      45 |     await this.projectNameInput.fill(name);
      46 |     await this.projectDescriptionInput.fill(description);
      47 |     await this.prioritySelect.selectOption(priority);
        at ProjectsPage.createProject (E:\My\AI-Fitness_Coach_360\dev-crm\src\pages\projects-page.ts:44:33)
        at E:\My\AI-Fitness_Coach_360\dev-crm\tests\ui\crm-onlytests.spec.ts:159:24

    attachment #1: screenshot (image/png) ──────────────────────────────────────────────────────────
    ..\test-results\ui-crm-onlytests-CRM-Error-4ad97-e-network-errors-gracefully-CRM-Mobile---OnlyTests\test-failed-1.png
    ────────────────────────────────────────────────────────────────────────────────────────────────

    attachment #2: video (video/webm) ──────────────────────────────────────────────────────────────
    ..\test-results\ui-crm-onlytests-CRM-Error-4ad97-e-network-errors-gracefully-CRM-Mobile---OnlyTests\video.webm
    ────────────────────────────────────────────────────────────────────────────────────────────────

    Error Context: ..\test-results\ui-crm-onlytests-CRM-Error-4ad97-e-network-errors-gracefully-CRM-Mobile---OnlyTests\error-context.md
]]>
</failure>
<system-out>
<![CDATA[
[[ATTACHMENT|test-results\ui-crm-onlytests-CRM-Error-4ad97-e-network-errors-gracefully-CRM-Mobile---OnlyTests\test-failed-1.png]]

[[ATTACHMENT|test-results\ui-crm-onlytests-CRM-Error-4ad97-e-network-errors-gracefully-CRM-Mobile---OnlyTests\video.webm]]

[[ATTACHMENT|test-results\ui-crm-onlytests-CRM-Error-4ad97-e-network-errors-gracefully-CRM-Mobile---OnlyTests\error-context.md]]
]]>
</system-out>
</testcase>
<testcase name="CRM Error Handling - OnlyTests Approach › should handle validation errors" classname="ui\crm-onlytests.spec.ts" time="12.92">
<failure message="crm-onlytests.spec.ts:166:7 should handle validation errors" type="FAILURE">
<![CDATA[  [CRM Mobile - OnlyTests] › ui\crm-onlytests.spec.ts:166:7 › CRM Error Handling - OnlyTests Approach › should handle validation errors 

    TimeoutError: locator.click: Timeout 10000ms exceeded.
    Call log:
      - waiting for getByRole('button', { name: 'New Project' })


      168 |     
      169 |     // Попытка создания проекта с пустым именем
    > 170 |     await projectsPage.newProjectButton.click();
          |                                         ^
      171 |     await projectsPage.saveProjectButton.click();
      172 |     
      173 |     // Проверка валидации
        at E:\My\AI-Fitness_Coach_360\dev-crm\tests\ui\crm-onlytests.spec.ts:170:41

    attachment #1: screenshot (image/png) ──────────────────────────────────────────────────────────
    ..\test-results\ui-crm-onlytests-CRM-Error-1dec1-ld-handle-validation-errors-CRM-Mobile---OnlyTests\test-failed-1.png
    ────────────────────────────────────────────────────────────────────────────────────────────────

    attachment #2: video (video/webm) ──────────────────────────────────────────────────────────────
    ..\test-results\ui-crm-onlytests-CRM-Error-1dec1-ld-handle-validation-errors-CRM-Mobile---OnlyTests\video.webm
    ────────────────────────────────────────────────────────────────────────────────────────────────

    Error Context: ..\test-results\ui-crm-onlytests-CRM-Error-1dec1-ld-handle-validation-errors-CRM-Mobile---OnlyTests\error-context.md
]]>
</failure>
<system-out>
<![CDATA[
[[ATTACHMENT|test-results\ui-crm-onlytests-CRM-Error-1dec1-ld-handle-validation-errors-CRM-Mobile---OnlyTests\test-failed-1.png]]

[[ATTACHMENT|test-results\ui-crm-onlytests-CRM-Error-1dec1-ld-handle-validation-errors-CRM-Mobile---OnlyTests\video.webm]]

[[ATTACHMENT|test-results\ui-crm-onlytests-CRM-Error-1dec1-ld-handle-validation-errors-CRM-Mobile---OnlyTests\error-context.md]]
]]>
</system-out>
</testcase>
<testcase name="CRM Error Handling - OnlyTests Approach › should handle AI service timeout" classname="ui\crm-onlytests.spec.ts" time="12.241">
<failure message="crm-onlytests.spec.ts:177:7 should handle AI service timeout" type="FAILURE">
<![CDATA[  [CRM Mobile - OnlyTests] › ui\crm-onlytests.spec.ts:177:7 › CRM Error Handling - OnlyTests Approach › should handle AI service timeout 

    TimeoutError: locator.click: Timeout 10000ms exceeded.
    Call log:
      - waiting for getByRole('button', { name: 'Test OpenRouter Connection' })


       at ..\src\pages\ai-settings-page.ts:32

      30 |
      31 |   async testOpenRouterConnection(): Promise<boolean> {
    > 32 |     await this.testOpenRouterButton.click();
         |                                     ^
      33 |     try {
      34 |       await this.page.getByText('OpenRouter: Connected').waitFor({ timeout: 10000 });
      35 |       return true;
        at AISettingsPage.testOpenRouterConnection (E:\My\AI-Fitness_Coach_360\dev-crm\src\pages\ai-settings-page.ts:32:37)
        at E:\My\AI-Fitness_Coach_360\dev-crm\tests\ui\crm-onlytests.spec.ts:187:54

    attachment #1: screenshot (image/png) ──────────────────────────────────────────────────────────
    ..\test-results\ui-crm-onlytests-CRM-Error-5b80b-d-handle-AI-service-timeout-CRM-Mobile---OnlyTests\test-failed-1.png
    ────────────────────────────────────────────────────────────────────────────────────────────────

    attachment #2: video (video/webm) ──────────────────────────────────────────────────────────────
    ..\test-results\ui-crm-onlytests-CRM-Error-5b80b-d-handle-AI-service-timeout-CRM-Mobile---OnlyTests\video.webm
    ────────────────────────────────────────────────────────────────────────────────────────────────

    Error Context: ..\test-results\ui-crm-onlytests-CRM-Error-5b80b-d-handle-AI-service-timeout-CRM-Mobile---OnlyTests\error-context.md
]]>
</failure>
<system-out>
<![CDATA[
[[ATTACHMENT|test-results\ui-crm-onlytests-CRM-Error-5b80b-d-handle-AI-service-timeout-CRM-Mobile---OnlyTests\test-failed-1.png]]

[[ATTACHMENT|test-results\ui-crm-onlytests-CRM-Error-5b80b-d-handle-AI-service-timeout-CRM-Mobile---OnlyTests\video.webm]]

[[ATTACHMENT|test-results\ui-crm-onlytests-CRM-Error-5b80b-d-handle-AI-service-timeout-CRM-Mobile---OnlyTests\error-context.md]]
]]>
</system-out>
</testcase>
<testcase name="CRM Performance - OnlyTests Approach › should load pages within acceptable time" classname="ui\crm-onlytests.spec.ts" time="1.768">
</testcase>
<testcase name="CRM Performance - OnlyTests Approach › should handle large datasets efficiently" classname="ui\crm-onlytests.spec.ts" time="13.046">
<failure message="crm-onlytests.spec.ts:207:7 should handle large datasets efficiently" type="FAILURE">
<![CDATA[  [CRM Mobile - OnlyTests] › ui\crm-onlytests.spec.ts:207:7 › CRM Performance - OnlyTests Approach › should handle large datasets efficiently 

    Error: expect(locator).toBeVisible() failed

    Locator:  getByText('Project 1')
    Expected: visible
    Received: <element(s) not found>
    Timeout:  10000ms

    Call log:
      - Expect "toBeVisible" with timeout 10000ms
      - waiting for getByText('Project 1')


      220 |     
      221 |     // Проверка загрузки большого количества проектов
    > 222 |     await expect(projectsPage.page.getByText('Project 1')).toBeVisible();
          |                                                            ^
      223 |     await expect(projectsPage.page.getByText('Project 100')).toBeVisible();
      224 |     
      225 |     // Проверка производительности пагинации
        at E:\My\AI-Fitness_Coach_360\dev-crm\tests\ui\crm-onlytests.spec.ts:222:60

    attachment #1: screenshot (image/png) ──────────────────────────────────────────────────────────
    ..\test-results\ui-crm-onlytests-CRM-Perfo-3e034--large-datasets-efficiently-CRM-Mobile---OnlyTests\test-failed-1.png
    ────────────────────────────────────────────────────────────────────────────────────────────────

    attachment #2: video (video/webm) ──────────────────────────────────────────────────────────────
    ..\test-results\ui-crm-onlytests-CRM-Perfo-3e034--large-datasets-efficiently-CRM-Mobile---OnlyTests\video.webm
    ────────────────────────────────────────────────────────────────────────────────────────────────

    Error Context: ..\test-results\ui-crm-onlytests-CRM-Perfo-3e034--large-datasets-efficiently-CRM-Mobile---OnlyTests\error-context.md
]]>
</failure>
<system-out>
<![CDATA[
[[ATTACHMENT|test-results\ui-crm-onlytests-CRM-Perfo-3e034--large-datasets-efficiently-CRM-Mobile---OnlyTests\test-failed-1.png]]

[[ATTACHMENT|test-results\ui-crm-onlytests-CRM-Perfo-3e034--large-datasets-efficiently-CRM-Mobile---OnlyTests\video.webm]]

[[ATTACHMENT|test-results\ui-crm-onlytests-CRM-Perfo-3e034--large-datasets-efficiently-CRM-Mobile---OnlyTests\error-context.md]]
]]>
</system-out>
</testcase>
<testcase name="CRM Accessibility - OnlyTests Approach › should support keyboard navigation" classname="ui\crm-onlytests.spec.ts" time="12.625">
<failure message="crm-onlytests.spec.ts:234:7 should support keyboard navigation" type="FAILURE">
<![CDATA[  [CRM Mobile - OnlyTests] › ui\crm-onlytests.spec.ts:234:7 › CRM Accessibility - OnlyTests Approach › should support keyboard navigation 

    Error: expect(locator).toBeFocused() failed

    Locator:  getByRole('button', { name: 'New Project' })
    Expected: focused
    Received: <element(s) not found>
    Timeout:  10000ms

    Call log:
      - Expect "toBeFocused" with timeout 10000ms
      - waiting for getByRole('button', { name: 'New Project' })


      241 |     
      242 |     // Проверка фокуса на кнопке
    > 243 |     await expect(projectsPage.newProjectButton).toBeFocused();
          |                                                 ^
      244 |   });
      245 |
      246 |   test('should have proper ARIA attributes', async ({ projectsPage }) => {
        at E:\My\AI-Fitness_Coach_360\dev-crm\tests\ui\crm-onlytests.spec.ts:243:49

    attachment #1: screenshot (image/png) ──────────────────────────────────────────────────────────
    ..\test-results\ui-crm-onlytests-CRM-Acces-605c1-support-keyboard-navigation-CRM-Mobile---OnlyTests\test-failed-1.png
    ────────────────────────────────────────────────────────────────────────────────────────────────

    attachment #2: video (video/webm) ──────────────────────────────────────────────────────────────
    ..\test-results\ui-crm-onlytests-CRM-Acces-605c1-support-keyboard-navigation-CRM-Mobile---OnlyTests\video.webm
    ────────────────────────────────────────────────────────────────────────────────────────────────

    Error Context: ..\test-results\ui-crm-onlytests-CRM-Acces-605c1-support-keyboard-navigation-CRM-Mobile---OnlyTests\error-context.md
]]>
</failure>
<system-out>
<![CDATA[
[[ATTACHMENT|test-results\ui-crm-onlytests-CRM-Acces-605c1-support-keyboard-navigation-CRM-Mobile---OnlyTests\test-failed-1.png]]

[[ATTACHMENT|test-results\ui-crm-onlytests-CRM-Acces-605c1-support-keyboard-navigation-CRM-Mobile---OnlyTests\video.webm]]

[[ATTACHMENT|test-results\ui-crm-onlytests-CRM-Acces-605c1-support-keyboard-navigation-CRM-Mobile---OnlyTests\error-context.md]]
]]>
</system-out>
</testcase>
<testcase name="CRM Accessibility - OnlyTests Approach › should have proper ARIA attributes" classname="ui\crm-onlytests.spec.ts" time="13.254">
<failure message="crm-onlytests.spec.ts:246:7 should have proper ARIA attributes" type="FAILURE">
<![CDATA[  [CRM Mobile - OnlyTests] › ui\crm-onlytests.spec.ts:246:7 › CRM Accessibility - OnlyTests Approach › should have proper ARIA attributes 

    Error: expect(locator).toBeVisible() failed

    Locator:  getByRole('button', { name: 'New Project' })
    Expected: visible
    Received: <element(s) not found>
    Timeout:  10000ms

    Call log:
      - Expect "toBeVisible" with timeout 10000ms
      - waiting for getByRole('button', { name: 'New Project' })


      248 |     
      249 |     // Проверка ARIA атрибутов
    > 250 |     await expect(projectsPage.newProjectButton).toBeVisible();
          |                                                 ^
      251 |     await expect(projectsPage.page.getByRole('heading', { name: 'Projects' })).toBeVisible();
      252 |     await expect(projectsPage.page.getByRole('main')).toBeVisible();
      253 |     await expect(projectsPage.page.getByRole('navigation')).toBeVisible();
        at E:\My\AI-Fitness_Coach_360\dev-crm\tests\ui\crm-onlytests.spec.ts:250:49

    attachment #1: screenshot (image/png) ──────────────────────────────────────────────────────────
    ..\test-results\ui-crm-onlytests-CRM-Acces-65dac-have-proper-ARIA-attributes-CRM-Mobile---OnlyTests\test-failed-1.png
    ────────────────────────────────────────────────────────────────────────────────────────────────

    attachment #2: video (video/webm) ──────────────────────────────────────────────────────────────
    ..\test-results\ui-crm-onlytests-CRM-Acces-65dac-have-proper-ARIA-attributes-CRM-Mobile---OnlyTests\video.webm
    ────────────────────────────────────────────────────────────────────────────────────────────────

    Error Context: ..\test-results\ui-crm-onlytests-CRM-Acces-65dac-have-proper-ARIA-attributes-CRM-Mobile---OnlyTests\error-context.md
]]>
</failure>
<system-out>
<![CDATA[
[[ATTACHMENT|test-results\ui-crm-onlytests-CRM-Acces-65dac-have-proper-ARIA-attributes-CRM-Mobile---OnlyTests\test-failed-1.png]]

[[ATTACHMENT|test-results\ui-crm-onlytests-CRM-Acces-65dac-have-proper-ARIA-attributes-CRM-Mobile---OnlyTests\video.webm]]

[[ATTACHMENT|test-results\ui-crm-onlytests-CRM-Acces-65dac-have-proper-ARIA-attributes-CRM-Mobile---OnlyTests\error-context.md]]
]]>
</system-out>
</testcase>
<testcase name="CRM Mobile - OnlyTests Approach › should work on mobile devices" classname="ui\crm-onlytests.spec.ts" time="13.169">
<failure message="crm-onlytests.spec.ts:258:7 should work on mobile devices" type="FAILURE">
<![CDATA[  [CRM Mobile - OnlyTests] › ui\crm-onlytests.spec.ts:258:7 › CRM Mobile - OnlyTests Approach › should work on mobile devices 

    TimeoutError: locator.click: Timeout 10000ms exceeded.
    Call log:
      - waiting for getByRole('button', { name: 'Menu' })


      263 |     
      264 |     // Проверка мобильного меню
    > 265 |     await projectsPage.page.getByRole('button', { name: 'Menu' }).click();
          |                                                                   ^
      266 |     await expect(projectsPage.page.getByRole('navigation')).toBeVisible();
      267 |     
      268 |     // Проверка создания проекта на мобильном
        at E:\My\AI-Fitness_Coach_360\dev-crm\tests\ui\crm-onlytests.spec.ts:265:67

    attachment #1: screenshot (image/png) ──────────────────────────────────────────────────────────
    ..\test-results\ui-crm-onlytests-CRM-Mobil-0b67b-ould-work-on-mobile-devices-CRM-Mobile---OnlyTests\test-failed-1.png
    ────────────────────────────────────────────────────────────────────────────────────────────────

    attachment #2: video (video/webm) ──────────────────────────────────────────────────────────────
    ..\test-results\ui-crm-onlytests-CRM-Mobil-0b67b-ould-work-on-mobile-devices-CRM-Mobile---OnlyTests\video.webm
    ────────────────────────────────────────────────────────────────────────────────────────────────

    Error Context: ..\test-results\ui-crm-onlytests-CRM-Mobil-0b67b-ould-work-on-mobile-devices-CRM-Mobile---OnlyTests\error-context.md
]]>
</failure>
<system-out>
<![CDATA[
[[ATTACHMENT|test-results\ui-crm-onlytests-CRM-Mobil-0b67b-ould-work-on-mobile-devices-CRM-Mobile---OnlyTests\test-failed-1.png]]

[[ATTACHMENT|test-results\ui-crm-onlytests-CRM-Mobil-0b67b-ould-work-on-mobile-devices-CRM-Mobile---OnlyTests\video.webm]]

[[ATTACHMENT|test-results\ui-crm-onlytests-CRM-Mobil-0b67b-ould-work-on-mobile-devices-CRM-Mobile---OnlyTests\error-context.md]]
]]>
</system-out>
</testcase>
<testcase name="CRM Mobile - OnlyTests Approach › should work on tablet devices" classname="ui\crm-onlytests.spec.ts" time="13.546">
<failure message="crm-onlytests.spec.ts:275:7 should work on tablet devices" type="FAILURE">
<![CDATA[  [CRM Mobile - OnlyTests] › ui\crm-onlytests.spec.ts:275:7 › CRM Mobile - OnlyTests Approach › should work on tablet devices 

    TimeoutError: locator.click: Timeout 10000ms exceeded.
    Call log:
      - waiting for getByRole('button', { name: 'New Task' })


       at ..\src\pages\tasks-page.ts:44

      42 |
      43 |   async createTask(title: string, description: string, priority: string = 'medium'): Promise<void> {
    > 44 |     await this.newTaskButton.click();
         |                              ^
      45 |     await this.taskTitleInput.fill(title);
      46 |     await this.taskDescriptionInput.fill(description);
      47 |     await this.prioritySelect.selectOption(priority);
        at TasksPage.createTask (E:\My\AI-Fitness_Coach_360\dev-crm\src\pages\tasks-page.ts:44:30)
        at E:\My\AI-Fitness_Coach_360\dev-crm\tests\ui\crm-onlytests.spec.ts:282:21

    attachment #1: screenshot (image/png) ──────────────────────────────────────────────────────────
    ..\test-results\ui-crm-onlytests-CRM-Mobil-fd744-ould-work-on-tablet-devices-CRM-Mobile---OnlyTests\test-failed-1.png
    ────────────────────────────────────────────────────────────────────────────────────────────────

    attachment #2: video (video/webm) ──────────────────────────────────────────────────────────────
    ..\test-results\ui-crm-onlytests-CRM-Mobil-fd744-ould-work-on-tablet-devices-CRM-Mobile---OnlyTests\video.webm
    ────────────────────────────────────────────────────────────────────────────────────────────────

    Error Context: ..\test-results\ui-crm-onlytests-CRM-Mobil-fd744-ould-work-on-tablet-devices-CRM-Mobile---OnlyTests\error-context.md
]]>
</failure>
<system-out>
<![CDATA[
[[ATTACHMENT|test-results\ui-crm-onlytests-CRM-Mobil-fd744-ould-work-on-tablet-devices-CRM-Mobile---OnlyTests\test-failed-1.png]]

[[ATTACHMENT|test-results\ui-crm-onlytests-CRM-Mobil-fd744-ould-work-on-tablet-devices-CRM-Mobile---OnlyTests\video.webm]]

[[ATTACHMENT|test-results\ui-crm-onlytests-CRM-Mobil-fd744-ould-work-on-tablet-devices-CRM-Mobile---OnlyTests\error-context.md]]
]]>
</system-out>
</testcase>
</testsuite>
<testsuite name="ui\crm-onlytests.spec.ts" timestamp="2025-09-25T16:07:00.269Z" hostname="CRM Tablet - OnlyTests" tests="20" failures="19" skipped="0" time="288.817" errors="0">
<testcase name="CRM Projects - OnlyTests Approach › should create new project" classname="ui\crm-onlytests.spec.ts" time="14.209">
<failure message="crm-onlytests.spec.ts:10:7 should create new project" type="FAILURE">
<![CDATA[  [CRM Tablet - OnlyTests] › ui\crm-onlytests.spec.ts:10:7 › CRM Projects - OnlyTests Approach › should create new project 

    TimeoutError: locator.click: Timeout 10000ms exceeded.
    Call log:
      - waiting for getByRole('button', { name: 'New Project' })


       at ..\src\pages\projects-page.ts:44

      42 |
      43 |   async createProject(name: string, description: string, priority: string = 'medium'): Promise<void> {
    > 44 |     await this.newProjectButton.click();
         |                                 ^
      45 |     await this.projectNameInput.fill(name);
      46 |     await this.projectDescriptionInput.fill(description);
      47 |     await this.prioritySelect.selectOption(priority);
        at ProjectsPage.createProject (E:\My\AI-Fitness_Coach_360\dev-crm\src\pages\projects-page.ts:44:33)
        at E:\My\AI-Fitness_Coach_360\dev-crm\tests\ui\crm-onlytests.spec.ts:12:24

    attachment #1: screenshot (image/png) ──────────────────────────────────────────────────────────
    ..\test-results\ui-crm-onlytests-CRM-Proje-edb53-h-should-create-new-project-CRM-Tablet---OnlyTests\test-failed-1.png
    ────────────────────────────────────────────────────────────────────────────────────────────────

    attachment #2: video (video/webm) ──────────────────────────────────────────────────────────────
    ..\test-results\ui-crm-onlytests-CRM-Proje-edb53-h-should-create-new-project-CRM-Tablet---OnlyTests\video.webm
    ────────────────────────────────────────────────────────────────────────────────────────────────

    Error Context: ..\test-results\ui-crm-onlytests-CRM-Proje-edb53-h-should-create-new-project-CRM-Tablet---OnlyTests\error-context.md
]]>
</failure>
<system-out>
<![CDATA[
[[ATTACHMENT|test-results\ui-crm-onlytests-CRM-Proje-edb53-h-should-create-new-project-CRM-Tablet---OnlyTests\test-failed-1.png]]

[[ATTACHMENT|test-results\ui-crm-onlytests-CRM-Proje-edb53-h-should-create-new-project-CRM-Tablet---OnlyTests\video.webm]]

[[ATTACHMENT|test-results\ui-crm-onlytests-CRM-Proje-edb53-h-should-create-new-project-CRM-Tablet---OnlyTests\error-context.md]]
]]>
</system-out>
</testcase>
<testcase name="CRM Projects - OnlyTests Approach › should create project with AI analysis" classname="ui\crm-onlytests.spec.ts" time="13.681">
<failure message="crm-onlytests.spec.ts:18:7 should create project with AI analysis" type="FAILURE">
<![CDATA[  [CRM Tablet - OnlyTests] › ui\crm-onlytests.spec.ts:18:7 › CRM Projects - OnlyTests Approach › should create project with AI analysis 

    TimeoutError: locator.click: Timeout 10000ms exceeded.
    Call log:
      - waiting for getByRole('button', { name: 'New Project' })


       at ..\src\pages\projects-page.ts:52

      50 |
      51 |   async createProjectWithAI(name: string, description: string, priority: string = 'high'): Promise<void> {
    > 52 |     await this.newProjectButton.click();
         |                                 ^
      53 |     await this.projectNameInput.fill(name);
      54 |     await this.projectDescriptionInput.fill(description);
      55 |     await this.prioritySelect.selectOption(priority);
        at ProjectsPage.createProjectWithAI (E:\My\AI-Fitness_Coach_360\dev-crm\src\pages\projects-page.ts:52:33)
        at E:\My\AI-Fitness_Coach_360\dev-crm\tests\ui\crm-onlytests.spec.ts:20:24

    attachment #1: screenshot (image/png) ──────────────────────────────────────────────────────────
    ..\test-results\ui-crm-onlytests-CRM-Proje-b1d10-te-project-with-AI-analysis-CRM-Tablet---OnlyTests\test-failed-1.png
    ────────────────────────────────────────────────────────────────────────────────────────────────

    attachment #2: video (video/webm) ──────────────────────────────────────────────────────────────
    ..\test-results\ui-crm-onlytests-CRM-Proje-b1d10-te-project-with-AI-analysis-CRM-Tablet---OnlyTests\video.webm
    ────────────────────────────────────────────────────────────────────────────────────────────────

    Error Context: ..\test-results\ui-crm-onlytests-CRM-Proje-b1d10-te-project-with-AI-analysis-CRM-Tablet---OnlyTests\error-context.md
]]>
</failure>
<system-out>
<![CDATA[
[[ATTACHMENT|test-results\ui-crm-onlytests-CRM-Proje-b1d10-te-project-with-AI-analysis-CRM-Tablet---OnlyTests\test-failed-1.png]]

[[ATTACHMENT|test-results\ui-crm-onlytests-CRM-Proje-b1d10-te-project-with-AI-analysis-CRM-Tablet---OnlyTests\video.webm]]

[[ATTACHMENT|test-results\ui-crm-onlytests-CRM-Proje-b1d10-te-project-with-AI-analysis-CRM-Tablet---OnlyTests\error-context.md]]
]]>
</system-out>
</testcase>
<testcase name="CRM Projects - OnlyTests Approach › should delete project" classname="ui\crm-onlytests.spec.ts" time="15.227">
<failure message="crm-onlytests.spec.ts:26:7 should delete project" type="FAILURE">
<![CDATA[  [CRM Tablet - OnlyTests] › ui\crm-onlytests.spec.ts:26:7 › CRM Projects - OnlyTests Approach › should delete project 

    TimeoutError: locator.click: Timeout 10000ms exceeded.
    Call log:
      - waiting for getByRole('button', { name: 'New Project' })


       at ..\src\pages\projects-page.ts:44

      42 |
      43 |   async createProject(name: string, description: string, priority: string = 'medium'): Promise<void> {
    > 44 |     await this.newProjectButton.click();
         |                                 ^
      45 |     await this.projectNameInput.fill(name);
      46 |     await this.projectDescriptionInput.fill(description);
      47 |     await this.prioritySelect.selectOption(priority);
        at ProjectsPage.createProject (E:\My\AI-Fitness_Coach_360\dev-crm\src\pages\projects-page.ts:44:33)
        at E:\My\AI-Fitness_Coach_360\dev-crm\tests\ui\crm-onlytests.spec.ts:29:24

    attachment #1: screenshot (image/png) ──────────────────────────────────────────────────────────
    ..\test-results\ui-crm-onlytests-CRM-Proje-3ece7-roach-should-delete-project-CRM-Tablet---OnlyTests\test-failed-1.png
    ────────────────────────────────────────────────────────────────────────────────────────────────

    attachment #2: video (video/webm) ──────────────────────────────────────────────────────────────
    ..\test-results\ui-crm-onlytests-CRM-Proje-3ece7-roach-should-delete-project-CRM-Tablet---OnlyTests\video.webm
    ────────────────────────────────────────────────────────────────────────────────────────────────

    Error Context: ..\test-results\ui-crm-onlytests-CRM-Proje-3ece7-roach-should-delete-project-CRM-Tablet---OnlyTests\error-context.md
]]>
</failure>
<system-out>
<![CDATA[
[[ATTACHMENT|test-results\ui-crm-onlytests-CRM-Proje-3ece7-roach-should-delete-project-CRM-Tablet---OnlyTests\test-failed-1.png]]

[[ATTACHMENT|test-results\ui-crm-onlytests-CRM-Proje-3ece7-roach-should-delete-project-CRM-Tablet---OnlyTests\video.webm]]

[[ATTACHMENT|test-results\ui-crm-onlytests-CRM-Proje-3ece7-roach-should-delete-project-CRM-Tablet---OnlyTests\error-context.md]]
]]>
</system-out>
</testcase>
<testcase name="CRM Tasks - OnlyTests Approach › should create new task" classname="ui\crm-onlytests.spec.ts" time="15.552">
<failure message="crm-onlytests.spec.ts:41:7 should create new task" type="FAILURE">
<![CDATA[  [CRM Tablet - OnlyTests] › ui\crm-onlytests.spec.ts:41:7 › CRM Tasks - OnlyTests Approach › should create new task 

    TimeoutError: locator.click: Timeout 10000ms exceeded.
    Call log:
      - waiting for getByRole('button', { name: 'New Task' })


       at ..\src\pages\tasks-page.ts:44

      42 |
      43 |   async createTask(title: string, description: string, priority: string = 'medium'): Promise<void> {
    > 44 |     await this.newTaskButton.click();
         |                              ^
      45 |     await this.taskTitleInput.fill(title);
      46 |     await this.taskDescriptionInput.fill(description);
      47 |     await this.prioritySelect.selectOption(priority);
        at TasksPage.createTask (E:\My\AI-Fitness_Coach_360\dev-crm\src\pages\tasks-page.ts:44:30)
        at E:\My\AI-Fitness_Coach_360\dev-crm\tests\ui\crm-onlytests.spec.ts:43:21

    attachment #1: screenshot (image/png) ──────────────────────────────────────────────────────────
    ..\test-results\ui-crm-onlytests-CRM-Tasks-3103b-oach-should-create-new-task-CRM-Tablet---OnlyTests\test-failed-1.png
    ────────────────────────────────────────────────────────────────────────────────────────────────

    attachment #2: video (video/webm) ──────────────────────────────────────────────────────────────
    ..\test-results\ui-crm-onlytests-CRM-Tasks-3103b-oach-should-create-new-task-CRM-Tablet---OnlyTests\video.webm
    ────────────────────────────────────────────────────────────────────────────────────────────────

    Error Context: ..\test-results\ui-crm-onlytests-CRM-Tasks-3103b-oach-should-create-new-task-CRM-Tablet---OnlyTests\error-context.md
]]>
</failure>
<system-out>
<![CDATA[
[[ATTACHMENT|test-results\ui-crm-onlytests-CRM-Tasks-3103b-oach-should-create-new-task-CRM-Tablet---OnlyTests\test-failed-1.png]]

[[ATTACHMENT|test-results\ui-crm-onlytests-CRM-Tasks-3103b-oach-should-create-new-task-CRM-Tablet---OnlyTests\video.webm]]

[[ATTACHMENT|test-results\ui-crm-onlytests-CRM-Tasks-3103b-oach-should-create-new-task-CRM-Tablet---OnlyTests\error-context.md]]
]]>
</system-out>
</testcase>
<testcase name="CRM Tasks - OnlyTests Approach › should create task with AI recommendations" classname="ui\crm-onlytests.spec.ts" time="15.629">
<failure message="crm-onlytests.spec.ts:49:7 should create task with AI recommendations" type="FAILURE">
<![CDATA[  [CRM Tablet - OnlyTests] › ui\crm-onlytests.spec.ts:49:7 › CRM Tasks - OnlyTests Approach › should create task with AI recommendations 

    TimeoutError: locator.click: Timeout 10000ms exceeded.
    Call log:
      - waiting for getByRole('button', { name: 'New Task' })


       at ..\src\pages\tasks-page.ts:52

      50 |
      51 |   async createTaskWithAI(title: string, description: string, priority: string = 'high'): Promise<void> {
    > 52 |     await this.newTaskButton.click();
         |                              ^
      53 |     await this.taskTitleInput.fill(title);
      54 |     await this.taskDescriptionInput.fill(description);
      55 |     await this.prioritySelect.selectOption(priority);
        at TasksPage.createTaskWithAI (E:\My\AI-Fitness_Coach_360\dev-crm\src\pages\tasks-page.ts:52:30)
        at E:\My\AI-Fitness_Coach_360\dev-crm\tests\ui\crm-onlytests.spec.ts:51:21

    attachment #1: screenshot (image/png) ──────────────────────────────────────────────────────────
    ..\test-results\ui-crm-onlytests-CRM-Tasks-0decd-ask-with-AI-recommendations-CRM-Tablet---OnlyTests\test-failed-1.png
    ────────────────────────────────────────────────────────────────────────────────────────────────

    attachment #2: video (video/webm) ──────────────────────────────────────────────────────────────
    ..\test-results\ui-crm-onlytests-CRM-Tasks-0decd-ask-with-AI-recommendations-CRM-Tablet---OnlyTests\video.webm
    ────────────────────────────────────────────────────────────────────────────────────────────────

    Error Context: ..\test-results\ui-crm-onlytests-CRM-Tasks-0decd-ask-with-AI-recommendations-CRM-Tablet---OnlyTests\error-context.md
]]>
</failure>
<system-out>
<![CDATA[
[[ATTACHMENT|test-results\ui-crm-onlytests-CRM-Tasks-0decd-ask-with-AI-recommendations-CRM-Tablet---OnlyTests\test-failed-1.png]]

[[ATTACHMENT|test-results\ui-crm-onlytests-CRM-Tasks-0decd-ask-with-AI-recommendations-CRM-Tablet---OnlyTests\video.webm]]

[[ATTACHMENT|test-results\ui-crm-onlytests-CRM-Tasks-0decd-ask-with-AI-recommendations-CRM-Tablet---OnlyTests\error-context.md]]
]]>
</system-out>
</testcase>
<testcase name="CRM Tasks - OnlyTests Approach › should update task status" classname="ui\crm-onlytests.spec.ts" time="15.555">
<failure message="crm-onlytests.spec.ts:57:7 should update task status" type="FAILURE">
<![CDATA[  [CRM Tablet - OnlyTests] › ui\crm-onlytests.spec.ts:57:7 › CRM Tasks - OnlyTests Approach › should update task status 

    TimeoutError: locator.click: Timeout 10000ms exceeded.
    Call log:
      - waiting for getByRole('button', { name: 'New Task' })


       at ..\src\pages\tasks-page.ts:44

      42 |
      43 |   async createTask(title: string, description: string, priority: string = 'medium'): Promise<void> {
    > 44 |     await this.newTaskButton.click();
         |                              ^
      45 |     await this.taskTitleInput.fill(title);
      46 |     await this.taskDescriptionInput.fill(description);
      47 |     await this.prioritySelect.selectOption(priority);
        at TasksPage.createTask (E:\My\AI-Fitness_Coach_360\dev-crm\src\pages\tasks-page.ts:44:30)
        at E:\My\AI-Fitness_Coach_360\dev-crm\tests\ui\crm-onlytests.spec.ts:59:21

    attachment #1: screenshot (image/png) ──────────────────────────────────────────────────────────
    ..\test-results\ui-crm-onlytests-CRM-Tasks-c3905-h-should-update-task-status-CRM-Tablet---OnlyTests\test-failed-1.png
    ────────────────────────────────────────────────────────────────────────────────────────────────

    attachment #2: video (video/webm) ──────────────────────────────────────────────────────────────
    ..\test-results\ui-crm-onlytests-CRM-Tasks-c3905-h-should-update-task-status-CRM-Tablet---OnlyTests\video.webm
    ────────────────────────────────────────────────────────────────────────────────────────────────

    Error Context: ..\test-results\ui-crm-onlytests-CRM-Tasks-c3905-h-should-update-task-status-CRM-Tablet---OnlyTests\error-context.md
]]>
</failure>
<system-out>
<![CDATA[
[[ATTACHMENT|test-results\ui-crm-onlytests-CRM-Tasks-c3905-h-should-update-task-status-CRM-Tablet---OnlyTests\test-failed-1.png]]

[[ATTACHMENT|test-results\ui-crm-onlytests-CRM-Tasks-c3905-h-should-update-task-status-CRM-Tablet---OnlyTests\video.webm]]

[[ATTACHMENT|test-results\ui-crm-onlytests-CRM-Tasks-c3905-h-should-update-task-status-CRM-Tablet---OnlyTests\error-context.md]]
]]>
</system-out>
</testcase>
<testcase name="CRM AI Integration - OnlyTests Approach › should test all AI services" classname="ui\crm-onlytests.spec.ts" time="15.617">
<failure message="crm-onlytests.spec.ts:70:7 should test all AI services" type="FAILURE">
<![CDATA[  [CRM Tablet - OnlyTests] › ui\crm-onlytests.spec.ts:70:7 › CRM AI Integration - OnlyTests Approach › should test all AI services 

    TimeoutError: locator.click: Timeout 10000ms exceeded.
    Call log:
      - waiting for getByRole('button', { name: 'Test OpenRouter Connection' })


       at ..\src\pages\ai-settings-page.ts:32

      30 |
      31 |   async testOpenRouterConnection(): Promise<boolean> {
    > 32 |     await this.testOpenRouterButton.click();
         |                                     ^
      33 |     try {
      34 |       await this.page.getByText('OpenRouter: Connected').waitFor({ timeout: 10000 });
      35 |       return true;
        at AISettingsPage.testOpenRouterConnection (E:\My\AI-Fitness_Coach_360\dev-crm\src\pages\ai-settings-page.ts:32:37)
        at AISettingsPage.testAllAIServices (E:\My\AI-Fitness_Coach_360\dev-crm\src\pages\ai-settings-page.ts:62:35)
        at E:\My\AI-Fitness_Coach_360\dev-crm\tests\ui\crm-onlytests.spec.ts:73:42

    attachment #1: screenshot (image/png) ──────────────────────────────────────────────────────────
    ..\test-results\ui-crm-onlytests-CRM-AI-In-47147-should-test-all-AI-services-CRM-Tablet---OnlyTests\test-failed-1.png
    ────────────────────────────────────────────────────────────────────────────────────────────────

    attachment #2: video (video/webm) ──────────────────────────────────────────────────────────────
    ..\test-results\ui-crm-onlytests-CRM-AI-In-47147-should-test-all-AI-services-CRM-Tablet---OnlyTests\video.webm
    ────────────────────────────────────────────────────────────────────────────────────────────────

    Error Context: ..\test-results\ui-crm-onlytests-CRM-AI-In-47147-should-test-all-AI-services-CRM-Tablet---OnlyTests\error-context.md
]]>
</failure>
<system-out>
<![CDATA[
[[ATTACHMENT|test-results\ui-crm-onlytests-CRM-AI-In-47147-should-test-all-AI-services-CRM-Tablet---OnlyTests\test-failed-1.png]]

[[ATTACHMENT|test-results\ui-crm-onlytests-CRM-AI-In-47147-should-test-all-AI-services-CRM-Tablet---OnlyTests\video.webm]]

[[ATTACHMENT|test-results\ui-crm-onlytests-CRM-AI-In-47147-should-test-all-AI-services-CRM-Tablet---OnlyTests\error-context.md]]
]]>
</system-out>
</testcase>
<testcase name="CRM AI Integration - OnlyTests Approach › should handle AI service failure gracefully" classname="ui\crm-onlytests.spec.ts" time="15.628">
<failure message="crm-onlytests.spec.ts:80:7 should handle AI service failure gracefully" type="FAILURE">
<![CDATA[  [CRM Tablet - OnlyTests] › ui\crm-onlytests.spec.ts:80:7 › CRM AI Integration - OnlyTests Approach › should handle AI service failure gracefully 

    TimeoutError: locator.click: Timeout 10000ms exceeded.
    Call log:
      - waiting for getByRole('button', { name: 'Test OpenRouter Connection' })


       at ..\src\pages\ai-settings-page.ts:32

      30 |
      31 |   async testOpenRouterConnection(): Promise<boolean> {
    > 32 |     await this.testOpenRouterButton.click();
         |                                     ^
      33 |     try {
      34 |       await this.page.getByText('OpenRouter: Connected').waitFor({ timeout: 10000 });
      35 |       return true;
        at AISettingsPage.testOpenRouterConnection (E:\My\AI-Fitness_Coach_360\dev-crm\src\pages\ai-settings-page.ts:32:37)
        at E:\My\AI-Fitness_Coach_360\dev-crm\tests\ui\crm-onlytests.spec.ts:88:54

    attachment #1: screenshot (image/png) ──────────────────────────────────────────────────────────
    ..\test-results\ui-crm-onlytests-CRM-AI-In-eec6b--service-failure-gracefully-CRM-Tablet---OnlyTests\test-failed-1.png
    ────────────────────────────────────────────────────────────────────────────────────────────────

    attachment #2: video (video/webm) ──────────────────────────────────────────────────────────────
    ..\test-results\ui-crm-onlytests-CRM-AI-In-eec6b--service-failure-gracefully-CRM-Tablet---OnlyTests\video.webm
    ────────────────────────────────────────────────────────────────────────────────────────────────

    Error Context: ..\test-results\ui-crm-onlytests-CRM-AI-In-eec6b--service-failure-gracefully-CRM-Tablet---OnlyTests\error-context.md
]]>
</failure>
<system-out>
<![CDATA[
[[ATTACHMENT|test-results\ui-crm-onlytests-CRM-AI-In-eec6b--service-failure-gracefully-CRM-Tablet---OnlyTests\test-failed-1.png]]

[[ATTACHMENT|test-results\ui-crm-onlytests-CRM-AI-In-eec6b--service-failure-gracefully-CRM-Tablet---OnlyTests\video.webm]]

[[ATTACHMENT|test-results\ui-crm-onlytests-CRM-AI-In-eec6b--service-failure-gracefully-CRM-Tablet---OnlyTests\error-context.md]]
]]>
</system-out>
</testcase>
<testcase name="CRM AI Integration - OnlyTests Approach › should test individual AI services" classname="ui\crm-onlytests.spec.ts" time="15.246">
<failure message="crm-onlytests.spec.ts:92:7 should test individual AI services" type="FAILURE">
<![CDATA[  [CRM Tablet - OnlyTests] › ui\crm-onlytests.spec.ts:92:7 › CRM AI Integration - OnlyTests Approach › should test individual AI services 

    TimeoutError: locator.click: Timeout 10000ms exceeded.
    Call log:
      - waiting for getByRole('button', { name: 'Test OpenRouter Connection' })


       at ..\src\pages\ai-settings-page.ts:32

      30 |
      31 |   async testOpenRouterConnection(): Promise<boolean> {
    > 32 |     await this.testOpenRouterButton.click();
         |                                     ^
      33 |     try {
      34 |       await this.page.getByText('OpenRouter: Connected').waitFor({ timeout: 10000 });
      35 |       return true;
        at AISettingsPage.testOpenRouterConnection (E:\My\AI-Fitness_Coach_360\dev-crm\src\pages\ai-settings-page.ts:32:37)
        at E:\My\AI-Fitness_Coach_360\dev-crm\tests\ui\crm-onlytests.spec.ts:95:54

    attachment #1: screenshot (image/png) ──────────────────────────────────────────────────────────
    ..\test-results\ui-crm-onlytests-CRM-AI-In-35e65-test-individual-AI-services-CRM-Tablet---OnlyTests\test-failed-1.png
    ────────────────────────────────────────────────────────────────────────────────────────────────

    attachment #2: video (video/webm) ──────────────────────────────────────────────────────────────
    ..\test-results\ui-crm-onlytests-CRM-AI-In-35e65-test-individual-AI-services-CRM-Tablet---OnlyTests\video.webm
    ────────────────────────────────────────────────────────────────────────────────────────────────

    Error Context: ..\test-results\ui-crm-onlytests-CRM-AI-In-35e65-test-individual-AI-services-CRM-Tablet---OnlyTests\error-context.md
]]>
</failure>
<system-out>
<![CDATA[
[[ATTACHMENT|test-results\ui-crm-onlytests-CRM-AI-In-35e65-test-individual-AI-services-CRM-Tablet---OnlyTests\test-failed-1.png]]

[[ATTACHMENT|test-results\ui-crm-onlytests-CRM-AI-In-35e65-test-individual-AI-services-CRM-Tablet---OnlyTests\video.webm]]

[[ATTACHMENT|test-results\ui-crm-onlytests-CRM-AI-In-35e65-test-individual-AI-services-CRM-Tablet---OnlyTests\error-context.md]]
]]>
</system-out>
</testcase>
<testcase name="CRM User Workflows - OnlyTests Approach › should complete full project workflow" classname="ui\crm-onlytests.spec.ts" time="13.765">
<failure message="crm-onlytests.spec.ts:106:7 should complete full project workflow" type="FAILURE">
<![CDATA[  [CRM Tablet - OnlyTests] › ui\crm-onlytests.spec.ts:106:7 › CRM User Workflows - OnlyTests Approach › should complete full project workflow 

    TimeoutError: locator.click: Timeout 10000ms exceeded.
    Call log:
      - waiting for getByRole('button', { name: 'New Project' })


       at ..\src\pages\projects-page.ts:52

      50 |
      51 |   async createProjectWithAI(name: string, description: string, priority: string = 'high'): Promise<void> {
    > 52 |     await this.newProjectButton.click();
         |                                 ^
      53 |     await this.projectNameInput.fill(name);
      54 |     await this.projectDescriptionInput.fill(description);
      55 |     await this.prioritySelect.selectOption(priority);
        at ProjectsPage.createProjectWithAI (E:\My\AI-Fitness_Coach_360\dev-crm\src\pages\projects-page.ts:52:33)
        at E:\My\AI-Fitness_Coach_360\dev-crm\tests\ui\crm-onlytests.spec.ts:109:24

    attachment #1: screenshot (image/png) ──────────────────────────────────────────────────────────
    ..\test-results\ui-crm-onlytests-CRM-User--ed24f-plete-full-project-workflow-CRM-Tablet---OnlyTests\test-failed-1.png
    ────────────────────────────────────────────────────────────────────────────────────────────────

    attachment #2: video (video/webm) ──────────────────────────────────────────────────────────────
    ..\test-results\ui-crm-onlytests-CRM-User--ed24f-plete-full-project-workflow-CRM-Tablet---OnlyTests\video.webm
    ────────────────────────────────────────────────────────────────────────────────────────────────

    Error Context: ..\test-results\ui-crm-onlytests-CRM-User--ed24f-plete-full-project-workflow-CRM-Tablet---OnlyTests\error-context.md
]]>
</failure>
<system-out>
<![CDATA[
[[ATTACHMENT|test-results\ui-crm-onlytests-CRM-User--ed24f-plete-full-project-workflow-CRM-Tablet---OnlyTests\test-failed-1.png]]

[[ATTACHMENT|test-results\ui-crm-onlytests-CRM-User--ed24f-plete-full-project-workflow-CRM-Tablet---OnlyTests\video.webm]]

[[ATTACHMENT|test-results\ui-crm-onlytests-CRM-User--ed24f-plete-full-project-workflow-CRM-Tablet---OnlyTests\error-context.md]]
]]>
</system-out>
</testcase>
<testcase name="CRM User Workflows - OnlyTests Approach › should handle project with multiple tasks" classname="ui\crm-onlytests.spec.ts" time="15.432">
<failure message="crm-onlytests.spec.ts:129:7 should handle project with multiple tasks" type="FAILURE">
<![CDATA[  [CRM Tablet - OnlyTests] › ui\crm-onlytests.spec.ts:129:7 › CRM User Workflows - OnlyTests Approach › should handle project with multiple tasks 

    TimeoutError: locator.click: Timeout 10000ms exceeded.
    Call log:
      - waiting for getByRole('button', { name: 'New Project' })


       at ..\src\pages\projects-page.ts:44

      42 |
      43 |   async createProject(name: string, description: string, priority: string = 'medium'): Promise<void> {
    > 44 |     await this.newProjectButton.click();
         |                                 ^
      45 |     await this.projectNameInput.fill(name);
      46 |     await this.projectDescriptionInput.fill(description);
      47 |     await this.prioritySelect.selectOption(priority);
        at ProjectsPage.createProject (E:\My\AI-Fitness_Coach_360\dev-crm\src\pages\projects-page.ts:44:33)
        at E:\My\AI-Fitness_Coach_360\dev-crm\tests\ui\crm-onlytests.spec.ts:132:24

    attachment #1: screenshot (image/png) ──────────────────────────────────────────────────────────
    ..\test-results\ui-crm-onlytests-CRM-User--83033-project-with-multiple-tasks-CRM-Tablet---OnlyTests\test-failed-1.png
    ────────────────────────────────────────────────────────────────────────────────────────────────

    attachment #2: video (video/webm) ──────────────────────────────────────────────────────────────
    ..\test-results\ui-crm-onlytests-CRM-User--83033-project-with-multiple-tasks-CRM-Tablet---OnlyTests\video.webm
    ────────────────────────────────────────────────────────────────────────────────────────────────

    Error Context: ..\test-results\ui-crm-onlytests-CRM-User--83033-project-with-multiple-tasks-CRM-Tablet---OnlyTests\error-context.md
]]>
</failure>
<system-out>
<![CDATA[
[[ATTACHMENT|test-results\ui-crm-onlytests-CRM-User--83033-project-with-multiple-tasks-CRM-Tablet---OnlyTests\test-failed-1.png]]

[[ATTACHMENT|test-results\ui-crm-onlytests-CRM-User--83033-project-with-multiple-tasks-CRM-Tablet---OnlyTests\video.webm]]

[[ATTACHMENT|test-results\ui-crm-onlytests-CRM-User--83033-project-with-multiple-tasks-CRM-Tablet---OnlyTests\error-context.md]]
]]>
</system-out>
</testcase>
<testcase name="CRM Error Handling - OnlyTests Approach › should handle network errors gracefully" classname="ui\crm-onlytests.spec.ts" time="15.686">
<failure message="crm-onlytests.spec.ts:152:7 should handle network errors gracefully" type="FAILURE">
<![CDATA[  [CRM Tablet - OnlyTests] › ui\crm-onlytests.spec.ts:152:7 › CRM Error Handling - OnlyTests Approach › should handle network errors gracefully 

    TimeoutError: locator.click: Timeout 10000ms exceeded.
    Call log:
      - waiting for getByRole('button', { name: 'New Project' })


       at ..\src\pages\projects-page.ts:44

      42 |
      43 |   async createProject(name: string, description: string, priority: string = 'medium'): Promise<void> {
    > 44 |     await this.newProjectButton.click();
         |                                 ^
      45 |     await this.projectNameInput.fill(name);
      46 |     await this.projectDescriptionInput.fill(description);
      47 |     await this.prioritySelect.selectOption(priority);
        at ProjectsPage.createProject (E:\My\AI-Fitness_Coach_360\dev-crm\src\pages\projects-page.ts:44:33)
        at E:\My\AI-Fitness_Coach_360\dev-crm\tests\ui\crm-onlytests.spec.ts:159:24

    attachment #1: screenshot (image/png) ──────────────────────────────────────────────────────────
    ..\test-results\ui-crm-onlytests-CRM-Error-4ad97-e-network-errors-gracefully-CRM-Tablet---OnlyTests\test-failed-1.png
    ────────────────────────────────────────────────────────────────────────────────────────────────

    attachment #2: video (video/webm) ──────────────────────────────────────────────────────────────
    ..\test-results\ui-crm-onlytests-CRM-Error-4ad97-e-network-errors-gracefully-CRM-Tablet---OnlyTests\video.webm
    ────────────────────────────────────────────────────────────────────────────────────────────────

    Error Context: ..\test-results\ui-crm-onlytests-CRM-Error-4ad97-e-network-errors-gracefully-CRM-Tablet---OnlyTests\error-context.md
]]>
</failure>
<system-out>
<![CDATA[
[[ATTACHMENT|test-results\ui-crm-onlytests-CRM-Error-4ad97-e-network-errors-gracefully-CRM-Tablet---OnlyTests\test-failed-1.png]]

[[ATTACHMENT|test-results\ui-crm-onlytests-CRM-Error-4ad97-e-network-errors-gracefully-CRM-Tablet---OnlyTests\video.webm]]

[[ATTACHMENT|test-results\ui-crm-onlytests-CRM-Error-4ad97-e-network-errors-gracefully-CRM-Tablet---OnlyTests\error-context.md]]
]]>
</system-out>
</testcase>
<testcase name="CRM Error Handling - OnlyTests Approach › should handle validation errors" classname="ui\crm-onlytests.spec.ts" time="15.67">
<failure message="crm-onlytests.spec.ts:166:7 should handle validation errors" type="FAILURE">
<![CDATA[  [CRM Tablet - OnlyTests] › ui\crm-onlytests.spec.ts:166:7 › CRM Error Handling - OnlyTests Approach › should handle validation errors 

    TimeoutError: locator.click: Timeout 10000ms exceeded.
    Call log:
      - waiting for getByRole('button', { name: 'New Project' })


      168 |     
      169 |     // Попытка создания проекта с пустым именем
    > 170 |     await projectsPage.newProjectButton.click();
          |                                         ^
      171 |     await projectsPage.saveProjectButton.click();
      172 |     
      173 |     // Проверка валидации
        at E:\My\AI-Fitness_Coach_360\dev-crm\tests\ui\crm-onlytests.spec.ts:170:41

    attachment #1: screenshot (image/png) ──────────────────────────────────────────────────────────
    ..\test-results\ui-crm-onlytests-CRM-Error-1dec1-ld-handle-validation-errors-CRM-Tablet---OnlyTests\test-failed-1.png
    ────────────────────────────────────────────────────────────────────────────────────────────────

    attachment #2: video (video/webm) ──────────────────────────────────────────────────────────────
    ..\test-results\ui-crm-onlytests-CRM-Error-1dec1-ld-handle-validation-errors-CRM-Tablet---OnlyTests\video.webm
    ────────────────────────────────────────────────────────────────────────────────────────────────

    Error Context: ..\test-results\ui-crm-onlytests-CRM-Error-1dec1-ld-handle-validation-errors-CRM-Tablet---OnlyTests\error-context.md
]]>
</failure>
<system-out>
<![CDATA[
[[ATTACHMENT|test-results\ui-crm-onlytests-CRM-Error-1dec1-ld-handle-validation-errors-CRM-Tablet---OnlyTests\test-failed-1.png]]

[[ATTACHMENT|test-results\ui-crm-onlytests-CRM-Error-1dec1-ld-handle-validation-errors-CRM-Tablet---OnlyTests\video.webm]]

[[ATTACHMENT|test-results\ui-crm-onlytests-CRM-Error-1dec1-ld-handle-validation-errors-CRM-Tablet---OnlyTests\error-context.md]]
]]>
</system-out>
</testcase>
<testcase name="CRM Error Handling - OnlyTests Approach › should handle AI service timeout" classname="ui\crm-onlytests.spec.ts" time="15.54">
<failure message="crm-onlytests.spec.ts:177:7 should handle AI service timeout" type="FAILURE">
<![CDATA[  [CRM Tablet - OnlyTests] › ui\crm-onlytests.spec.ts:177:7 › CRM Error Handling - OnlyTests Approach › should handle AI service timeout 

    TimeoutError: locator.click: Timeout 10000ms exceeded.
    Call log:
      - waiting for getByRole('button', { name: 'Test OpenRouter Connection' })


       at ..\src\pages\ai-settings-page.ts:32

      30 |
      31 |   async testOpenRouterConnection(): Promise<boolean> {
    > 32 |     await this.testOpenRouterButton.click();
         |                                     ^
      33 |     try {
      34 |       await this.page.getByText('OpenRouter: Connected').waitFor({ timeout: 10000 });
      35 |       return true;
        at AISettingsPage.testOpenRouterConnection (E:\My\AI-Fitness_Coach_360\dev-crm\src\pages\ai-settings-page.ts:32:37)
        at E:\My\AI-Fitness_Coach_360\dev-crm\tests\ui\crm-onlytests.spec.ts:187:54

    attachment #1: screenshot (image/png) ──────────────────────────────────────────────────────────
    ..\test-results\ui-crm-onlytests-CRM-Error-5b80b-d-handle-AI-service-timeout-CRM-Tablet---OnlyTests\test-failed-1.png
    ────────────────────────────────────────────────────────────────────────────────────────────────

    attachment #2: video (video/webm) ──────────────────────────────────────────────────────────────
    ..\test-results\ui-crm-onlytests-CRM-Error-5b80b-d-handle-AI-service-timeout-CRM-Tablet---OnlyTests\video.webm
    ────────────────────────────────────────────────────────────────────────────────────────────────

    Error Context: ..\test-results\ui-crm-onlytests-CRM-Error-5b80b-d-handle-AI-service-timeout-CRM-Tablet---OnlyTests\error-context.md
]]>
</failure>
<system-out>
<![CDATA[
[[ATTACHMENT|test-results\ui-crm-onlytests-CRM-Error-5b80b-d-handle-AI-service-timeout-CRM-Tablet---OnlyTests\test-failed-1.png]]

[[ATTACHMENT|test-results\ui-crm-onlytests-CRM-Error-5b80b-d-handle-AI-service-timeout-CRM-Tablet---OnlyTests\video.webm]]

[[ATTACHMENT|test-results\ui-crm-onlytests-CRM-Error-5b80b-d-handle-AI-service-timeout-CRM-Tablet---OnlyTests\error-context.md]]
]]>
</system-out>
</testcase>
<testcase name="CRM Performance - OnlyTests Approach › should load pages within acceptable time" classname="ui\crm-onlytests.spec.ts" time="1.506">
</testcase>
<testcase name="CRM Performance - OnlyTests Approach › should handle large datasets efficiently" classname="ui\crm-onlytests.spec.ts" time="15.481">
<failure message="crm-onlytests.spec.ts:207:7 should handle large datasets efficiently" type="FAILURE">
<![CDATA[  [CRM Tablet - OnlyTests] › ui\crm-onlytests.spec.ts:207:7 › CRM Performance - OnlyTests Approach › should handle large datasets efficiently 

    Error: expect(locator).toBeVisible() failed

    Locator:  getByText('Project 1')
    Expected: visible
    Received: <element(s) not found>
    Timeout:  10000ms

    Call log:
      - Expect "toBeVisible" with timeout 10000ms
      - waiting for getByText('Project 1')


      220 |     
      221 |     // Проверка загрузки большого количества проектов
    > 222 |     await expect(projectsPage.page.getByText('Project 1')).toBeVisible();
          |                                                            ^
      223 |     await expect(projectsPage.page.getByText('Project 100')).toBeVisible();
      224 |     
      225 |     // Проверка производительности пагинации
        at E:\My\AI-Fitness_Coach_360\dev-crm\tests\ui\crm-onlytests.spec.ts:222:60

    attachment #1: screenshot (image/png) ──────────────────────────────────────────────────────────
    ..\test-results\ui-crm-onlytests-CRM-Perfo-3e034--large-datasets-efficiently-CRM-Tablet---OnlyTests\test-failed-1.png
    ────────────────────────────────────────────────────────────────────────────────────────────────

    attachment #2: video (video/webm) ──────────────────────────────────────────────────────────────
    ..\test-results\ui-crm-onlytests-CRM-Perfo-3e034--large-datasets-efficiently-CRM-Tablet---OnlyTests\video.webm
    ────────────────────────────────────────────────────────────────────────────────────────────────

    Error Context: ..\test-results\ui-crm-onlytests-CRM-Perfo-3e034--large-datasets-efficiently-CRM-Tablet---OnlyTests\error-context.md
]]>
</failure>
<system-out>
<![CDATA[
[[ATTACHMENT|test-results\ui-crm-onlytests-CRM-Perfo-3e034--large-datasets-efficiently-CRM-Tablet---OnlyTests\test-failed-1.png]]

[[ATTACHMENT|test-results\ui-crm-onlytests-CRM-Perfo-3e034--large-datasets-efficiently-CRM-Tablet---OnlyTests\video.webm]]

[[ATTACHMENT|test-results\ui-crm-onlytests-CRM-Perfo-3e034--large-datasets-efficiently-CRM-Tablet---OnlyTests\error-context.md]]
]]>
</system-out>
</testcase>
<testcase name="CRM Accessibility - OnlyTests Approach › should support keyboard navigation" classname="ui\crm-onlytests.spec.ts" time="15.203">
<failure message="crm-onlytests.spec.ts:234:7 should support keyboard navigation" type="FAILURE">
<![CDATA[  [CRM Tablet - OnlyTests] › ui\crm-onlytests.spec.ts:234:7 › CRM Accessibility - OnlyTests Approach › should support keyboard navigation 

    Error: expect(locator).toBeFocused() failed

    Locator:  getByRole('button', { name: 'New Project' })
    Expected: focused
    Received: <element(s) not found>
    Timeout:  10000ms

    Call log:
      - Expect "toBeFocused" with timeout 10000ms
      - waiting for getByRole('button', { name: 'New Project' })


      241 |     
      242 |     // Проверка фокуса на кнопке
    > 243 |     await expect(projectsPage.newProjectButton).toBeFocused();
          |                                                 ^
      244 |   });
      245 |
      246 |   test('should have proper ARIA attributes', async ({ projectsPage }) => {
        at E:\My\AI-Fitness_Coach_360\dev-crm\tests\ui\crm-onlytests.spec.ts:243:49

    attachment #1: screenshot (image/png) ──────────────────────────────────────────────────────────
    ..\test-results\ui-crm-onlytests-CRM-Acces-605c1-support-keyboard-navigation-CRM-Tablet---OnlyTests\test-failed-1.png
    ────────────────────────────────────────────────────────────────────────────────────────────────

    attachment #2: video (video/webm) ──────────────────────────────────────────────────────────────
    ..\test-results\ui-crm-onlytests-CRM-Acces-605c1-support-keyboard-navigation-CRM-Tablet---OnlyTests\video.webm
    ────────────────────────────────────────────────────────────────────────────────────────────────

    Error Context: ..\test-results\ui-crm-onlytests-CRM-Acces-605c1-support-keyboard-navigation-CRM-Tablet---OnlyTests\error-context.md
]]>
</failure>
<system-out>
<![CDATA[
[[ATTACHMENT|test-results\ui-crm-onlytests-CRM-Acces-605c1-support-keyboard-navigation-CRM-Tablet---OnlyTests\test-failed-1.png]]

[[ATTACHMENT|test-results\ui-crm-onlytests-CRM-Acces-605c1-support-keyboard-navigation-CRM-Tablet---OnlyTests\video.webm]]

[[ATTACHMENT|test-results\ui-crm-onlytests-CRM-Acces-605c1-support-keyboard-navigation-CRM-Tablet---OnlyTests\error-context.md]]
]]>
</system-out>
</testcase>
<testcase name="CRM Accessibility - OnlyTests Approach › should have proper ARIA attributes" classname="ui\crm-onlytests.spec.ts" time="14.898">
<failure message="crm-onlytests.spec.ts:246:7 should have proper ARIA attributes" type="FAILURE">
<![CDATA[  [CRM Tablet - OnlyTests] › ui\crm-onlytests.spec.ts:246:7 › CRM Accessibility - OnlyTests Approach › should have proper ARIA attributes 

    Error: expect(locator).toBeVisible() failed

    Locator:  getByRole('button', { name: 'New Project' })
    Expected: visible
    Received: <element(s) not found>
    Timeout:  10000ms

    Call log:
      - Expect "toBeVisible" with timeout 10000ms
      - waiting for getByRole('button', { name: 'New Project' })


      248 |     
      249 |     // Проверка ARIA атрибутов
    > 250 |     await expect(projectsPage.newProjectButton).toBeVisible();
          |                                                 ^
      251 |     await expect(projectsPage.page.getByRole('heading', { name: 'Projects' })).toBeVisible();
      252 |     await expect(projectsPage.page.getByRole('main')).toBeVisible();
      253 |     await expect(projectsPage.page.getByRole('navigation')).toBeVisible();
        at E:\My\AI-Fitness_Coach_360\dev-crm\tests\ui\crm-onlytests.spec.ts:250:49

    attachment #1: screenshot (image/png) ──────────────────────────────────────────────────────────
    ..\test-results\ui-crm-onlytests-CRM-Acces-65dac-have-proper-ARIA-attributes-CRM-Tablet---OnlyTests\test-failed-1.png
    ────────────────────────────────────────────────────────────────────────────────────────────────

    attachment #2: video (video/webm) ──────────────────────────────────────────────────────────────
    ..\test-results\ui-crm-onlytests-CRM-Acces-65dac-have-proper-ARIA-attributes-CRM-Tablet---OnlyTests\video.webm
    ────────────────────────────────────────────────────────────────────────────────────────────────

    Error Context: ..\test-results\ui-crm-onlytests-CRM-Acces-65dac-have-proper-ARIA-attributes-CRM-Tablet---OnlyTests\error-context.md
]]>
</failure>
<system-out>
<![CDATA[
[[ATTACHMENT|test-results\ui-crm-onlytests-CRM-Acces-65dac-have-proper-ARIA-attributes-CRM-Tablet---OnlyTests\test-failed-1.png]]

[[ATTACHMENT|test-results\ui-crm-onlytests-CRM-Acces-65dac-have-proper-ARIA-attributes-CRM-Tablet---OnlyTests\video.webm]]

[[ATTACHMENT|test-results\ui-crm-onlytests-CRM-Acces-65dac-have-proper-ARIA-attributes-CRM-Tablet---OnlyTests\error-context.md]]
]]>
</system-out>
</testcase>
<testcase name="CRM Mobile - OnlyTests Approach › should work on mobile devices" classname="ui\crm-onlytests.spec.ts" time="14.421">
<failure message="crm-onlytests.spec.ts:258:7 should work on mobile devices" type="FAILURE">
<![CDATA[  [CRM Tablet - OnlyTests] › ui\crm-onlytests.spec.ts:258:7 › CRM Mobile - OnlyTests Approach › should work on mobile devices 

    TimeoutError: locator.click: Timeout 10000ms exceeded.
    Call log:
      - waiting for getByRole('button', { name: 'Menu' })


      263 |     
      264 |     // Проверка мобильного меню
    > 265 |     await projectsPage.page.getByRole('button', { name: 'Menu' }).click();
          |                                                                   ^
      266 |     await expect(projectsPage.page.getByRole('navigation')).toBeVisible();
      267 |     
      268 |     // Проверка создания проекта на мобильном
        at E:\My\AI-Fitness_Coach_360\dev-crm\tests\ui\crm-onlytests.spec.ts:265:67

    attachment #1: screenshot (image/png) ──────────────────────────────────────────────────────────
    ..\test-results\ui-crm-onlytests-CRM-Mobil-0b67b-ould-work-on-mobile-devices-CRM-Tablet---OnlyTests\test-failed-1.png
    ────────────────────────────────────────────────────────────────────────────────────────────────

    attachment #2: video (video/webm) ──────────────────────────────────────────────────────────────
    ..\test-results\ui-crm-onlytests-CRM-Mobil-0b67b-ould-work-on-mobile-devices-CRM-Tablet---OnlyTests\video.webm
    ────────────────────────────────────────────────────────────────────────────────────────────────

    Error Context: ..\test-results\ui-crm-onlytests-CRM-Mobil-0b67b-ould-work-on-mobile-devices-CRM-Tablet---OnlyTests\error-context.md
]]>
</failure>
<system-out>
<![CDATA[
[[ATTACHMENT|test-results\ui-crm-onlytests-CRM-Mobil-0b67b-ould-work-on-mobile-devices-CRM-Tablet---OnlyTests\test-failed-1.png]]

[[ATTACHMENT|test-results\ui-crm-onlytests-CRM-Mobil-0b67b-ould-work-on-mobile-devices-CRM-Tablet---OnlyTests\video.webm]]

[[ATTACHMENT|test-results\ui-crm-onlytests-CRM-Mobil-0b67b-ould-work-on-mobile-devices-CRM-Tablet---OnlyTests\error-context.md]]
]]>
</system-out>
</testcase>
<testcase name="CRM Mobile - OnlyTests Approach › should work on tablet devices" classname="ui\crm-onlytests.spec.ts" time="14.871">
<failure message="crm-onlytests.spec.ts:275:7 should work on tablet devices" type="FAILURE">
<![CDATA[  [CRM Tablet - OnlyTests] › ui\crm-onlytests.spec.ts:275:7 › CRM Mobile - OnlyTests Approach › should work on tablet devices 

    TimeoutError: locator.click: Timeout 10000ms exceeded.
    Call log:
      - waiting for getByRole('button', { name: 'New Task' })


       at ..\src\pages\tasks-page.ts:44

      42 |
      43 |   async createTask(title: string, description: string, priority: string = 'medium'): Promise<void> {
    > 44 |     await this.newTaskButton.click();
         |                              ^
      45 |     await this.taskTitleInput.fill(title);
      46 |     await this.taskDescriptionInput.fill(description);
      47 |     await this.prioritySelect.selectOption(priority);
        at TasksPage.createTask (E:\My\AI-Fitness_Coach_360\dev-crm\src\pages\tasks-page.ts:44:30)
        at E:\My\AI-Fitness_Coach_360\dev-crm\tests\ui\crm-onlytests.spec.ts:282:21

    attachment #1: screenshot (image/png) ──────────────────────────────────────────────────────────
    ..\test-results\ui-crm-onlytests-CRM-Mobil-fd744-ould-work-on-tablet-devices-CRM-Tablet---OnlyTests\test-failed-1.png
    ────────────────────────────────────────────────────────────────────────────────────────────────

    attachment #2: video (video/webm) ──────────────────────────────────────────────────────────────
    ..\test-results\ui-crm-onlytests-CRM-Mobil-fd744-ould-work-on-tablet-devices-CRM-Tablet---OnlyTests\video.webm
    ────────────────────────────────────────────────────────────────────────────────────────────────

    Error Context: ..\test-results\ui-crm-onlytests-CRM-Mobil-fd744-ould-work-on-tablet-devices-CRM-Tablet---OnlyTests\error-context.md
]]>
</failure>
<system-out>
<![CDATA[
[[ATTACHMENT|test-results\ui-crm-onlytests-CRM-Mobil-fd744-ould-work-on-tablet-devices-CRM-Tablet---OnlyTests\test-failed-1.png]]

[[ATTACHMENT|test-results\ui-crm-onlytests-CRM-Mobil-fd744-ould-work-on-tablet-devices-CRM-Tablet---OnlyTests\video.webm]]

[[ATTACHMENT|test-results\ui-crm-onlytests-CRM-Mobil-fd744-ould-work-on-tablet-devices-CRM-Tablet---OnlyTests\error-context.md]]
]]>
</system-out>
</testcase>
</testsuite>
<testsuite name="ui\crm-onlytests.spec.ts" timestamp="2025-09-25T16:07:00.269Z" hostname="Firefox - OnlyTests" tests="20" failures="19" skipped="0" time="293.071" errors="0">
<testcase name="CRM Projects - OnlyTests Approach › should create new project" classname="ui\crm-onlytests.spec.ts" time="13.525">
<failure message="crm-onlytests.spec.ts:10:7 should create new project" type="FAILURE">
<![CDATA[  [Firefox - OnlyTests] › ui\crm-onlytests.spec.ts:10:7 › CRM Projects - OnlyTests Approach › should create new project 

    TimeoutError: locator.click: Timeout 10000ms exceeded.
    Call log:
      - waiting for getByRole('button', { name: 'New Project' })


       at ..\src\pages\projects-page.ts:44

      42 |
      43 |   async createProject(name: string, description: string, priority: string = 'medium'): Promise<void> {
    > 44 |     await this.newProjectButton.click();
         |                                 ^
      45 |     await this.projectNameInput.fill(name);
      46 |     await this.projectDescriptionInput.fill(description);
      47 |     await this.prioritySelect.selectOption(priority);
        at ProjectsPage.createProject (E:\My\AI-Fitness_Coach_360\dev-crm\src\pages\projects-page.ts:44:33)
        at E:\My\AI-Fitness_Coach_360\dev-crm\tests\ui\crm-onlytests.spec.ts:12:24

    attachment #1: screenshot (image/png) ──────────────────────────────────────────────────────────
    ..\test-results\ui-crm-onlytests-CRM-Proje-edb53-h-should-create-new-project-Firefox---OnlyTests\test-failed-1.png
    ────────────────────────────────────────────────────────────────────────────────────────────────

    attachment #2: video (video/webm) ──────────────────────────────────────────────────────────────
    ..\test-results\ui-crm-onlytests-CRM-Proje-edb53-h-should-create-new-project-Firefox---OnlyTests\video.webm
    ────────────────────────────────────────────────────────────────────────────────────────────────

    Error Context: ..\test-results\ui-crm-onlytests-CRM-Proje-edb53-h-should-create-new-project-Firefox---OnlyTests\error-context.md
]]>
</failure>
<system-out>
<![CDATA[
[[ATTACHMENT|test-results\ui-crm-onlytests-CRM-Proje-edb53-h-should-create-new-project-Firefox---OnlyTests\test-failed-1.png]]

[[ATTACHMENT|test-results\ui-crm-onlytests-CRM-Proje-edb53-h-should-create-new-project-Firefox---OnlyTests\video.webm]]

[[ATTACHMENT|test-results\ui-crm-onlytests-CRM-Proje-edb53-h-should-create-new-project-Firefox---OnlyTests\error-context.md]]
]]>
</system-out>
</testcase>
<testcase name="CRM Projects - OnlyTests Approach › should create project with AI analysis" classname="ui\crm-onlytests.spec.ts" time="16.113">
<failure message="crm-onlytests.spec.ts:18:7 should create project with AI analysis" type="FAILURE">
<![CDATA[  [Firefox - OnlyTests] › ui\crm-onlytests.spec.ts:18:7 › CRM Projects - OnlyTests Approach › should create project with AI analysis 

    TimeoutError: locator.click: Timeout 10000ms exceeded.
    Call log:
      - waiting for getByRole('button', { name: 'New Project' })


       at ..\src\pages\projects-page.ts:52

      50 |
      51 |   async createProjectWithAI(name: string, description: string, priority: string = 'high'): Promise<void> {
    > 52 |     await this.newProjectButton.click();
         |                                 ^
      53 |     await this.projectNameInput.fill(name);
      54 |     await this.projectDescriptionInput.fill(description);
      55 |     await this.prioritySelect.selectOption(priority);
        at ProjectsPage.createProjectWithAI (E:\My\AI-Fitness_Coach_360\dev-crm\src\pages\projects-page.ts:52:33)
        at E:\My\AI-Fitness_Coach_360\dev-crm\tests\ui\crm-onlytests.spec.ts:20:24

    attachment #1: screenshot (image/png) ──────────────────────────────────────────────────────────
    ..\test-results\ui-crm-onlytests-CRM-Proje-b1d10-te-project-with-AI-analysis-Firefox---OnlyTests\test-failed-1.png
    ────────────────────────────────────────────────────────────────────────────────────────────────

    attachment #2: video (video/webm) ──────────────────────────────────────────────────────────────
    ..\test-results\ui-crm-onlytests-CRM-Proje-b1d10-te-project-with-AI-analysis-Firefox---OnlyTests\video.webm
    ────────────────────────────────────────────────────────────────────────────────────────────────

    Error Context: ..\test-results\ui-crm-onlytests-CRM-Proje-b1d10-te-project-with-AI-analysis-Firefox---OnlyTests\error-context.md
]]>
</failure>
<system-out>
<![CDATA[
[[ATTACHMENT|test-results\ui-crm-onlytests-CRM-Proje-b1d10-te-project-with-AI-analysis-Firefox---OnlyTests\test-failed-1.png]]

[[ATTACHMENT|test-results\ui-crm-onlytests-CRM-Proje-b1d10-te-project-with-AI-analysis-Firefox---OnlyTests\video.webm]]

[[ATTACHMENT|test-results\ui-crm-onlytests-CRM-Proje-b1d10-te-project-with-AI-analysis-Firefox---OnlyTests\error-context.md]]
]]>
</system-out>
</testcase>
<testcase name="CRM Projects - OnlyTests Approach › should delete project" classname="ui\crm-onlytests.spec.ts" time="16.515">
<failure message="crm-onlytests.spec.ts:26:7 should delete project" type="FAILURE">
<![CDATA[  [Firefox - OnlyTests] › ui\crm-onlytests.spec.ts:26:7 › CRM Projects - OnlyTests Approach › should delete project 

    TimeoutError: locator.click: Timeout 10000ms exceeded.
    Call log:
      - waiting for getByRole('button', { name: 'New Project' })


       at ..\src\pages\projects-page.ts:44

      42 |
      43 |   async createProject(name: string, description: string, priority: string = 'medium'): Promise<void> {
    > 44 |     await this.newProjectButton.click();
         |                                 ^
      45 |     await this.projectNameInput.fill(name);
      46 |     await this.projectDescriptionInput.fill(description);
      47 |     await this.prioritySelect.selectOption(priority);
        at ProjectsPage.createProject (E:\My\AI-Fitness_Coach_360\dev-crm\src\pages\projects-page.ts:44:33)
        at E:\My\AI-Fitness_Coach_360\dev-crm\tests\ui\crm-onlytests.spec.ts:29:24

    attachment #1: screenshot (image/png) ──────────────────────────────────────────────────────────
    ..\test-results\ui-crm-onlytests-CRM-Proje-3ece7-roach-should-delete-project-Firefox---OnlyTests\test-failed-1.png
    ────────────────────────────────────────────────────────────────────────────────────────────────

    attachment #2: video (video/webm) ──────────────────────────────────────────────────────────────
    ..\test-results\ui-crm-onlytests-CRM-Proje-3ece7-roach-should-delete-project-Firefox---OnlyTests\video.webm
    ────────────────────────────────────────────────────────────────────────────────────────────────

    Error Context: ..\test-results\ui-crm-onlytests-CRM-Proje-3ece7-roach-should-delete-project-Firefox---OnlyTests\error-context.md
]]>
</failure>
<system-out>
<![CDATA[
[[ATTACHMENT|test-results\ui-crm-onlytests-CRM-Proje-3ece7-roach-should-delete-project-Firefox---OnlyTests\test-failed-1.png]]

[[ATTACHMENT|test-results\ui-crm-onlytests-CRM-Proje-3ece7-roach-should-delete-project-Firefox---OnlyTests\video.webm]]

[[ATTACHMENT|test-results\ui-crm-onlytests-CRM-Proje-3ece7-roach-should-delete-project-Firefox---OnlyTests\error-context.md]]
]]>
</system-out>
</testcase>
<testcase name="CRM Tasks - OnlyTests Approach › should create new task" classname="ui\crm-onlytests.spec.ts" time="16.462">
<failure message="crm-onlytests.spec.ts:41:7 should create new task" type="FAILURE">
<![CDATA[  [Firefox - OnlyTests] › ui\crm-onlytests.spec.ts:41:7 › CRM Tasks - OnlyTests Approach › should create new task 

    TimeoutError: locator.click: Timeout 10000ms exceeded.
    Call log:
      - waiting for getByRole('button', { name: 'New Task' })


       at ..\src\pages\tasks-page.ts:44

      42 |
      43 |   async createTask(title: string, description: string, priority: string = 'medium'): Promise<void> {
    > 44 |     await this.newTaskButton.click();
         |                              ^
      45 |     await this.taskTitleInput.fill(title);
      46 |     await this.taskDescriptionInput.fill(description);
      47 |     await this.prioritySelect.selectOption(priority);
        at TasksPage.createTask (E:\My\AI-Fitness_Coach_360\dev-crm\src\pages\tasks-page.ts:44:30)
        at E:\My\AI-Fitness_Coach_360\dev-crm\tests\ui\crm-onlytests.spec.ts:43:21

    attachment #1: screenshot (image/png) ──────────────────────────────────────────────────────────
    ..\test-results\ui-crm-onlytests-CRM-Tasks-3103b-oach-should-create-new-task-Firefox---OnlyTests\test-failed-1.png
    ────────────────────────────────────────────────────────────────────────────────────────────────

    attachment #2: video (video/webm) ──────────────────────────────────────────────────────────────
    ..\test-results\ui-crm-onlytests-CRM-Tasks-3103b-oach-should-create-new-task-Firefox---OnlyTests\video.webm
    ────────────────────────────────────────────────────────────────────────────────────────────────

    Error Context: ..\test-results\ui-crm-onlytests-CRM-Tasks-3103b-oach-should-create-new-task-Firefox---OnlyTests\error-context.md
]]>
</failure>
<system-out>
<![CDATA[
[[ATTACHMENT|test-results\ui-crm-onlytests-CRM-Tasks-3103b-oach-should-create-new-task-Firefox---OnlyTests\test-failed-1.png]]

[[ATTACHMENT|test-results\ui-crm-onlytests-CRM-Tasks-3103b-oach-should-create-new-task-Firefox---OnlyTests\video.webm]]

[[ATTACHMENT|test-results\ui-crm-onlytests-CRM-Tasks-3103b-oach-should-create-new-task-Firefox---OnlyTests\error-context.md]]
]]>
</system-out>
</testcase>
<testcase name="CRM Tasks - OnlyTests Approach › should create task with AI recommendations" classname="ui\crm-onlytests.spec.ts" time="14.84">
<failure message="crm-onlytests.spec.ts:49:7 should create task with AI recommendations" type="FAILURE">
<![CDATA[  [Firefox - OnlyTests] › ui\crm-onlytests.spec.ts:49:7 › CRM Tasks - OnlyTests Approach › should create task with AI recommendations 

    TimeoutError: locator.click: Timeout 10000ms exceeded.
    Call log:
      - waiting for getByRole('button', { name: 'New Task' })


       at ..\src\pages\tasks-page.ts:52

      50 |
      51 |   async createTaskWithAI(title: string, description: string, priority: string = 'high'): Promise<void> {
    > 52 |     await this.newTaskButton.click();
         |                              ^
      53 |     await this.taskTitleInput.fill(title);
      54 |     await this.taskDescriptionInput.fill(description);
      55 |     await this.prioritySelect.selectOption(priority);
        at TasksPage.createTaskWithAI (E:\My\AI-Fitness_Coach_360\dev-crm\src\pages\tasks-page.ts:52:30)
        at E:\My\AI-Fitness_Coach_360\dev-crm\tests\ui\crm-onlytests.spec.ts:51:21

    attachment #1: screenshot (image/png) ──────────────────────────────────────────────────────────
    ..\test-results\ui-crm-onlytests-CRM-Tasks-0decd-ask-with-AI-recommendations-Firefox---OnlyTests\test-failed-1.png
    ────────────────────────────────────────────────────────────────────────────────────────────────

    attachment #2: video (video/webm) ──────────────────────────────────────────────────────────────
    ..\test-results\ui-crm-onlytests-CRM-Tasks-0decd-ask-with-AI-recommendations-Firefox---OnlyTests\video.webm
    ────────────────────────────────────────────────────────────────────────────────────────────────

    Error Context: ..\test-results\ui-crm-onlytests-CRM-Tasks-0decd-ask-with-AI-recommendations-Firefox---OnlyTests\error-context.md
]]>
</failure>
<system-out>
<![CDATA[
[[ATTACHMENT|test-results\ui-crm-onlytests-CRM-Tasks-0decd-ask-with-AI-recommendations-Firefox---OnlyTests\test-failed-1.png]]

[[ATTACHMENT|test-results\ui-crm-onlytests-CRM-Tasks-0decd-ask-with-AI-recommendations-Firefox---OnlyTests\video.webm]]

[[ATTACHMENT|test-results\ui-crm-onlytests-CRM-Tasks-0decd-ask-with-AI-recommendations-Firefox---OnlyTests\error-context.md]]
]]>
</system-out>
</testcase>
<testcase name="CRM Tasks - OnlyTests Approach › should update task status" classname="ui\crm-onlytests.spec.ts" time="16.643">
<failure message="crm-onlytests.spec.ts:57:7 should update task status" type="FAILURE">
<![CDATA[  [Firefox - OnlyTests] › ui\crm-onlytests.spec.ts:57:7 › CRM Tasks - OnlyTests Approach › should update task status 

    TimeoutError: locator.click: Timeout 10000ms exceeded.
    Call log:
      - waiting for getByRole('button', { name: 'New Task' })


       at ..\src\pages\tasks-page.ts:44

      42 |
      43 |   async createTask(title: string, description: string, priority: string = 'medium'): Promise<void> {
    > 44 |     await this.newTaskButton.click();
         |                              ^
      45 |     await this.taskTitleInput.fill(title);
      46 |     await this.taskDescriptionInput.fill(description);
      47 |     await this.prioritySelect.selectOption(priority);
        at TasksPage.createTask (E:\My\AI-Fitness_Coach_360\dev-crm\src\pages\tasks-page.ts:44:30)
        at E:\My\AI-Fitness_Coach_360\dev-crm\tests\ui\crm-onlytests.spec.ts:59:21

    attachment #1: screenshot (image/png) ──────────────────────────────────────────────────────────
    ..\test-results\ui-crm-onlytests-CRM-Tasks-c3905-h-should-update-task-status-Firefox---OnlyTests\test-failed-1.png
    ────────────────────────────────────────────────────────────────────────────────────────────────

    attachment #2: video (video/webm) ──────────────────────────────────────────────────────────────
    ..\test-results\ui-crm-onlytests-CRM-Tasks-c3905-h-should-update-task-status-Firefox---OnlyTests\video.webm
    ────────────────────────────────────────────────────────────────────────────────────────────────

    Error Context: ..\test-results\ui-crm-onlytests-CRM-Tasks-c3905-h-should-update-task-status-Firefox---OnlyTests\error-context.md
]]>
</failure>
<system-out>
<![CDATA[
[[ATTACHMENT|test-results\ui-crm-onlytests-CRM-Tasks-c3905-h-should-update-task-status-Firefox---OnlyTests\test-failed-1.png]]

[[ATTACHMENT|test-results\ui-crm-onlytests-CRM-Tasks-c3905-h-should-update-task-status-Firefox---OnlyTests\video.webm]]

[[ATTACHMENT|test-results\ui-crm-onlytests-CRM-Tasks-c3905-h-should-update-task-status-Firefox---OnlyTests\error-context.md]]
]]>
</system-out>
</testcase>
<testcase name="CRM AI Integration - OnlyTests Approach › should test all AI services" classname="ui\crm-onlytests.spec.ts" time="14.134">
<failure message="crm-onlytests.spec.ts:70:7 should test all AI services" type="FAILURE">
<![CDATA[  [Firefox - OnlyTests] › ui\crm-onlytests.spec.ts:70:7 › CRM AI Integration - OnlyTests Approach › should test all AI services 

    TimeoutError: locator.click: Timeout 10000ms exceeded.
    Call log:
      - waiting for getByRole('button', { name: 'Test OpenRouter Connection' })


       at ..\src\pages\ai-settings-page.ts:32

      30 |
      31 |   async testOpenRouterConnection(): Promise<boolean> {
    > 32 |     await this.testOpenRouterButton.click();
         |                                     ^
      33 |     try {
      34 |       await this.page.getByText('OpenRouter: Connected').waitFor({ timeout: 10000 });
      35 |       return true;
        at AISettingsPage.testOpenRouterConnection (E:\My\AI-Fitness_Coach_360\dev-crm\src\pages\ai-settings-page.ts:32:37)
        at AISettingsPage.testAllAIServices (E:\My\AI-Fitness_Coach_360\dev-crm\src\pages\ai-settings-page.ts:62:35)
        at E:\My\AI-Fitness_Coach_360\dev-crm\tests\ui\crm-onlytests.spec.ts:73:42

    attachment #1: screenshot (image/png) ──────────────────────────────────────────────────────────
    ..\test-results\ui-crm-onlytests-CRM-AI-In-47147-should-test-all-AI-services-Firefox---OnlyTests\test-failed-1.png
    ────────────────────────────────────────────────────────────────────────────────────────────────

    attachment #2: video (video/webm) ──────────────────────────────────────────────────────────────
    ..\test-results\ui-crm-onlytests-CRM-AI-In-47147-should-test-all-AI-services-Firefox---OnlyTests\video.webm
    ────────────────────────────────────────────────────────────────────────────────────────────────

    Error Context: ..\test-results\ui-crm-onlytests-CRM-AI-In-47147-should-test-all-AI-services-Firefox---OnlyTests\error-context.md
]]>
</failure>
<system-out>
<![CDATA[
[[ATTACHMENT|test-results\ui-crm-onlytests-CRM-AI-In-47147-should-test-all-AI-services-Firefox---OnlyTests\test-failed-1.png]]

[[ATTACHMENT|test-results\ui-crm-onlytests-CRM-AI-In-47147-should-test-all-AI-services-Firefox---OnlyTests\video.webm]]

[[ATTACHMENT|test-results\ui-crm-onlytests-CRM-AI-In-47147-should-test-all-AI-services-Firefox---OnlyTests\error-context.md]]
]]>
</system-out>
</testcase>
<testcase name="CRM AI Integration - OnlyTests Approach › should handle AI service failure gracefully" classname="ui\crm-onlytests.spec.ts" time="15.862">
<failure message="crm-onlytests.spec.ts:80:7 should handle AI service failure gracefully" type="FAILURE">
<![CDATA[  [Firefox - OnlyTests] › ui\crm-onlytests.spec.ts:80:7 › CRM AI Integration - OnlyTests Approach › should handle AI service failure gracefully 

    TimeoutError: locator.click: Timeout 10000ms exceeded.
    Call log:
      - waiting for getByRole('button', { name: 'Test OpenRouter Connection' })


       at ..\src\pages\ai-settings-page.ts:32

      30 |
      31 |   async testOpenRouterConnection(): Promise<boolean> {
    > 32 |     await this.testOpenRouterButton.click();
         |                                     ^
      33 |     try {
      34 |       await this.page.getByText('OpenRouter: Connected').waitFor({ timeout: 10000 });
      35 |       return true;
        at AISettingsPage.testOpenRouterConnection (E:\My\AI-Fitness_Coach_360\dev-crm\src\pages\ai-settings-page.ts:32:37)
        at E:\My\AI-Fitness_Coach_360\dev-crm\tests\ui\crm-onlytests.spec.ts:88:54

    attachment #1: screenshot (image/png) ──────────────────────────────────────────────────────────
    ..\test-results\ui-crm-onlytests-CRM-AI-In-eec6b--service-failure-gracefully-Firefox---OnlyTests\test-failed-1.png
    ────────────────────────────────────────────────────────────────────────────────────────────────

    attachment #2: video (video/webm) ──────────────────────────────────────────────────────────────
    ..\test-results\ui-crm-onlytests-CRM-AI-In-eec6b--service-failure-gracefully-Firefox---OnlyTests\video.webm
    ────────────────────────────────────────────────────────────────────────────────────────────────

    Error Context: ..\test-results\ui-crm-onlytests-CRM-AI-In-eec6b--service-failure-gracefully-Firefox---OnlyTests\error-context.md
]]>
</failure>
<system-out>
<![CDATA[
[[ATTACHMENT|test-results\ui-crm-onlytests-CRM-AI-In-eec6b--service-failure-gracefully-Firefox---OnlyTests\test-failed-1.png]]

[[ATTACHMENT|test-results\ui-crm-onlytests-CRM-AI-In-eec6b--service-failure-gracefully-Firefox---OnlyTests\video.webm]]

[[ATTACHMENT|test-results\ui-crm-onlytests-CRM-AI-In-eec6b--service-failure-gracefully-Firefox---OnlyTests\error-context.md]]
]]>
</system-out>
</testcase>
<testcase name="CRM AI Integration - OnlyTests Approach › should test individual AI services" classname="ui\crm-onlytests.spec.ts" time="14.45">
<failure message="crm-onlytests.spec.ts:92:7 should test individual AI services" type="FAILURE">
<![CDATA[  [Firefox - OnlyTests] › ui\crm-onlytests.spec.ts:92:7 › CRM AI Integration - OnlyTests Approach › should test individual AI services 

    TimeoutError: locator.click: Timeout 10000ms exceeded.
    Call log:
      - waiting for getByRole('button', { name: 'Test OpenRouter Connection' })


       at ..\src\pages\ai-settings-page.ts:32

      30 |
      31 |   async testOpenRouterConnection(): Promise<boolean> {
    > 32 |     await this.testOpenRouterButton.click();
         |                                     ^
      33 |     try {
      34 |       await this.page.getByText('OpenRouter: Connected').waitFor({ timeout: 10000 });
      35 |       return true;
        at AISettingsPage.testOpenRouterConnection (E:\My\AI-Fitness_Coach_360\dev-crm\src\pages\ai-settings-page.ts:32:37)
        at E:\My\AI-Fitness_Coach_360\dev-crm\tests\ui\crm-onlytests.spec.ts:95:54

    attachment #1: screenshot (image/png) ──────────────────────────────────────────────────────────
    ..\test-results\ui-crm-onlytests-CRM-AI-In-35e65-test-individual-AI-services-Firefox---OnlyTests\test-failed-1.png
    ────────────────────────────────────────────────────────────────────────────────────────────────

    attachment #2: video (video/webm) ──────────────────────────────────────────────────────────────
    ..\test-results\ui-crm-onlytests-CRM-AI-In-35e65-test-individual-AI-services-Firefox---OnlyTests\video.webm
    ────────────────────────────────────────────────────────────────────────────────────────────────

    Error Context: ..\test-results\ui-crm-onlytests-CRM-AI-In-35e65-test-individual-AI-services-Firefox---OnlyTests\error-context.md
]]>
</failure>
<system-out>
<![CDATA[
[[ATTACHMENT|test-results\ui-crm-onlytests-CRM-AI-In-35e65-test-individual-AI-services-Firefox---OnlyTests\test-failed-1.png]]

[[ATTACHMENT|test-results\ui-crm-onlytests-CRM-AI-In-35e65-test-individual-AI-services-Firefox---OnlyTests\video.webm]]

[[ATTACHMENT|test-results\ui-crm-onlytests-CRM-AI-In-35e65-test-individual-AI-services-Firefox---OnlyTests\error-context.md]]
]]>
</system-out>
</testcase>
<testcase name="CRM User Workflows - OnlyTests Approach › should complete full project workflow" classname="ui\crm-onlytests.spec.ts" time="15.062">
<failure message="crm-onlytests.spec.ts:106:7 should complete full project workflow" type="FAILURE">
<![CDATA[  [Firefox - OnlyTests] › ui\crm-onlytests.spec.ts:106:7 › CRM User Workflows - OnlyTests Approach › should complete full project workflow 

    TimeoutError: locator.click: Timeout 10000ms exceeded.
    Call log:
      - waiting for getByRole('button', { name: 'New Project' })


       at ..\src\pages\projects-page.ts:52

      50 |
      51 |   async createProjectWithAI(name: string, description: string, priority: string = 'high'): Promise<void> {
    > 52 |     await this.newProjectButton.click();
         |                                 ^
      53 |     await this.projectNameInput.fill(name);
      54 |     await this.projectDescriptionInput.fill(description);
      55 |     await this.prioritySelect.selectOption(priority);
        at ProjectsPage.createProjectWithAI (E:\My\AI-Fitness_Coach_360\dev-crm\src\pages\projects-page.ts:52:33)
        at E:\My\AI-Fitness_Coach_360\dev-crm\tests\ui\crm-onlytests.spec.ts:109:24

    attachment #1: screenshot (image/png) ──────────────────────────────────────────────────────────
    ..\test-results\ui-crm-onlytests-CRM-User--ed24f-plete-full-project-workflow-Firefox---OnlyTests\test-failed-1.png
    ────────────────────────────────────────────────────────────────────────────────────────────────

    attachment #2: video (video/webm) ──────────────────────────────────────────────────────────────
    ..\test-results\ui-crm-onlytests-CRM-User--ed24f-plete-full-project-workflow-Firefox---OnlyTests\video.webm
    ────────────────────────────────────────────────────────────────────────────────────────────────

    Error Context: ..\test-results\ui-crm-onlytests-CRM-User--ed24f-plete-full-project-workflow-Firefox---OnlyTests\error-context.md
]]>
</failure>
<system-out>
<![CDATA[
[[ATTACHMENT|test-results\ui-crm-onlytests-CRM-User--ed24f-plete-full-project-workflow-Firefox---OnlyTests\test-failed-1.png]]

[[ATTACHMENT|test-results\ui-crm-onlytests-CRM-User--ed24f-plete-full-project-workflow-Firefox---OnlyTests\video.webm]]

[[ATTACHMENT|test-results\ui-crm-onlytests-CRM-User--ed24f-plete-full-project-workflow-Firefox---OnlyTests\error-context.md]]
]]>
</system-out>
</testcase>
<testcase name="CRM User Workflows - OnlyTests Approach › should handle project with multiple tasks" classname="ui\crm-onlytests.spec.ts" time="16.228">
<failure message="crm-onlytests.spec.ts:129:7 should handle project with multiple tasks" type="FAILURE">
<![CDATA[  [Firefox - OnlyTests] › ui\crm-onlytests.spec.ts:129:7 › CRM User Workflows - OnlyTests Approach › should handle project with multiple tasks 

    TimeoutError: locator.click: Timeout 10000ms exceeded.
    Call log:
      - waiting for getByRole('button', { name: 'New Project' })


       at ..\src\pages\projects-page.ts:44

      42 |
      43 |   async createProject(name: string, description: string, priority: string = 'medium'): Promise<void> {
    > 44 |     await this.newProjectButton.click();
         |                                 ^
      45 |     await this.projectNameInput.fill(name);
      46 |     await this.projectDescriptionInput.fill(description);
      47 |     await this.prioritySelect.selectOption(priority);
        at ProjectsPage.createProject (E:\My\AI-Fitness_Coach_360\dev-crm\src\pages\projects-page.ts:44:33)
        at E:\My\AI-Fitness_Coach_360\dev-crm\tests\ui\crm-onlytests.spec.ts:132:24

    attachment #1: screenshot (image/png) ──────────────────────────────────────────────────────────
    ..\test-results\ui-crm-onlytests-CRM-User--83033-project-with-multiple-tasks-Firefox---OnlyTests\test-failed-1.png
    ────────────────────────────────────────────────────────────────────────────────────────────────

    attachment #2: video (video/webm) ──────────────────────────────────────────────────────────────
    ..\test-results\ui-crm-onlytests-CRM-User--83033-project-with-multiple-tasks-Firefox---OnlyTests\video.webm
    ────────────────────────────────────────────────────────────────────────────────────────────────

    Error Context: ..\test-results\ui-crm-onlytests-CRM-User--83033-project-with-multiple-tasks-Firefox---OnlyTests\error-context.md
]]>
</failure>
<system-out>
<![CDATA[
[[ATTACHMENT|test-results\ui-crm-onlytests-CRM-User--83033-project-with-multiple-tasks-Firefox---OnlyTests\test-failed-1.png]]

[[ATTACHMENT|test-results\ui-crm-onlytests-CRM-User--83033-project-with-multiple-tasks-Firefox---OnlyTests\video.webm]]

[[ATTACHMENT|test-results\ui-crm-onlytests-CRM-User--83033-project-with-multiple-tasks-Firefox---OnlyTests\error-context.md]]
]]>
</system-out>
</testcase>
<testcase name="CRM Error Handling - OnlyTests Approach › should handle network errors gracefully" classname="ui\crm-onlytests.spec.ts" time="14.565">
<failure message="crm-onlytests.spec.ts:152:7 should handle network errors gracefully" type="FAILURE">
<![CDATA[  [Firefox - OnlyTests] › ui\crm-onlytests.spec.ts:152:7 › CRM Error Handling - OnlyTests Approach › should handle network errors gracefully 

    TimeoutError: locator.click: Timeout 10000ms exceeded.
    Call log:
      - waiting for getByRole('button', { name: 'New Project' })


       at ..\src\pages\projects-page.ts:44

      42 |
      43 |   async createProject(name: string, description: string, priority: string = 'medium'): Promise<void> {
    > 44 |     await this.newProjectButton.click();
         |                                 ^
      45 |     await this.projectNameInput.fill(name);
      46 |     await this.projectDescriptionInput.fill(description);
      47 |     await this.prioritySelect.selectOption(priority);
        at ProjectsPage.createProject (E:\My\AI-Fitness_Coach_360\dev-crm\src\pages\projects-page.ts:44:33)
        at E:\My\AI-Fitness_Coach_360\dev-crm\tests\ui\crm-onlytests.spec.ts:159:24

    attachment #1: screenshot (image/png) ──────────────────────────────────────────────────────────
    ..\test-results\ui-crm-onlytests-CRM-Error-4ad97-e-network-errors-gracefully-Firefox---OnlyTests\test-failed-1.png
    ────────────────────────────────────────────────────────────────────────────────────────────────

    attachment #2: video (video/webm) ──────────────────────────────────────────────────────────────
    ..\test-results\ui-crm-onlytests-CRM-Error-4ad97-e-network-errors-gracefully-Firefox---OnlyTests\video.webm
    ────────────────────────────────────────────────────────────────────────────────────────────────

    Error Context: ..\test-results\ui-crm-onlytests-CRM-Error-4ad97-e-network-errors-gracefully-Firefox---OnlyTests\error-context.md
]]>
</failure>
<system-out>
<![CDATA[
[[ATTACHMENT|test-results\ui-crm-onlytests-CRM-Error-4ad97-e-network-errors-gracefully-Firefox---OnlyTests\test-failed-1.png]]

[[ATTACHMENT|test-results\ui-crm-onlytests-CRM-Error-4ad97-e-network-errors-gracefully-Firefox---OnlyTests\video.webm]]

[[ATTACHMENT|test-results\ui-crm-onlytests-CRM-Error-4ad97-e-network-errors-gracefully-Firefox---OnlyTests\error-context.md]]
]]>
</system-out>
</testcase>
<testcase name="CRM Error Handling - OnlyTests Approach › should handle validation errors" classname="ui\crm-onlytests.spec.ts" time="14.39">
<failure message="crm-onlytests.spec.ts:166:7 should handle validation errors" type="FAILURE">
<![CDATA[  [Firefox - OnlyTests] › ui\crm-onlytests.spec.ts:166:7 › CRM Error Handling - OnlyTests Approach › should handle validation errors 

    TimeoutError: locator.click: Timeout 10000ms exceeded.
    Call log:
      - waiting for getByRole('button', { name: 'New Project' })


      168 |     
      169 |     // Попытка создания проекта с пустым именем
    > 170 |     await projectsPage.newProjectButton.click();
          |                                         ^
      171 |     await projectsPage.saveProjectButton.click();
      172 |     
      173 |     // Проверка валидации
        at E:\My\AI-Fitness_Coach_360\dev-crm\tests\ui\crm-onlytests.spec.ts:170:41

    attachment #1: screenshot (image/png) ──────────────────────────────────────────────────────────
    ..\test-results\ui-crm-onlytests-CRM-Error-1dec1-ld-handle-validation-errors-Firefox---OnlyTests\test-failed-1.png
    ────────────────────────────────────────────────────────────────────────────────────────────────

    attachment #2: video (video/webm) ──────────────────────────────────────────────────────────────
    ..\test-results\ui-crm-onlytests-CRM-Error-1dec1-ld-handle-validation-errors-Firefox---OnlyTests\video.webm
    ────────────────────────────────────────────────────────────────────────────────────────────────

    Error Context: ..\test-results\ui-crm-onlytests-CRM-Error-1dec1-ld-handle-validation-errors-Firefox---OnlyTests\error-context.md
]]>
</failure>
<system-out>
<![CDATA[
[[ATTACHMENT|test-results\ui-crm-onlytests-CRM-Error-1dec1-ld-handle-validation-errors-Firefox---OnlyTests\test-failed-1.png]]

[[ATTACHMENT|test-results\ui-crm-onlytests-CRM-Error-1dec1-ld-handle-validation-errors-Firefox---OnlyTests\video.webm]]

[[ATTACHMENT|test-results\ui-crm-onlytests-CRM-Error-1dec1-ld-handle-validation-errors-Firefox---OnlyTests\error-context.md]]
]]>
</system-out>
</testcase>
<testcase name="CRM Error Handling - OnlyTests Approach › should handle AI service timeout" classname="ui\crm-onlytests.spec.ts" time="15.953">
<failure message="crm-onlytests.spec.ts:177:7 should handle AI service timeout" type="FAILURE">
<![CDATA[  [Firefox - OnlyTests] › ui\crm-onlytests.spec.ts:177:7 › CRM Error Handling - OnlyTests Approach › should handle AI service timeout 

    TimeoutError: locator.click: Timeout 10000ms exceeded.
    Call log:
      - waiting for getByRole('button', { name: 'Test OpenRouter Connection' })


       at ..\src\pages\ai-settings-page.ts:32

      30 |
      31 |   async testOpenRouterConnection(): Promise<boolean> {
    > 32 |     await this.testOpenRouterButton.click();
         |                                     ^
      33 |     try {
      34 |       await this.page.getByText('OpenRouter: Connected').waitFor({ timeout: 10000 });
      35 |       return true;
        at AISettingsPage.testOpenRouterConnection (E:\My\AI-Fitness_Coach_360\dev-crm\src\pages\ai-settings-page.ts:32:37)
        at E:\My\AI-Fitness_Coach_360\dev-crm\tests\ui\crm-onlytests.spec.ts:187:54

    attachment #1: screenshot (image/png) ──────────────────────────────────────────────────────────
    ..\test-results\ui-crm-onlytests-CRM-Error-5b80b-d-handle-AI-service-timeout-Firefox---OnlyTests\test-failed-1.png
    ────────────────────────────────────────────────────────────────────────────────────────────────

    attachment #2: video (video/webm) ──────────────────────────────────────────────────────────────
    ..\test-results\ui-crm-onlytests-CRM-Error-5b80b-d-handle-AI-service-timeout-Firefox---OnlyTests\video.webm
    ────────────────────────────────────────────────────────────────────────────────────────────────

    Error Context: ..\test-results\ui-crm-onlytests-CRM-Error-5b80b-d-handle-AI-service-timeout-Firefox---OnlyTests\error-context.md
]]>
</failure>
<system-out>
<![CDATA[
[[ATTACHMENT|test-results\ui-crm-onlytests-CRM-Error-5b80b-d-handle-AI-service-timeout-Firefox---OnlyTests\test-failed-1.png]]

[[ATTACHMENT|test-results\ui-crm-onlytests-CRM-Error-5b80b-d-handle-AI-service-timeout-Firefox---OnlyTests\video.webm]]

[[ATTACHMENT|test-results\ui-crm-onlytests-CRM-Error-5b80b-d-handle-AI-service-timeout-Firefox---OnlyTests\error-context.md]]
]]>
</system-out>
</testcase>
<testcase name="CRM Performance - OnlyTests Approach › should load pages within acceptable time" classname="ui\crm-onlytests.spec.ts" time="5.264">
</testcase>
<testcase name="CRM Performance - OnlyTests Approach › should handle large datasets efficiently" classname="ui\crm-onlytests.spec.ts" time="14.453">
<failure message="crm-onlytests.spec.ts:207:7 should handle large datasets efficiently" type="FAILURE">
<![CDATA[  [Firefox - OnlyTests] › ui\crm-onlytests.spec.ts:207:7 › CRM Performance - OnlyTests Approach › should handle large datasets efficiently 

    Error: expect(locator).toBeVisible() failed

    Locator:  getByText('Project 1')
    Expected: visible
    Received: <element(s) not found>
    Timeout:  10000ms

    Call log:
      - Expect "toBeVisible" with timeout 10000ms
      - waiting for getByText('Project 1')


      220 |     
      221 |     // Проверка загрузки большого количества проектов
    > 222 |     await expect(projectsPage.page.getByText('Project 1')).toBeVisible();
          |                                                            ^
      223 |     await expect(projectsPage.page.getByText('Project 100')).toBeVisible();
      224 |     
      225 |     // Проверка производительности пагинации
        at E:\My\AI-Fitness_Coach_360\dev-crm\tests\ui\crm-onlytests.spec.ts:222:60

    attachment #1: screenshot (image/png) ──────────────────────────────────────────────────────────
    ..\test-results\ui-crm-onlytests-CRM-Perfo-3e034--large-datasets-efficiently-Firefox---OnlyTests\test-failed-1.png
    ────────────────────────────────────────────────────────────────────────────────────────────────

    attachment #2: video (video/webm) ──────────────────────────────────────────────────────────────
    ..\test-results\ui-crm-onlytests-CRM-Perfo-3e034--large-datasets-efficiently-Firefox---OnlyTests\video.webm
    ────────────────────────────────────────────────────────────────────────────────────────────────

    Error Context: ..\test-results\ui-crm-onlytests-CRM-Perfo-3e034--large-datasets-efficiently-Firefox---OnlyTests\error-context.md
]]>
</failure>
<system-out>
<![CDATA[
[[ATTACHMENT|test-results\ui-crm-onlytests-CRM-Perfo-3e034--large-datasets-efficiently-Firefox---OnlyTests\test-failed-1.png]]

[[ATTACHMENT|test-results\ui-crm-onlytests-CRM-Perfo-3e034--large-datasets-efficiently-Firefox---OnlyTests\video.webm]]

[[ATTACHMENT|test-results\ui-crm-onlytests-CRM-Perfo-3e034--large-datasets-efficiently-Firefox---OnlyTests\error-context.md]]
]]>
</system-out>
</testcase>
<testcase name="CRM Accessibility - OnlyTests Approach › should support keyboard navigation" classname="ui\crm-onlytests.spec.ts" time="11.929">
<failure message="crm-onlytests.spec.ts:234:7 should support keyboard navigation" type="FAILURE">
<![CDATA[  [Firefox - OnlyTests] › ui\crm-onlytests.spec.ts:234:7 › CRM Accessibility - OnlyTests Approach › should support keyboard navigation 

    Error: expect(locator).toBeFocused() failed

    Locator:  getByRole('button', { name: 'New Project' })
    Expected: focused
    Received: <element(s) not found>
    Timeout:  10000ms

    Call log:
      - Expect "toBeFocused" with timeout 10000ms
      - waiting for getByRole('button', { name: 'New Project' })


      241 |     
      242 |     // Проверка фокуса на кнопке
    > 243 |     await expect(projectsPage.newProjectButton).toBeFocused();
          |                                                 ^
      244 |   });
      245 |
      246 |   test('should have proper ARIA attributes', async ({ projectsPage }) => {
        at E:\My\AI-Fitness_Coach_360\dev-crm\tests\ui\crm-onlytests.spec.ts:243:49

    attachment #1: screenshot (image/png) ──────────────────────────────────────────────────────────
    ..\test-results\ui-crm-onlytests-CRM-Acces-605c1-support-keyboard-navigation-Firefox---OnlyTests\test-failed-1.png
    ────────────────────────────────────────────────────────────────────────────────────────────────

    attachment #2: video (video/webm) ──────────────────────────────────────────────────────────────
    ..\test-results\ui-crm-onlytests-CRM-Acces-605c1-support-keyboard-navigation-Firefox---OnlyTests\video.webm
    ────────────────────────────────────────────────────────────────────────────────────────────────

    Error Context: ..\test-results\ui-crm-onlytests-CRM-Acces-605c1-support-keyboard-navigation-Firefox---OnlyTests\error-context.md
]]>
</failure>
<system-out>
<![CDATA[
[[ATTACHMENT|test-results\ui-crm-onlytests-CRM-Acces-605c1-support-keyboard-navigation-Firefox---OnlyTests\test-failed-1.png]]

[[ATTACHMENT|test-results\ui-crm-onlytests-CRM-Acces-605c1-support-keyboard-navigation-Firefox---OnlyTests\video.webm]]

[[ATTACHMENT|test-results\ui-crm-onlytests-CRM-Acces-605c1-support-keyboard-navigation-Firefox---OnlyTests\error-context.md]]
]]>
</system-out>
</testcase>
<testcase name="CRM Accessibility - OnlyTests Approach › should have proper ARIA attributes" classname="ui\crm-onlytests.spec.ts" time="14.821">
<failure message="crm-onlytests.spec.ts:246:7 should have proper ARIA attributes" type="FAILURE">
<![CDATA[  [Firefox - OnlyTests] › ui\crm-onlytests.spec.ts:246:7 › CRM Accessibility - OnlyTests Approach › should have proper ARIA attributes 

    Error: expect(locator).toBeVisible() failed

    Locator:  getByRole('button', { name: 'New Project' })
    Expected: visible
    Received: <element(s) not found>
    Timeout:  10000ms

    Call log:
      - Expect "toBeVisible" with timeout 10000ms
      - waiting for getByRole('button', { name: 'New Project' })


      248 |     
      249 |     // Проверка ARIA атрибутов
    > 250 |     await expect(projectsPage.newProjectButton).toBeVisible();
          |                                                 ^
      251 |     await expect(projectsPage.page.getByRole('heading', { name: 'Projects' })).toBeVisible();
      252 |     await expect(projectsPage.page.getByRole('main')).toBeVisible();
      253 |     await expect(projectsPage.page.getByRole('navigation')).toBeVisible();
        at E:\My\AI-Fitness_Coach_360\dev-crm\tests\ui\crm-onlytests.spec.ts:250:49

    attachment #1: screenshot (image/png) ──────────────────────────────────────────────────────────
    ..\test-results\ui-crm-onlytests-CRM-Acces-65dac-have-proper-ARIA-attributes-Firefox---OnlyTests\test-failed-1.png
    ────────────────────────────────────────────────────────────────────────────────────────────────

    attachment #2: video (video/webm) ──────────────────────────────────────────────────────────────
    ..\test-results\ui-crm-onlytests-CRM-Acces-65dac-have-proper-ARIA-attributes-Firefox---OnlyTests\video.webm
    ────────────────────────────────────────────────────────────────────────────────────────────────

    Error Context: ..\test-results\ui-crm-onlytests-CRM-Acces-65dac-have-proper-ARIA-attributes-Firefox---OnlyTests\error-context.md
]]>
</failure>
<system-out>
<![CDATA[
[[ATTACHMENT|test-results\ui-crm-onlytests-CRM-Acces-65dac-have-proper-ARIA-attributes-Firefox---OnlyTests\test-failed-1.png]]

[[ATTACHMENT|test-results\ui-crm-onlytests-CRM-Acces-65dac-have-proper-ARIA-attributes-Firefox---OnlyTests\video.webm]]

[[ATTACHMENT|test-results\ui-crm-onlytests-CRM-Acces-65dac-have-proper-ARIA-attributes-Firefox---OnlyTests\error-context.md]]
]]>
</system-out>
</testcase>
<testcase name="CRM Mobile - OnlyTests Approach › should work on mobile devices" classname="ui\crm-onlytests.spec.ts" time="16.058">
<failure message="crm-onlytests.spec.ts:258:7 should work on mobile devices" type="FAILURE">
<![CDATA[  [Firefox - OnlyTests] › ui\crm-onlytests.spec.ts:258:7 › CRM Mobile - OnlyTests Approach › should work on mobile devices 

    TimeoutError: locator.click: Timeout 10000ms exceeded.
    Call log:
      - waiting for getByRole('button', { name: 'Menu' })


      263 |     
      264 |     // Проверка мобильного меню
    > 265 |     await projectsPage.page.getByRole('button', { name: 'Menu' }).click();
          |                                                                   ^
      266 |     await expect(projectsPage.page.getByRole('navigation')).toBeVisible();
      267 |     
      268 |     // Проверка создания проекта на мобильном
        at E:\My\AI-Fitness_Coach_360\dev-crm\tests\ui\crm-onlytests.spec.ts:265:67

    attachment #1: screenshot (image/png) ──────────────────────────────────────────────────────────
    ..\test-results\ui-crm-onlytests-CRM-Mobil-0b67b-ould-work-on-mobile-devices-Firefox---OnlyTests\test-failed-1.png
    ────────────────────────────────────────────────────────────────────────────────────────────────

    attachment #2: video (video/webm) ──────────────────────────────────────────────────────────────
    ..\test-results\ui-crm-onlytests-CRM-Mobil-0b67b-ould-work-on-mobile-devices-Firefox---OnlyTests\video.webm
    ────────────────────────────────────────────────────────────────────────────────────────────────

    Error Context: ..\test-results\ui-crm-onlytests-CRM-Mobil-0b67b-ould-work-on-mobile-devices-Firefox---OnlyTests\error-context.md
]]>
</failure>
<system-out>
<![CDATA[
[[ATTACHMENT|test-results\ui-crm-onlytests-CRM-Mobil-0b67b-ould-work-on-mobile-devices-Firefox---OnlyTests\test-failed-1.png]]

[[ATTACHMENT|test-results\ui-crm-onlytests-CRM-Mobil-0b67b-ould-work-on-mobile-devices-Firefox---OnlyTests\video.webm]]

[[ATTACHMENT|test-results\ui-crm-onlytests-CRM-Mobil-0b67b-ould-work-on-mobile-devices-Firefox---OnlyTests\error-context.md]]
]]>
</system-out>
</testcase>
<testcase name="CRM Mobile - OnlyTests Approach › should work on tablet devices" classname="ui\crm-onlytests.spec.ts" time="15.804">
<failure message="crm-onlytests.spec.ts:275:7 should work on tablet devices" type="FAILURE">
<![CDATA[  [Firefox - OnlyTests] › ui\crm-onlytests.spec.ts:275:7 › CRM Mobile - OnlyTests Approach › should work on tablet devices 

    TimeoutError: locator.click: Timeout 10000ms exceeded.
    Call log:
      - waiting for getByRole('button', { name: 'New Task' })


       at ..\src\pages\tasks-page.ts:44

      42 |
      43 |   async createTask(title: string, description: string, priority: string = 'medium'): Promise<void> {
    > 44 |     await this.newTaskButton.click();
         |                              ^
      45 |     await this.taskTitleInput.fill(title);
      46 |     await this.taskDescriptionInput.fill(description);
      47 |     await this.prioritySelect.selectOption(priority);
        at TasksPage.createTask (E:\My\AI-Fitness_Coach_360\dev-crm\src\pages\tasks-page.ts:44:30)
        at E:\My\AI-Fitness_Coach_360\dev-crm\tests\ui\crm-onlytests.spec.ts:282:21

    attachment #1: screenshot (image/png) ──────────────────────────────────────────────────────────
    ..\test-results\ui-crm-onlytests-CRM-Mobil-fd744-ould-work-on-tablet-devices-Firefox---OnlyTests\test-failed-1.png
    ────────────────────────────────────────────────────────────────────────────────────────────────

    attachment #2: video (video/webm) ──────────────────────────────────────────────────────────────
    ..\test-results\ui-crm-onlytests-CRM-Mobil-fd744-ould-work-on-tablet-devices-Firefox---OnlyTests\video.webm
    ────────────────────────────────────────────────────────────────────────────────────────────────

    Error Context: ..\test-results\ui-crm-onlytests-CRM-Mobil-fd744-ould-work-on-tablet-devices-Firefox---OnlyTests\error-context.md
]]>
</failure>
<system-out>
<![CDATA[
[[ATTACHMENT|test-results\ui-crm-onlytests-CRM-Mobil-fd744-ould-work-on-tablet-devices-Firefox---OnlyTests\test-failed-1.png]]

[[ATTACHMENT|test-results\ui-crm-onlytests-CRM-Mobil-fd744-ould-work-on-tablet-devices-Firefox---OnlyTests\video.webm]]

[[ATTACHMENT|test-results\ui-crm-onlytests-CRM-Mobil-fd744-ould-work-on-tablet-devices-Firefox---OnlyTests\error-context.md]]
]]>
</system-out>
</testcase>
</testsuite>
<testsuite name="ui\crm-onlytests.spec.ts" timestamp="2025-09-25T16:07:00.269Z" hostname="Safari - OnlyTests" tests="20" failures="19" skipped="0" time="237.591" errors="0">
<testcase name="CRM Projects - OnlyTests Approach › should create new project" classname="ui\crm-onlytests.spec.ts" time="14.535">
<failure message="crm-onlytests.spec.ts:10:7 should create new project" type="FAILURE">
<![CDATA[  [Safari - OnlyTests] › ui\crm-onlytests.spec.ts:10:7 › CRM Projects - OnlyTests Approach › should create new project 

    TimeoutError: locator.click: Timeout 10000ms exceeded.
    Call log:
      - waiting for getByRole('button', { name: 'New Project' })


       at ..\src\pages\projects-page.ts:44

      42 |
      43 |   async createProject(name: string, description: string, priority: string = 'medium'): Promise<void> {
    > 44 |     await this.newProjectButton.click();
         |                                 ^
      45 |     await this.projectNameInput.fill(name);
      46 |     await this.projectDescriptionInput.fill(description);
      47 |     await this.prioritySelect.selectOption(priority);
        at ProjectsPage.createProject (E:\My\AI-Fitness_Coach_360\dev-crm\src\pages\projects-page.ts:44:33)
        at E:\My\AI-Fitness_Coach_360\dev-crm\tests\ui\crm-onlytests.spec.ts:12:24

    attachment #1: screenshot (image/png) ──────────────────────────────────────────────────────────
    ..\test-results\ui-crm-onlytests-CRM-Proje-edb53-h-should-create-new-project-Safari---OnlyTests\test-failed-1.png
    ────────────────────────────────────────────────────────────────────────────────────────────────

    attachment #2: video (video/webm) ──────────────────────────────────────────────────────────────
    ..\test-results\ui-crm-onlytests-CRM-Proje-edb53-h-should-create-new-project-Safari---OnlyTests\video.webm
    ────────────────────────────────────────────────────────────────────────────────────────────────

    Error Context: ..\test-results\ui-crm-onlytests-CRM-Proje-edb53-h-should-create-new-project-Safari---OnlyTests\error-context.md
]]>
</failure>
<system-out>
<![CDATA[
[[ATTACHMENT|test-results\ui-crm-onlytests-CRM-Proje-edb53-h-should-create-new-project-Safari---OnlyTests\test-failed-1.png]]

[[ATTACHMENT|test-results\ui-crm-onlytests-CRM-Proje-edb53-h-should-create-new-project-Safari---OnlyTests\video.webm]]

[[ATTACHMENT|test-results\ui-crm-onlytests-CRM-Proje-edb53-h-should-create-new-project-Safari---OnlyTests\error-context.md]]
]]>
</system-out>
</testcase>
<testcase name="CRM Projects - OnlyTests Approach › should create project with AI analysis" classname="ui\crm-onlytests.spec.ts" time="12.635">
<failure message="crm-onlytests.spec.ts:18:7 should create project with AI analysis" type="FAILURE">
<![CDATA[  [Safari - OnlyTests] › ui\crm-onlytests.spec.ts:18:7 › CRM Projects - OnlyTests Approach › should create project with AI analysis 

    TimeoutError: locator.click: Timeout 10000ms exceeded.
    Call log:
      - waiting for getByRole('button', { name: 'New Project' })


       at ..\src\pages\projects-page.ts:52

      50 |
      51 |   async createProjectWithAI(name: string, description: string, priority: string = 'high'): Promise<void> {
    > 52 |     await this.newProjectButton.click();
         |                                 ^
      53 |     await this.projectNameInput.fill(name);
      54 |     await this.projectDescriptionInput.fill(description);
      55 |     await this.prioritySelect.selectOption(priority);
        at ProjectsPage.createProjectWithAI (E:\My\AI-Fitness_Coach_360\dev-crm\src\pages\projects-page.ts:52:33)
        at E:\My\AI-Fitness_Coach_360\dev-crm\tests\ui\crm-onlytests.spec.ts:20:24

    attachment #1: screenshot (image/png) ──────────────────────────────────────────────────────────
    ..\test-results\ui-crm-onlytests-CRM-Proje-b1d10-te-project-with-AI-analysis-Safari---OnlyTests\test-failed-1.png
    ────────────────────────────────────────────────────────────────────────────────────────────────

    attachment #2: video (video/webm) ──────────────────────────────────────────────────────────────
    ..\test-results\ui-crm-onlytests-CRM-Proje-b1d10-te-project-with-AI-analysis-Safari---OnlyTests\video.webm
    ────────────────────────────────────────────────────────────────────────────────────────────────

    Error Context: ..\test-results\ui-crm-onlytests-CRM-Proje-b1d10-te-project-with-AI-analysis-Safari---OnlyTests\error-context.md
]]>
</failure>
<system-out>
<![CDATA[
[[ATTACHMENT|test-results\ui-crm-onlytests-CRM-Proje-b1d10-te-project-with-AI-analysis-Safari---OnlyTests\test-failed-1.png]]

[[ATTACHMENT|test-results\ui-crm-onlytests-CRM-Proje-b1d10-te-project-with-AI-analysis-Safari---OnlyTests\video.webm]]

[[ATTACHMENT|test-results\ui-crm-onlytests-CRM-Proje-b1d10-te-project-with-AI-analysis-Safari---OnlyTests\error-context.md]]
]]>
</system-out>
</testcase>
<testcase name="CRM Projects - OnlyTests Approach › should delete project" classname="ui\crm-onlytests.spec.ts" time="12.333">
<failure message="crm-onlytests.spec.ts:26:7 should delete project" type="FAILURE">
<![CDATA[  [Safari - OnlyTests] › ui\crm-onlytests.spec.ts:26:7 › CRM Projects - OnlyTests Approach › should delete project 

    TimeoutError: locator.click: Timeout 10000ms exceeded.
    Call log:
      - waiting for getByRole('button', { name: 'New Project' })


       at ..\src\pages\projects-page.ts:44

      42 |
      43 |   async createProject(name: string, description: string, priority: string = 'medium'): Promise<void> {
    > 44 |     await this.newProjectButton.click();
         |                                 ^
      45 |     await this.projectNameInput.fill(name);
      46 |     await this.projectDescriptionInput.fill(description);
      47 |     await this.prioritySelect.selectOption(priority);
        at ProjectsPage.createProject (E:\My\AI-Fitness_Coach_360\dev-crm\src\pages\projects-page.ts:44:33)
        at E:\My\AI-Fitness_Coach_360\dev-crm\tests\ui\crm-onlytests.spec.ts:29:24

    attachment #1: screenshot (image/png) ──────────────────────────────────────────────────────────
    ..\test-results\ui-crm-onlytests-CRM-Proje-3ece7-roach-should-delete-project-Safari---OnlyTests\test-failed-1.png
    ────────────────────────────────────────────────────────────────────────────────────────────────

    attachment #2: video (video/webm) ──────────────────────────────────────────────────────────────
    ..\test-results\ui-crm-onlytests-CRM-Proje-3ece7-roach-should-delete-project-Safari---OnlyTests\video.webm
    ────────────────────────────────────────────────────────────────────────────────────────────────

    Error Context: ..\test-results\ui-crm-onlytests-CRM-Proje-3ece7-roach-should-delete-project-Safari---OnlyTests\error-context.md
]]>
</failure>
<system-out>
<![CDATA[
[[ATTACHMENT|test-results\ui-crm-onlytests-CRM-Proje-3ece7-roach-should-delete-project-Safari---OnlyTests\test-failed-1.png]]

[[ATTACHMENT|test-results\ui-crm-onlytests-CRM-Proje-3ece7-roach-should-delete-project-Safari---OnlyTests\video.webm]]

[[ATTACHMENT|test-results\ui-crm-onlytests-CRM-Proje-3ece7-roach-should-delete-project-Safari---OnlyTests\error-context.md]]
]]>
</system-out>
</testcase>
<testcase name="CRM Tasks - OnlyTests Approach › should create new task" classname="ui\crm-onlytests.spec.ts" time="12.077">
<failure message="crm-onlytests.spec.ts:41:7 should create new task" type="FAILURE">
<![CDATA[  [Safari - OnlyTests] › ui\crm-onlytests.spec.ts:41:7 › CRM Tasks - OnlyTests Approach › should create new task 

    TimeoutError: locator.click: Timeout 10000ms exceeded.
    Call log:
      - waiting for getByRole('button', { name: 'New Task' })


       at ..\src\pages\tasks-page.ts:44

      42 |
      43 |   async createTask(title: string, description: string, priority: string = 'medium'): Promise<void> {
    > 44 |     await this.newTaskButton.click();
         |                              ^
      45 |     await this.taskTitleInput.fill(title);
      46 |     await this.taskDescriptionInput.fill(description);
      47 |     await this.prioritySelect.selectOption(priority);
        at TasksPage.createTask (E:\My\AI-Fitness_Coach_360\dev-crm\src\pages\tasks-page.ts:44:30)
        at E:\My\AI-Fitness_Coach_360\dev-crm\tests\ui\crm-onlytests.spec.ts:43:21

    attachment #1: screenshot (image/png) ──────────────────────────────────────────────────────────
    ..\test-results\ui-crm-onlytests-CRM-Tasks-3103b-oach-should-create-new-task-Safari---OnlyTests\test-failed-1.png
    ────────────────────────────────────────────────────────────────────────────────────────────────

    attachment #2: video (video/webm) ──────────────────────────────────────────────────────────────
    ..\test-results\ui-crm-onlytests-CRM-Tasks-3103b-oach-should-create-new-task-Safari---OnlyTests\video.webm
    ────────────────────────────────────────────────────────────────────────────────────────────────

    Error Context: ..\test-results\ui-crm-onlytests-CRM-Tasks-3103b-oach-should-create-new-task-Safari---OnlyTests\error-context.md
]]>
</failure>
<system-out>
<![CDATA[
[[ATTACHMENT|test-results\ui-crm-onlytests-CRM-Tasks-3103b-oach-should-create-new-task-Safari---OnlyTests\test-failed-1.png]]

[[ATTACHMENT|test-results\ui-crm-onlytests-CRM-Tasks-3103b-oach-should-create-new-task-Safari---OnlyTests\video.webm]]

[[ATTACHMENT|test-results\ui-crm-onlytests-CRM-Tasks-3103b-oach-should-create-new-task-Safari---OnlyTests\error-context.md]]
]]>
</system-out>
</testcase>
<testcase name="CRM Tasks - OnlyTests Approach › should create task with AI recommendations" classname="ui\crm-onlytests.spec.ts" time="11.975">
<failure message="crm-onlytests.spec.ts:49:7 should create task with AI recommendations" type="FAILURE">
<![CDATA[  [Safari - OnlyTests] › ui\crm-onlytests.spec.ts:49:7 › CRM Tasks - OnlyTests Approach › should create task with AI recommendations 

    TimeoutError: locator.click: Timeout 10000ms exceeded.
    Call log:
      - waiting for getByRole('button', { name: 'New Task' })


       at ..\src\pages\tasks-page.ts:52

      50 |
      51 |   async createTaskWithAI(title: string, description: string, priority: string = 'high'): Promise<void> {
    > 52 |     await this.newTaskButton.click();
         |                              ^
      53 |     await this.taskTitleInput.fill(title);
      54 |     await this.taskDescriptionInput.fill(description);
      55 |     await this.prioritySelect.selectOption(priority);
        at TasksPage.createTaskWithAI (E:\My\AI-Fitness_Coach_360\dev-crm\src\pages\tasks-page.ts:52:30)
        at E:\My\AI-Fitness_Coach_360\dev-crm\tests\ui\crm-onlytests.spec.ts:51:21

    attachment #1: screenshot (image/png) ──────────────────────────────────────────────────────────
    ..\test-results\ui-crm-onlytests-CRM-Tasks-0decd-ask-with-AI-recommendations-Safari---OnlyTests\test-failed-1.png
    ────────────────────────────────────────────────────────────────────────────────────────────────

    attachment #2: video (video/webm) ──────────────────────────────────────────────────────────────
    ..\test-results\ui-crm-onlytests-CRM-Tasks-0decd-ask-with-AI-recommendations-Safari---OnlyTests\video.webm
    ────────────────────────────────────────────────────────────────────────────────────────────────

    Error Context: ..\test-results\ui-crm-onlytests-CRM-Tasks-0decd-ask-with-AI-recommendations-Safari---OnlyTests\error-context.md
]]>
</failure>
<system-out>
<![CDATA[
[[ATTACHMENT|test-results\ui-crm-onlytests-CRM-Tasks-0decd-ask-with-AI-recommendations-Safari---OnlyTests\test-failed-1.png]]

[[ATTACHMENT|test-results\ui-crm-onlytests-CRM-Tasks-0decd-ask-with-AI-recommendations-Safari---OnlyTests\video.webm]]

[[ATTACHMENT|test-results\ui-crm-onlytests-CRM-Tasks-0decd-ask-with-AI-recommendations-Safari---OnlyTests\error-context.md]]
]]>
</system-out>
</testcase>
<testcase name="CRM Tasks - OnlyTests Approach › should update task status" classname="ui\crm-onlytests.spec.ts" time="12.227">
<failure message="crm-onlytests.spec.ts:57:7 should update task status" type="FAILURE">
<![CDATA[  [Safari - OnlyTests] › ui\crm-onlytests.spec.ts:57:7 › CRM Tasks - OnlyTests Approach › should update task status 

    TimeoutError: locator.click: Timeout 10000ms exceeded.
    Call log:
      - waiting for getByRole('button', { name: 'New Task' })


       at ..\src\pages\tasks-page.ts:44

      42 |
      43 |   async createTask(title: string, description: string, priority: string = 'medium'): Promise<void> {
    > 44 |     await this.newTaskButton.click();
         |                              ^
      45 |     await this.taskTitleInput.fill(title);
      46 |     await this.taskDescriptionInput.fill(description);
      47 |     await this.prioritySelect.selectOption(priority);
        at TasksPage.createTask (E:\My\AI-Fitness_Coach_360\dev-crm\src\pages\tasks-page.ts:44:30)
        at E:\My\AI-Fitness_Coach_360\dev-crm\tests\ui\crm-onlytests.spec.ts:59:21

    attachment #1: screenshot (image/png) ──────────────────────────────────────────────────────────
    ..\test-results\ui-crm-onlytests-CRM-Tasks-c3905-h-should-update-task-status-Safari---OnlyTests\test-failed-1.png
    ────────────────────────────────────────────────────────────────────────────────────────────────

    attachment #2: video (video/webm) ──────────────────────────────────────────────────────────────
    ..\test-results\ui-crm-onlytests-CRM-Tasks-c3905-h-should-update-task-status-Safari---OnlyTests\video.webm
    ────────────────────────────────────────────────────────────────────────────────────────────────

    Error Context: ..\test-results\ui-crm-onlytests-CRM-Tasks-c3905-h-should-update-task-status-Safari---OnlyTests\error-context.md
]]>
</failure>
<system-out>
<![CDATA[
[[ATTACHMENT|test-results\ui-crm-onlytests-CRM-Tasks-c3905-h-should-update-task-status-Safari---OnlyTests\test-failed-1.png]]

[[ATTACHMENT|test-results\ui-crm-onlytests-CRM-Tasks-c3905-h-should-update-task-status-Safari---OnlyTests\video.webm]]

[[ATTACHMENT|test-results\ui-crm-onlytests-CRM-Tasks-c3905-h-should-update-task-status-Safari---OnlyTests\error-context.md]]
]]>
</system-out>
</testcase>
<testcase name="CRM AI Integration - OnlyTests Approach › should test all AI services" classname="ui\crm-onlytests.spec.ts" time="12.173">
<failure message="crm-onlytests.spec.ts:70:7 should test all AI services" type="FAILURE">
<![CDATA[  [Safari - OnlyTests] › ui\crm-onlytests.spec.ts:70:7 › CRM AI Integration - OnlyTests Approach › should test all AI services 

    TimeoutError: locator.click: Timeout 10000ms exceeded.
    Call log:
      - waiting for getByRole('button', { name: 'Test OpenRouter Connection' })


       at ..\src\pages\ai-settings-page.ts:32

      30 |
      31 |   async testOpenRouterConnection(): Promise<boolean> {
    > 32 |     await this.testOpenRouterButton.click();
         |                                     ^
      33 |     try {
      34 |       await this.page.getByText('OpenRouter: Connected').waitFor({ timeout: 10000 });
      35 |       return true;
        at AISettingsPage.testOpenRouterConnection (E:\My\AI-Fitness_Coach_360\dev-crm\src\pages\ai-settings-page.ts:32:37)
        at AISettingsPage.testAllAIServices (E:\My\AI-Fitness_Coach_360\dev-crm\src\pages\ai-settings-page.ts:62:35)
        at E:\My\AI-Fitness_Coach_360\dev-crm\tests\ui\crm-onlytests.spec.ts:73:42

    attachment #1: screenshot (image/png) ──────────────────────────────────────────────────────────
    ..\test-results\ui-crm-onlytests-CRM-AI-In-47147-should-test-all-AI-services-Safari---OnlyTests\test-failed-1.png
    ────────────────────────────────────────────────────────────────────────────────────────────────

    attachment #2: video (video/webm) ──────────────────────────────────────────────────────────────
    ..\test-results\ui-crm-onlytests-CRM-AI-In-47147-should-test-all-AI-services-Safari---OnlyTests\video.webm
    ────────────────────────────────────────────────────────────────────────────────────────────────

    Error Context: ..\test-results\ui-crm-onlytests-CRM-AI-In-47147-should-test-all-AI-services-Safari---OnlyTests\error-context.md
]]>
</failure>
<system-out>
<![CDATA[
[[ATTACHMENT|test-results\ui-crm-onlytests-CRM-AI-In-47147-should-test-all-AI-services-Safari---OnlyTests\test-failed-1.png]]

[[ATTACHMENT|test-results\ui-crm-onlytests-CRM-AI-In-47147-should-test-all-AI-services-Safari---OnlyTests\video.webm]]

[[ATTACHMENT|test-results\ui-crm-onlytests-CRM-AI-In-47147-should-test-all-AI-services-Safari---OnlyTests\error-context.md]]
]]>
</system-out>
</testcase>
<testcase name="CRM AI Integration - OnlyTests Approach › should handle AI service failure gracefully" classname="ui\crm-onlytests.spec.ts" time="11.819">
<failure message="crm-onlytests.spec.ts:80:7 should handle AI service failure gracefully" type="FAILURE">
<![CDATA[  [Safari - OnlyTests] › ui\crm-onlytests.spec.ts:80:7 › CRM AI Integration - OnlyTests Approach › should handle AI service failure gracefully 

    TimeoutError: locator.click: Timeout 10000ms exceeded.
    Call log:
      - waiting for getByRole('button', { name: 'Test OpenRouter Connection' })


       at ..\src\pages\ai-settings-page.ts:32

      30 |
      31 |   async testOpenRouterConnection(): Promise<boolean> {
    > 32 |     await this.testOpenRouterButton.click();
         |                                     ^
      33 |     try {
      34 |       await this.page.getByText('OpenRouter: Connected').waitFor({ timeout: 10000 });
      35 |       return true;
        at AISettingsPage.testOpenRouterConnection (E:\My\AI-Fitness_Coach_360\dev-crm\src\pages\ai-settings-page.ts:32:37)
        at E:\My\AI-Fitness_Coach_360\dev-crm\tests\ui\crm-onlytests.spec.ts:88:54

    attachment #1: screenshot (image/png) ──────────────────────────────────────────────────────────
    ..\test-results\ui-crm-onlytests-CRM-AI-In-eec6b--service-failure-gracefully-Safari---OnlyTests\test-failed-1.png
    ────────────────────────────────────────────────────────────────────────────────────────────────

    attachment #2: video (video/webm) ──────────────────────────────────────────────────────────────
    ..\test-results\ui-crm-onlytests-CRM-AI-In-eec6b--service-failure-gracefully-Safari---OnlyTests\video.webm
    ────────────────────────────────────────────────────────────────────────────────────────────────

    Error Context: ..\test-results\ui-crm-onlytests-CRM-AI-In-eec6b--service-failure-gracefully-Safari---OnlyTests\error-context.md
]]>
</failure>
<system-out>
<![CDATA[
[[ATTACHMENT|test-results\ui-crm-onlytests-CRM-AI-In-eec6b--service-failure-gracefully-Safari---OnlyTests\test-failed-1.png]]

[[ATTACHMENT|test-results\ui-crm-onlytests-CRM-AI-In-eec6b--service-failure-gracefully-Safari---OnlyTests\video.webm]]

[[ATTACHMENT|test-results\ui-crm-onlytests-CRM-AI-In-eec6b--service-failure-gracefully-Safari---OnlyTests\error-context.md]]
]]>
</system-out>
</testcase>
<testcase name="CRM AI Integration - OnlyTests Approach › should test individual AI services" classname="ui\crm-onlytests.spec.ts" time="12.121">
<failure message="crm-onlytests.spec.ts:92:7 should test individual AI services" type="FAILURE">
<![CDATA[  [Safari - OnlyTests] › ui\crm-onlytests.spec.ts:92:7 › CRM AI Integration - OnlyTests Approach › should test individual AI services 

    TimeoutError: locator.click: Timeout 10000ms exceeded.
    Call log:
      - waiting for getByRole('button', { name: 'Test OpenRouter Connection' })


       at ..\src\pages\ai-settings-page.ts:32

      30 |
      31 |   async testOpenRouterConnection(): Promise<boolean> {
    > 32 |     await this.testOpenRouterButton.click();
         |                                     ^
      33 |     try {
      34 |       await this.page.getByText('OpenRouter: Connected').waitFor({ timeout: 10000 });
      35 |       return true;
        at AISettingsPage.testOpenRouterConnection (E:\My\AI-Fitness_Coach_360\dev-crm\src\pages\ai-settings-page.ts:32:37)
        at E:\My\AI-Fitness_Coach_360\dev-crm\tests\ui\crm-onlytests.spec.ts:95:54

    attachment #1: screenshot (image/png) ──────────────────────────────────────────────────────────
    ..\test-results\ui-crm-onlytests-CRM-AI-In-35e65-test-individual-AI-services-Safari---OnlyTests\test-failed-1.png
    ────────────────────────────────────────────────────────────────────────────────────────────────

    attachment #2: video (video/webm) ──────────────────────────────────────────────────────────────
    ..\test-results\ui-crm-onlytests-CRM-AI-In-35e65-test-individual-AI-services-Safari---OnlyTests\video.webm
    ────────────────────────────────────────────────────────────────────────────────────────────────

    Error Context: ..\test-results\ui-crm-onlytests-CRM-AI-In-35e65-test-individual-AI-services-Safari---OnlyTests\error-context.md
]]>
</failure>
<system-out>
<![CDATA[
[[ATTACHMENT|test-results\ui-crm-onlytests-CRM-AI-In-35e65-test-individual-AI-services-Safari---OnlyTests\test-failed-1.png]]

[[ATTACHMENT|test-results\ui-crm-onlytests-CRM-AI-In-35e65-test-individual-AI-services-Safari---OnlyTests\video.webm]]

[[ATTACHMENT|test-results\ui-crm-onlytests-CRM-AI-In-35e65-test-individual-AI-services-Safari---OnlyTests\error-context.md]]
]]>
</system-out>
</testcase>
<testcase name="CRM User Workflows - OnlyTests Approach › should complete full project workflow" classname="ui\crm-onlytests.spec.ts" time="12.245">
<failure message="crm-onlytests.spec.ts:106:7 should complete full project workflow" type="FAILURE">
<![CDATA[  [Safari - OnlyTests] › ui\crm-onlytests.spec.ts:106:7 › CRM User Workflows - OnlyTests Approach › should complete full project workflow 

    TimeoutError: locator.click: Timeout 10000ms exceeded.
    Call log:
      - waiting for getByRole('button', { name: 'New Project' })


       at ..\src\pages\projects-page.ts:52

      50 |
      51 |   async createProjectWithAI(name: string, description: string, priority: string = 'high'): Promise<void> {
    > 52 |     await this.newProjectButton.click();
         |                                 ^
      53 |     await this.projectNameInput.fill(name);
      54 |     await this.projectDescriptionInput.fill(description);
      55 |     await this.prioritySelect.selectOption(priority);
        at ProjectsPage.createProjectWithAI (E:\My\AI-Fitness_Coach_360\dev-crm\src\pages\projects-page.ts:52:33)
        at E:\My\AI-Fitness_Coach_360\dev-crm\tests\ui\crm-onlytests.spec.ts:109:24

    attachment #1: screenshot (image/png) ──────────────────────────────────────────────────────────
    ..\test-results\ui-crm-onlytests-CRM-User--ed24f-plete-full-project-workflow-Safari---OnlyTests\test-failed-1.png
    ────────────────────────────────────────────────────────────────────────────────────────────────

    attachment #2: video (video/webm) ──────────────────────────────────────────────────────────────
    ..\test-results\ui-crm-onlytests-CRM-User--ed24f-plete-full-project-workflow-Safari---OnlyTests\video.webm
    ────────────────────────────────────────────────────────────────────────────────────────────────

    Error Context: ..\test-results\ui-crm-onlytests-CRM-User--ed24f-plete-full-project-workflow-Safari---OnlyTests\error-context.md
]]>
</failure>
<system-out>
<![CDATA[
[[ATTACHMENT|test-results\ui-crm-onlytests-CRM-User--ed24f-plete-full-project-workflow-Safari---OnlyTests\test-failed-1.png]]

[[ATTACHMENT|test-results\ui-crm-onlytests-CRM-User--ed24f-plete-full-project-workflow-Safari---OnlyTests\video.webm]]

[[ATTACHMENT|test-results\ui-crm-onlytests-CRM-User--ed24f-plete-full-project-workflow-Safari---OnlyTests\error-context.md]]
]]>
</system-out>
</testcase>
<testcase name="CRM User Workflows - OnlyTests Approach › should handle project with multiple tasks" classname="ui\crm-onlytests.spec.ts" time="11.978">
<failure message="crm-onlytests.spec.ts:129:7 should handle project with multiple tasks" type="FAILURE">
<![CDATA[  [Safari - OnlyTests] › ui\crm-onlytests.spec.ts:129:7 › CRM User Workflows - OnlyTests Approach › should handle project with multiple tasks 

    TimeoutError: locator.click: Timeout 10000ms exceeded.
    Call log:
      - waiting for getByRole('button', { name: 'New Project' })


       at ..\src\pages\projects-page.ts:44

      42 |
      43 |   async createProject(name: string, description: string, priority: string = 'medium'): Promise<void> {
    > 44 |     await this.newProjectButton.click();
         |                                 ^
      45 |     await this.projectNameInput.fill(name);
      46 |     await this.projectDescriptionInput.fill(description);
      47 |     await this.prioritySelect.selectOption(priority);
        at ProjectsPage.createProject (E:\My\AI-Fitness_Coach_360\dev-crm\src\pages\projects-page.ts:44:33)
        at E:\My\AI-Fitness_Coach_360\dev-crm\tests\ui\crm-onlytests.spec.ts:132:24

    attachment #1: screenshot (image/png) ──────────────────────────────────────────────────────────
    ..\test-results\ui-crm-onlytests-CRM-User--83033-project-with-multiple-tasks-Safari---OnlyTests\test-failed-1.png
    ────────────────────────────────────────────────────────────────────────────────────────────────

    attachment #2: video (video/webm) ──────────────────────────────────────────────────────────────
    ..\test-results\ui-crm-onlytests-CRM-User--83033-project-with-multiple-tasks-Safari---OnlyTests\video.webm
    ────────────────────────────────────────────────────────────────────────────────────────────────

    Error Context: ..\test-results\ui-crm-onlytests-CRM-User--83033-project-with-multiple-tasks-Safari---OnlyTests\error-context.md
]]>
</failure>
<system-out>
<![CDATA[
[[ATTACHMENT|test-results\ui-crm-onlytests-CRM-User--83033-project-with-multiple-tasks-Safari---OnlyTests\test-failed-1.png]]

[[ATTACHMENT|test-results\ui-crm-onlytests-CRM-User--83033-project-with-multiple-tasks-Safari---OnlyTests\video.webm]]

[[ATTACHMENT|test-results\ui-crm-onlytests-CRM-User--83033-project-with-multiple-tasks-Safari---OnlyTests\error-context.md]]
]]>
</system-out>
</testcase>
<testcase name="CRM Error Handling - OnlyTests Approach › should handle network errors gracefully" classname="ui\crm-onlytests.spec.ts" time="12.164">
<failure message="crm-onlytests.spec.ts:152:7 should handle network errors gracefully" type="FAILURE">
<![CDATA[  [Safari - OnlyTests] › ui\crm-onlytests.spec.ts:152:7 › CRM Error Handling - OnlyTests Approach › should handle network errors gracefully 

    TimeoutError: locator.click: Timeout 10000ms exceeded.
    Call log:
      - waiting for getByRole('button', { name: 'New Project' })


       at ..\src\pages\projects-page.ts:44

      42 |
      43 |   async createProject(name: string, description: string, priority: string = 'medium'): Promise<void> {
    > 44 |     await this.newProjectButton.click();
         |                                 ^
      45 |     await this.projectNameInput.fill(name);
      46 |     await this.projectDescriptionInput.fill(description);
      47 |     await this.prioritySelect.selectOption(priority);
        at ProjectsPage.createProject (E:\My\AI-Fitness_Coach_360\dev-crm\src\pages\projects-page.ts:44:33)
        at E:\My\AI-Fitness_Coach_360\dev-crm\tests\ui\crm-onlytests.spec.ts:159:24

    attachment #1: screenshot (image/png) ──────────────────────────────────────────────────────────
    ..\test-results\ui-crm-onlytests-CRM-Error-4ad97-e-network-errors-gracefully-Safari---OnlyTests\test-failed-1.png
    ────────────────────────────────────────────────────────────────────────────────────────────────

    attachment #2: video (video/webm) ──────────────────────────────────────────────────────────────
    ..\test-results\ui-crm-onlytests-CRM-Error-4ad97-e-network-errors-gracefully-Safari---OnlyTests\video.webm
    ────────────────────────────────────────────────────────────────────────────────────────────────

    Error Context: ..\test-results\ui-crm-onlytests-CRM-Error-4ad97-e-network-errors-gracefully-Safari---OnlyTests\error-context.md
]]>
</failure>
<system-out>
<![CDATA[
[[ATTACHMENT|test-results\ui-crm-onlytests-CRM-Error-4ad97-e-network-errors-gracefully-Safari---OnlyTests\test-failed-1.png]]

[[ATTACHMENT|test-results\ui-crm-onlytests-CRM-Error-4ad97-e-network-errors-gracefully-Safari---OnlyTests\video.webm]]

[[ATTACHMENT|test-results\ui-crm-onlytests-CRM-Error-4ad97-e-network-errors-gracefully-Safari---OnlyTests\error-context.md]]
]]>
</system-out>
</testcase>
<testcase name="CRM Error Handling - OnlyTests Approach › should handle validation errors" classname="ui\crm-onlytests.spec.ts" time="11.871">
<failure message="crm-onlytests.spec.ts:166:7 should handle validation errors" type="FAILURE">
<![CDATA[  [Safari - OnlyTests] › ui\crm-onlytests.spec.ts:166:7 › CRM Error Handling - OnlyTests Approach › should handle validation errors 

    TimeoutError: locator.click: Timeout 10000ms exceeded.
    Call log:
      - waiting for getByRole('button', { name: 'New Project' })


      168 |     
      169 |     // Попытка создания проекта с пустым именем
    > 170 |     await projectsPage.newProjectButton.click();
          |                                         ^
      171 |     await projectsPage.saveProjectButton.click();
      172 |     
      173 |     // Проверка валидации
        at E:\My\AI-Fitness_Coach_360\dev-crm\tests\ui\crm-onlytests.spec.ts:170:41

    attachment #1: screenshot (image/png) ──────────────────────────────────────────────────────────
    ..\test-results\ui-crm-onlytests-CRM-Error-1dec1-ld-handle-validation-errors-Safari---OnlyTests\test-failed-1.png
    ────────────────────────────────────────────────────────────────────────────────────────────────

    attachment #2: video (video/webm) ──────────────────────────────────────────────────────────────
    ..\test-results\ui-crm-onlytests-CRM-Error-1dec1-ld-handle-validation-errors-Safari---OnlyTests\video.webm
    ────────────────────────────────────────────────────────────────────────────────────────────────

    Error Context: ..\test-results\ui-crm-onlytests-CRM-Error-1dec1-ld-handle-validation-errors-Safari---OnlyTests\error-context.md
]]>
</failure>
<system-out>
<![CDATA[
[[ATTACHMENT|test-results\ui-crm-onlytests-CRM-Error-1dec1-ld-handle-validation-errors-Safari---OnlyTests\test-failed-1.png]]

[[ATTACHMENT|test-results\ui-crm-onlytests-CRM-Error-1dec1-ld-handle-validation-errors-Safari---OnlyTests\video.webm]]

[[ATTACHMENT|test-results\ui-crm-onlytests-CRM-Error-1dec1-ld-handle-validation-errors-Safari---OnlyTests\error-context.md]]
]]>
</system-out>
</testcase>
<testcase name="CRM Error Handling - OnlyTests Approach › should handle AI service timeout" classname="ui\crm-onlytests.spec.ts" time="12.189">
<failure message="crm-onlytests.spec.ts:177:7 should handle AI service timeout" type="FAILURE">
<![CDATA[  [Safari - OnlyTests] › ui\crm-onlytests.spec.ts:177:7 › CRM Error Handling - OnlyTests Approach › should handle AI service timeout 

    TimeoutError: locator.click: Timeout 10000ms exceeded.
    Call log:
      - waiting for getByRole('button', { name: 'Test OpenRouter Connection' })


       at ..\src\pages\ai-settings-page.ts:32

      30 |
      31 |   async testOpenRouterConnection(): Promise<boolean> {
    > 32 |     await this.testOpenRouterButton.click();
         |                                     ^
      33 |     try {
      34 |       await this.page.getByText('OpenRouter: Connected').waitFor({ timeout: 10000 });
      35 |       return true;
        at AISettingsPage.testOpenRouterConnection (E:\My\AI-Fitness_Coach_360\dev-crm\src\pages\ai-settings-page.ts:32:37)
        at E:\My\AI-Fitness_Coach_360\dev-crm\tests\ui\crm-onlytests.spec.ts:187:54

    attachment #1: screenshot (image/png) ──────────────────────────────────────────────────────────
    ..\test-results\ui-crm-onlytests-CRM-Error-5b80b-d-handle-AI-service-timeout-Safari---OnlyTests\test-failed-1.png
    ────────────────────────────────────────────────────────────────────────────────────────────────

    attachment #2: video (video/webm) ──────────────────────────────────────────────────────────────
    ..\test-results\ui-crm-onlytests-CRM-Error-5b80b-d-handle-AI-service-timeout-Safari---OnlyTests\video.webm
    ────────────────────────────────────────────────────────────────────────────────────────────────

    Error Context: ..\test-results\ui-crm-onlytests-CRM-Error-5b80b-d-handle-AI-service-timeout-Safari---OnlyTests\error-context.md
]]>
</failure>
<system-out>
<![CDATA[
[[ATTACHMENT|test-results\ui-crm-onlytests-CRM-Error-5b80b-d-handle-AI-service-timeout-Safari---OnlyTests\test-failed-1.png]]

[[ATTACHMENT|test-results\ui-crm-onlytests-CRM-Error-5b80b-d-handle-AI-service-timeout-Safari---OnlyTests\video.webm]]

[[ATTACHMENT|test-results\ui-crm-onlytests-CRM-Error-5b80b-d-handle-AI-service-timeout-Safari---OnlyTests\error-context.md]]
]]>
</system-out>
</testcase>
<testcase name="CRM Performance - OnlyTests Approach › should load pages within acceptable time" classname="ui\crm-onlytests.spec.ts" time="2.85">
</testcase>
<testcase name="CRM Performance - OnlyTests Approach › should handle large datasets efficiently" classname="ui\crm-onlytests.spec.ts" time="12.817">
<failure message="crm-onlytests.spec.ts:207:7 should handle large datasets efficiently" type="FAILURE">
<![CDATA[  [Safari - OnlyTests] › ui\crm-onlytests.spec.ts:207:7 › CRM Performance - OnlyTests Approach › should handle large datasets efficiently 

    Error: expect(locator).toBeVisible() failed

    Locator:  getByText('Project 1')
    Expected: visible
    Received: <element(s) not found>
    Timeout:  10000ms

    Call log:
      - Expect "toBeVisible" with timeout 10000ms
      - waiting for getByText('Project 1')


      220 |     
      221 |     // Проверка загрузки большого количества проектов
    > 222 |     await expect(projectsPage.page.getByText('Project 1')).toBeVisible();
          |                                                            ^
      223 |     await expect(projectsPage.page.getByText('Project 100')).toBeVisible();
      224 |     
      225 |     // Проверка производительности пагинации
        at E:\My\AI-Fitness_Coach_360\dev-crm\tests\ui\crm-onlytests.spec.ts:222:60

    attachment #1: screenshot (image/png) ──────────────────────────────────────────────────────────
    ..\test-results\ui-crm-onlytests-CRM-Perfo-3e034--large-datasets-efficiently-Safari---OnlyTests\test-failed-1.png
    ────────────────────────────────────────────────────────────────────────────────────────────────

    attachment #2: video (video/webm) ──────────────────────────────────────────────────────────────
    ..\test-results\ui-crm-onlytests-CRM-Perfo-3e034--large-datasets-efficiently-Safari---OnlyTests\video.webm
    ────────────────────────────────────────────────────────────────────────────────────────────────

    Error Context: ..\test-results\ui-crm-onlytests-CRM-Perfo-3e034--large-datasets-efficiently-Safari---OnlyTests\error-context.md
]]>
</failure>
<system-out>
<![CDATA[
[[ATTACHMENT|test-results\ui-crm-onlytests-CRM-Perfo-3e034--large-datasets-efficiently-Safari---OnlyTests\test-failed-1.png]]

[[ATTACHMENT|test-results\ui-crm-onlytests-CRM-Perfo-3e034--large-datasets-efficiently-Safari---OnlyTests\video.webm]]

[[ATTACHMENT|test-results\ui-crm-onlytests-CRM-Perfo-3e034--large-datasets-efficiently-Safari---OnlyTests\error-context.md]]
]]>
</system-out>
</testcase>
<testcase name="CRM Accessibility - OnlyTests Approach › should support keyboard navigation" classname="ui\crm-onlytests.spec.ts" time="12.799">
<failure message="crm-onlytests.spec.ts:234:7 should support keyboard navigation" type="FAILURE">
<![CDATA[  [Safari - OnlyTests] › ui\crm-onlytests.spec.ts:234:7 › CRM Accessibility - OnlyTests Approach › should support keyboard navigation 

    Error: expect(locator).toBeFocused() failed

    Locator:  getByRole('button', { name: 'New Project' })
    Expected: focused
    Received: <element(s) not found>
    Timeout:  10000ms

    Call log:
      - Expect "toBeFocused" with timeout 10000ms
      - waiting for getByRole('button', { name: 'New Project' })


      241 |     
      242 |     // Проверка фокуса на кнопке
    > 243 |     await expect(projectsPage.newProjectButton).toBeFocused();
          |                                                 ^
      244 |   });
      245 |
      246 |   test('should have proper ARIA attributes', async ({ projectsPage }) => {
        at E:\My\AI-Fitness_Coach_360\dev-crm\tests\ui\crm-onlytests.spec.ts:243:49

    attachment #1: screenshot (image/png) ──────────────────────────────────────────────────────────
    ..\test-results\ui-crm-onlytests-CRM-Acces-605c1-support-keyboard-navigation-Safari---OnlyTests\test-failed-1.png
    ────────────────────────────────────────────────────────────────────────────────────────────────

    attachment #2: video (video/webm) ──────────────────────────────────────────────────────────────
    ..\test-results\ui-crm-onlytests-CRM-Acces-605c1-support-keyboard-navigation-Safari---OnlyTests\video.webm
    ────────────────────────────────────────────────────────────────────────────────────────────────

    Error Context: ..\test-results\ui-crm-onlytests-CRM-Acces-605c1-support-keyboard-navigation-Safari---OnlyTests\error-context.md
]]>
</failure>
<system-out>
<![CDATA[
[[ATTACHMENT|test-results\ui-crm-onlytests-CRM-Acces-605c1-support-keyboard-navigation-Safari---OnlyTests\test-failed-1.png]]

[[ATTACHMENT|test-results\ui-crm-onlytests-CRM-Acces-605c1-support-keyboard-navigation-Safari---OnlyTests\video.webm]]

[[ATTACHMENT|test-results\ui-crm-onlytests-CRM-Acces-605c1-support-keyboard-navigation-Safari---OnlyTests\error-context.md]]
]]>
</system-out>
</testcase>
<testcase name="CRM Accessibility - OnlyTests Approach › should have proper ARIA attributes" classname="ui\crm-onlytests.spec.ts" time="12.033">
<failure message="crm-onlytests.spec.ts:246:7 should have proper ARIA attributes" type="FAILURE">
<![CDATA[  [Safari - OnlyTests] › ui\crm-onlytests.spec.ts:246:7 › CRM Accessibility - OnlyTests Approach › should have proper ARIA attributes 

    Error: expect(locator).toBeVisible() failed

    Locator:  getByRole('button', { name: 'New Project' })
    Expected: visible
    Received: <element(s) not found>
    Timeout:  10000ms

    Call log:
      - Expect "toBeVisible" with timeout 10000ms
      - waiting for getByRole('button', { name: 'New Project' })


      248 |     
      249 |     // Проверка ARIA атрибутов
    > 250 |     await expect(projectsPage.newProjectButton).toBeVisible();
          |                                                 ^
      251 |     await expect(projectsPage.page.getByRole('heading', { name: 'Projects' })).toBeVisible();
      252 |     await expect(projectsPage.page.getByRole('main')).toBeVisible();
      253 |     await expect(projectsPage.page.getByRole('navigation')).toBeVisible();
        at E:\My\AI-Fitness_Coach_360\dev-crm\tests\ui\crm-onlytests.spec.ts:250:49

    attachment #1: screenshot (image/png) ──────────────────────────────────────────────────────────
    ..\test-results\ui-crm-onlytests-CRM-Acces-65dac-have-proper-ARIA-attributes-Safari---OnlyTests\test-failed-1.png
    ────────────────────────────────────────────────────────────────────────────────────────────────

    attachment #2: video (video/webm) ──────────────────────────────────────────────────────────────
    ..\test-results\ui-crm-onlytests-CRM-Acces-65dac-have-proper-ARIA-attributes-Safari---OnlyTests\video.webm
    ────────────────────────────────────────────────────────────────────────────────────────────────

    Error Context: ..\test-results\ui-crm-onlytests-CRM-Acces-65dac-have-proper-ARIA-attributes-Safari---OnlyTests\error-context.md
]]>
</failure>
<system-out>
<![CDATA[
[[ATTACHMENT|test-results\ui-crm-onlytests-CRM-Acces-65dac-have-proper-ARIA-attributes-Safari---OnlyTests\test-failed-1.png]]

[[ATTACHMENT|test-results\ui-crm-onlytests-CRM-Acces-65dac-have-proper-ARIA-attributes-Safari---OnlyTests\video.webm]]

[[ATTACHMENT|test-results\ui-crm-onlytests-CRM-Acces-65dac-have-proper-ARIA-attributes-Safari---OnlyTests\error-context.md]]
]]>
</system-out>
</testcase>
<testcase name="CRM Mobile - OnlyTests Approach › should work on mobile devices" classname="ui\crm-onlytests.spec.ts" time="12.151">
<failure message="crm-onlytests.spec.ts:258:7 should work on mobile devices" type="FAILURE">
<![CDATA[  [Safari - OnlyTests] › ui\crm-onlytests.spec.ts:258:7 › CRM Mobile - OnlyTests Approach › should work on mobile devices 

    TimeoutError: locator.click: Timeout 10000ms exceeded.
    Call log:
      - waiting for getByRole('button', { name: 'Menu' })


      263 |     
      264 |     // Проверка мобильного меню
    > 265 |     await projectsPage.page.getByRole('button', { name: 'Menu' }).click();
          |                                                                   ^
      266 |     await expect(projectsPage.page.getByRole('navigation')).toBeVisible();
      267 |     
      268 |     // Проверка создания проекта на мобильном
        at E:\My\AI-Fitness_Coach_360\dev-crm\tests\ui\crm-onlytests.spec.ts:265:67

    attachment #1: screenshot (image/png) ──────────────────────────────────────────────────────────
    ..\test-results\ui-crm-onlytests-CRM-Mobil-0b67b-ould-work-on-mobile-devices-Safari---OnlyTests\test-failed-1.png
    ────────────────────────────────────────────────────────────────────────────────────────────────

    attachment #2: video (video/webm) ──────────────────────────────────────────────────────────────
    ..\test-results\ui-crm-onlytests-CRM-Mobil-0b67b-ould-work-on-mobile-devices-Safari---OnlyTests\video.webm
    ────────────────────────────────────────────────────────────────────────────────────────────────

    Error Context: ..\test-results\ui-crm-onlytests-CRM-Mobil-0b67b-ould-work-on-mobile-devices-Safari---OnlyTests\error-context.md
]]>
</failure>
<system-out>
<![CDATA[
[[ATTACHMENT|test-results\ui-crm-onlytests-CRM-Mobil-0b67b-ould-work-on-mobile-devices-Safari---OnlyTests\test-failed-1.png]]

[[ATTACHMENT|test-results\ui-crm-onlytests-CRM-Mobil-0b67b-ould-work-on-mobile-devices-Safari---OnlyTests\video.webm]]

[[ATTACHMENT|test-results\ui-crm-onlytests-CRM-Mobil-0b67b-ould-work-on-mobile-devices-Safari---OnlyTests\error-context.md]]
]]>
</system-out>
</testcase>
<testcase name="CRM Mobile - OnlyTests Approach › should work on tablet devices" classname="ui\crm-onlytests.spec.ts" time="12.599">
<failure message="crm-onlytests.spec.ts:275:7 should work on tablet devices" type="FAILURE">
<![CDATA[  [Safari - OnlyTests] › ui\crm-onlytests.spec.ts:275:7 › CRM Mobile - OnlyTests Approach › should work on tablet devices 

    TimeoutError: locator.click: Timeout 10000ms exceeded.
    Call log:
      - waiting for getByRole('button', { name: 'New Task' })


       at ..\src\pages\tasks-page.ts:44

      42 |
      43 |   async createTask(title: string, description: string, priority: string = 'medium'): Promise<void> {
    > 44 |     await this.newTaskButton.click();
         |                              ^
      45 |     await this.taskTitleInput.fill(title);
      46 |     await this.taskDescriptionInput.fill(description);
      47 |     await this.prioritySelect.selectOption(priority);
        at TasksPage.createTask (E:\My\AI-Fitness_Coach_360\dev-crm\src\pages\tasks-page.ts:44:30)
        at E:\My\AI-Fitness_Coach_360\dev-crm\tests\ui\crm-onlytests.spec.ts:282:21

    attachment #1: screenshot (image/png) ──────────────────────────────────────────────────────────
    ..\test-results\ui-crm-onlytests-CRM-Mobil-fd744-ould-work-on-tablet-devices-Safari---OnlyTests\test-failed-1.png
    ────────────────────────────────────────────────────────────────────────────────────────────────

    attachment #2: video (video/webm) ──────────────────────────────────────────────────────────────
    ..\test-results\ui-crm-onlytests-CRM-Mobil-fd744-ould-work-on-tablet-devices-Safari---OnlyTests\video.webm
    ────────────────────────────────────────────────────────────────────────────────────────────────

    Error Context: ..\test-results\ui-crm-onlytests-CRM-Mobil-fd744-ould-work-on-tablet-devices-Safari---OnlyTests\error-context.md
]]>
</failure>
<system-out>
<![CDATA[
[[ATTACHMENT|test-results\ui-crm-onlytests-CRM-Mobil-fd744-ould-work-on-tablet-devices-Safari---OnlyTests\test-failed-1.png]]

[[ATTACHMENT|test-results\ui-crm-onlytests-CRM-Mobil-fd744-ould-work-on-tablet-devices-Safari---OnlyTests\video.webm]]

[[ATTACHMENT|test-results\ui-crm-onlytests-CRM-Mobil-fd744-ould-work-on-tablet-devices-Safari---OnlyTests\error-context.md]]
]]>
</system-out>
</testcase>
</testsuite>
<testsuite name="ui\crm-onlytests.spec.ts" timestamp="2025-09-25T16:07:00.269Z" hostname="AI Integration - OnlyTests" tests="20" failures="19" skipped="0" time="235.623" errors="0">
<testcase name="CRM Projects - OnlyTests Approach › should create new project" classname="ui\crm-onlytests.spec.ts" time="12.674">
<failure message="crm-onlytests.spec.ts:10:7 should create new project" type="FAILURE">
<![CDATA[  [AI Integration - OnlyTests] › ui\crm-onlytests.spec.ts:10:7 › CRM Projects - OnlyTests Approach › should create new project 

    TimeoutError: locator.click: Timeout 10000ms exceeded.
    Call log:
      - waiting for getByRole('button', { name: 'New Project' })


       at ..\src\pages\projects-page.ts:44

      42 |
      43 |   async createProject(name: string, description: string, priority: string = 'medium'): Promise<void> {
    > 44 |     await this.newProjectButton.click();
         |                                 ^
      45 |     await this.projectNameInput.fill(name);
      46 |     await this.projectDescriptionInput.fill(description);
      47 |     await this.prioritySelect.selectOption(priority);
        at ProjectsPage.createProject (E:\My\AI-Fitness_Coach_360\dev-crm\src\pages\projects-page.ts:44:33)
        at E:\My\AI-Fitness_Coach_360\dev-crm\tests\ui\crm-onlytests.spec.ts:12:24

    attachment #1: screenshot (image/png) ──────────────────────────────────────────────────────────
    ..\test-results\ui-crm-onlytests-CRM-Proje-edb53-h-should-create-new-project-AI-Integration---OnlyTests\test-failed-1.png
    ────────────────────────────────────────────────────────────────────────────────────────────────

    attachment #2: video (video/webm) ──────────────────────────────────────────────────────────────
    ..\test-results\ui-crm-onlytests-CRM-Proje-edb53-h-should-create-new-project-AI-Integration---OnlyTests\video.webm
    ────────────────────────────────────────────────────────────────────────────────────────────────

    Error Context: ..\test-results\ui-crm-onlytests-CRM-Proje-edb53-h-should-create-new-project-AI-Integration---OnlyTests\error-context.md
]]>
</failure>
<system-out>
<![CDATA[
[[ATTACHMENT|test-results\ui-crm-onlytests-CRM-Proje-edb53-h-should-create-new-project-AI-Integration---OnlyTests\test-failed-1.png]]

[[ATTACHMENT|test-results\ui-crm-onlytests-CRM-Proje-edb53-h-should-create-new-project-AI-Integration---OnlyTests\video.webm]]

[[ATTACHMENT|test-results\ui-crm-onlytests-CRM-Proje-edb53-h-should-create-new-project-AI-Integration---OnlyTests\error-context.md]]
]]>
</system-out>
</testcase>
<testcase name="CRM Projects - OnlyTests Approach › should create project with AI analysis" classname="ui\crm-onlytests.spec.ts" time="12.324">
<failure message="crm-onlytests.spec.ts:18:7 should create project with AI analysis" type="FAILURE">
<![CDATA[  [AI Integration - OnlyTests] › ui\crm-onlytests.spec.ts:18:7 › CRM Projects - OnlyTests Approach › should create project with AI analysis 

    TimeoutError: locator.click: Timeout 10000ms exceeded.
    Call log:
      - waiting for getByRole('button', { name: 'New Project' })


       at ..\src\pages\projects-page.ts:52

      50 |
      51 |   async createProjectWithAI(name: string, description: string, priority: string = 'high'): Promise<void> {
    > 52 |     await this.newProjectButton.click();
         |                                 ^
      53 |     await this.projectNameInput.fill(name);
      54 |     await this.projectDescriptionInput.fill(description);
      55 |     await this.prioritySelect.selectOption(priority);
        at ProjectsPage.createProjectWithAI (E:\My\AI-Fitness_Coach_360\dev-crm\src\pages\projects-page.ts:52:33)
        at E:\My\AI-Fitness_Coach_360\dev-crm\tests\ui\crm-onlytests.spec.ts:20:24

    attachment #1: screenshot (image/png) ──────────────────────────────────────────────────────────
    ..\test-results\ui-crm-onlytests-CRM-Proje-b1d10-te-project-with-AI-analysis-AI-Integration---OnlyTests\test-failed-1.png
    ────────────────────────────────────────────────────────────────────────────────────────────────

    attachment #2: video (video/webm) ──────────────────────────────────────────────────────────────
    ..\test-results\ui-crm-onlytests-CRM-Proje-b1d10-te-project-with-AI-analysis-AI-Integration---OnlyTests\video.webm
    ────────────────────────────────────────────────────────────────────────────────────────────────

    Error Context: ..\test-results\ui-crm-onlytests-CRM-Proje-b1d10-te-project-with-AI-analysis-AI-Integration---OnlyTests\error-context.md
]]>
</failure>
<system-out>
<![CDATA[
[[ATTACHMENT|test-results\ui-crm-onlytests-CRM-Proje-b1d10-te-project-with-AI-analysis-AI-Integration---OnlyTests\test-failed-1.png]]

[[ATTACHMENT|test-results\ui-crm-onlytests-CRM-Proje-b1d10-te-project-with-AI-analysis-AI-Integration---OnlyTests\video.webm]]

[[ATTACHMENT|test-results\ui-crm-onlytests-CRM-Proje-b1d10-te-project-with-AI-analysis-AI-Integration---OnlyTests\error-context.md]]
]]>
</system-out>
</testcase>
<testcase name="CRM Projects - OnlyTests Approach › should delete project" classname="ui\crm-onlytests.spec.ts" time="12.185">
<failure message="crm-onlytests.spec.ts:26:7 should delete project" type="FAILURE">
<![CDATA[  [AI Integration - OnlyTests] › ui\crm-onlytests.spec.ts:26:7 › CRM Projects - OnlyTests Approach › should delete project 

    TimeoutError: locator.click: Timeout 10000ms exceeded.
    Call log:
      - waiting for getByRole('button', { name: 'New Project' })


       at ..\src\pages\projects-page.ts:44

      42 |
      43 |   async createProject(name: string, description: string, priority: string = 'medium'): Promise<void> {
    > 44 |     await this.newProjectButton.click();
         |                                 ^
      45 |     await this.projectNameInput.fill(name);
      46 |     await this.projectDescriptionInput.fill(description);
      47 |     await this.prioritySelect.selectOption(priority);
        at ProjectsPage.createProject (E:\My\AI-Fitness_Coach_360\dev-crm\src\pages\projects-page.ts:44:33)
        at E:\My\AI-Fitness_Coach_360\dev-crm\tests\ui\crm-onlytests.spec.ts:29:24

    attachment #1: screenshot (image/png) ──────────────────────────────────────────────────────────
    ..\test-results\ui-crm-onlytests-CRM-Proje-3ece7-roach-should-delete-project-AI-Integration---OnlyTests\test-failed-1.png
    ────────────────────────────────────────────────────────────────────────────────────────────────

    attachment #2: video (video/webm) ──────────────────────────────────────────────────────────────
    ..\test-results\ui-crm-onlytests-CRM-Proje-3ece7-roach-should-delete-project-AI-Integration---OnlyTests\video.webm
    ────────────────────────────────────────────────────────────────────────────────────────────────

    Error Context: ..\test-results\ui-crm-onlytests-CRM-Proje-3ece7-roach-should-delete-project-AI-Integration---OnlyTests\error-context.md
]]>
</failure>
<system-out>
<![CDATA[
[[ATTACHMENT|test-results\ui-crm-onlytests-CRM-Proje-3ece7-roach-should-delete-project-AI-Integration---OnlyTests\test-failed-1.png]]

[[ATTACHMENT|test-results\ui-crm-onlytests-CRM-Proje-3ece7-roach-should-delete-project-AI-Integration---OnlyTests\video.webm]]

[[ATTACHMENT|test-results\ui-crm-onlytests-CRM-Proje-3ece7-roach-should-delete-project-AI-Integration---OnlyTests\error-context.md]]
]]>
</system-out>
</testcase>
<testcase name="CRM Tasks - OnlyTests Approach › should create new task" classname="ui\crm-onlytests.spec.ts" time="12.025">
<failure message="crm-onlytests.spec.ts:41:7 should create new task" type="FAILURE">
<![CDATA[  [AI Integration - OnlyTests] › ui\crm-onlytests.spec.ts:41:7 › CRM Tasks - OnlyTests Approach › should create new task 

    TimeoutError: locator.click: Timeout 10000ms exceeded.
    Call log:
      - waiting for getByRole('button', { name: 'New Task' })


       at ..\src\pages\tasks-page.ts:44

      42 |
      43 |   async createTask(title: string, description: string, priority: string = 'medium'): Promise<void> {
    > 44 |     await this.newTaskButton.click();
         |                              ^
      45 |     await this.taskTitleInput.fill(title);
      46 |     await this.taskDescriptionInput.fill(description);
      47 |     await this.prioritySelect.selectOption(priority);
        at TasksPage.createTask (E:\My\AI-Fitness_Coach_360\dev-crm\src\pages\tasks-page.ts:44:30)
        at E:\My\AI-Fitness_Coach_360\dev-crm\tests\ui\crm-onlytests.spec.ts:43:21

    attachment #1: screenshot (image/png) ──────────────────────────────────────────────────────────
    ..\test-results\ui-crm-onlytests-CRM-Tasks-3103b-oach-should-create-new-task-AI-Integration---OnlyTests\test-failed-1.png
    ────────────────────────────────────────────────────────────────────────────────────────────────

    attachment #2: video (video/webm) ──────────────────────────────────────────────────────────────
    ..\test-results\ui-crm-onlytests-CRM-Tasks-3103b-oach-should-create-new-task-AI-Integration---OnlyTests\video.webm
    ────────────────────────────────────────────────────────────────────────────────────────────────

    Error Context: ..\test-results\ui-crm-onlytests-CRM-Tasks-3103b-oach-should-create-new-task-AI-Integration---OnlyTests\error-context.md
]]>
</failure>
<system-out>
<![CDATA[
[[ATTACHMENT|test-results\ui-crm-onlytests-CRM-Tasks-3103b-oach-should-create-new-task-AI-Integration---OnlyTests\test-failed-1.png]]

[[ATTACHMENT|test-results\ui-crm-onlytests-CRM-Tasks-3103b-oach-should-create-new-task-AI-Integration---OnlyTests\video.webm]]

[[ATTACHMENT|test-results\ui-crm-onlytests-CRM-Tasks-3103b-oach-should-create-new-task-AI-Integration---OnlyTests\error-context.md]]
]]>
</system-out>
</testcase>
<testcase name="CRM Tasks - OnlyTests Approach › should create task with AI recommendations" classname="ui\crm-onlytests.spec.ts" time="12.348">
<failure message="crm-onlytests.spec.ts:49:7 should create task with AI recommendations" type="FAILURE">
<![CDATA[  [AI Integration - OnlyTests] › ui\crm-onlytests.spec.ts:49:7 › CRM Tasks - OnlyTests Approach › should create task with AI recommendations 

    TimeoutError: locator.click: Timeout 10000ms exceeded.
    Call log:
      - waiting for getByRole('button', { name: 'New Task' })


       at ..\src\pages\tasks-page.ts:52

      50 |
      51 |   async createTaskWithAI(title: string, description: string, priority: string = 'high'): Promise<void> {
    > 52 |     await this.newTaskButton.click();
         |                              ^
      53 |     await this.taskTitleInput.fill(title);
      54 |     await this.taskDescriptionInput.fill(description);
      55 |     await this.prioritySelect.selectOption(priority);
        at TasksPage.createTaskWithAI (E:\My\AI-Fitness_Coach_360\dev-crm\src\pages\tasks-page.ts:52:30)
        at E:\My\AI-Fitness_Coach_360\dev-crm\tests\ui\crm-onlytests.spec.ts:51:21

    attachment #1: screenshot (image/png) ──────────────────────────────────────────────────────────
    ..\test-results\ui-crm-onlytests-CRM-Tasks-0decd-ask-with-AI-recommendations-AI-Integration---OnlyTests\test-failed-1.png
    ────────────────────────────────────────────────────────────────────────────────────────────────

    attachment #2: video (video/webm) ──────────────────────────────────────────────────────────────
    ..\test-results\ui-crm-onlytests-CRM-Tasks-0decd-ask-with-AI-recommendations-AI-Integration---OnlyTests\video.webm
    ────────────────────────────────────────────────────────────────────────────────────────────────

    Error Context: ..\test-results\ui-crm-onlytests-CRM-Tasks-0decd-ask-with-AI-recommendations-AI-Integration---OnlyTests\error-context.md
]]>
</failure>
<system-out>
<![CDATA[
[[ATTACHMENT|test-results\ui-crm-onlytests-CRM-Tasks-0decd-ask-with-AI-recommendations-AI-Integration---OnlyTests\test-failed-1.png]]

[[ATTACHMENT|test-results\ui-crm-onlytests-CRM-Tasks-0decd-ask-with-AI-recommendations-AI-Integration---OnlyTests\video.webm]]

[[ATTACHMENT|test-results\ui-crm-onlytests-CRM-Tasks-0decd-ask-with-AI-recommendations-AI-Integration---OnlyTests\error-context.md]]
]]>
</system-out>
</testcase>
<testcase name="CRM Tasks - OnlyTests Approach › should update task status" classname="ui\crm-onlytests.spec.ts" time="12.235">
<failure message="crm-onlytests.spec.ts:57:7 should update task status" type="FAILURE">
<![CDATA[  [AI Integration - OnlyTests] › ui\crm-onlytests.spec.ts:57:7 › CRM Tasks - OnlyTests Approach › should update task status 

    TimeoutError: locator.click: Timeout 10000ms exceeded.
    Call log:
      - waiting for getByRole('button', { name: 'New Task' })


       at ..\src\pages\tasks-page.ts:44

      42 |
      43 |   async createTask(title: string, description: string, priority: string = 'medium'): Promise<void> {
    > 44 |     await this.newTaskButton.click();
         |                              ^
      45 |     await this.taskTitleInput.fill(title);
      46 |     await this.taskDescriptionInput.fill(description);
      47 |     await this.prioritySelect.selectOption(priority);
        at TasksPage.createTask (E:\My\AI-Fitness_Coach_360\dev-crm\src\pages\tasks-page.ts:44:30)
        at E:\My\AI-Fitness_Coach_360\dev-crm\tests\ui\crm-onlytests.spec.ts:59:21

    attachment #1: screenshot (image/png) ──────────────────────────────────────────────────────────
    ..\test-results\ui-crm-onlytests-CRM-Tasks-c3905-h-should-update-task-status-AI-Integration---OnlyTests\test-failed-1.png
    ────────────────────────────────────────────────────────────────────────────────────────────────

    attachment #2: video (video/webm) ──────────────────────────────────────────────────────────────
    ..\test-results\ui-crm-onlytests-CRM-Tasks-c3905-h-should-update-task-status-AI-Integration---OnlyTests\video.webm
    ────────────────────────────────────────────────────────────────────────────────────────────────

    Error Context: ..\test-results\ui-crm-onlytests-CRM-Tasks-c3905-h-should-update-task-status-AI-Integration---OnlyTests\error-context.md
]]>
</failure>
<system-out>
<![CDATA[
[[ATTACHMENT|test-results\ui-crm-onlytests-CRM-Tasks-c3905-h-should-update-task-status-AI-Integration---OnlyTests\test-failed-1.png]]

[[ATTACHMENT|test-results\ui-crm-onlytests-CRM-Tasks-c3905-h-should-update-task-status-AI-Integration---OnlyTests\video.webm]]

[[ATTACHMENT|test-results\ui-crm-onlytests-CRM-Tasks-c3905-h-should-update-task-status-AI-Integration---OnlyTests\error-context.md]]
]]>
</system-out>
</testcase>
<testcase name="CRM AI Integration - OnlyTests Approach › should test all AI services" classname="ui\crm-onlytests.spec.ts" time="12.232">
<failure message="crm-onlytests.spec.ts:70:7 should test all AI services" type="FAILURE">
<![CDATA[  [AI Integration - OnlyTests] › ui\crm-onlytests.spec.ts:70:7 › CRM AI Integration - OnlyTests Approach › should test all AI services 

    TimeoutError: locator.click: Timeout 10000ms exceeded.
    Call log:
      - waiting for getByRole('button', { name: 'Test OpenRouter Connection' })


       at ..\src\pages\ai-settings-page.ts:32

      30 |
      31 |   async testOpenRouterConnection(): Promise<boolean> {
    > 32 |     await this.testOpenRouterButton.click();
         |                                     ^
      33 |     try {
      34 |       await this.page.getByText('OpenRouter: Connected').waitFor({ timeout: 10000 });
      35 |       return true;
        at AISettingsPage.testOpenRouterConnection (E:\My\AI-Fitness_Coach_360\dev-crm\src\pages\ai-settings-page.ts:32:37)
        at AISettingsPage.testAllAIServices (E:\My\AI-Fitness_Coach_360\dev-crm\src\pages\ai-settings-page.ts:62:35)
        at E:\My\AI-Fitness_Coach_360\dev-crm\tests\ui\crm-onlytests.spec.ts:73:42

    attachment #1: screenshot (image/png) ──────────────────────────────────────────────────────────
    ..\test-results\ui-crm-onlytests-CRM-AI-In-47147-should-test-all-AI-services-AI-Integration---OnlyTests\test-failed-1.png
    ────────────────────────────────────────────────────────────────────────────────────────────────

    attachment #2: video (video/webm) ──────────────────────────────────────────────────────────────
    ..\test-results\ui-crm-onlytests-CRM-AI-In-47147-should-test-all-AI-services-AI-Integration---OnlyTests\video.webm
    ────────────────────────────────────────────────────────────────────────────────────────────────

    Error Context: ..\test-results\ui-crm-onlytests-CRM-AI-In-47147-should-test-all-AI-services-AI-Integration---OnlyTests\error-context.md
]]>
</failure>
<system-out>
<![CDATA[
[[ATTACHMENT|test-results\ui-crm-onlytests-CRM-AI-In-47147-should-test-all-AI-services-AI-Integration---OnlyTests\test-failed-1.png]]

[[ATTACHMENT|test-results\ui-crm-onlytests-CRM-AI-In-47147-should-test-all-AI-services-AI-Integration---OnlyTests\video.webm]]

[[ATTACHMENT|test-results\ui-crm-onlytests-CRM-AI-In-47147-should-test-all-AI-services-AI-Integration---OnlyTests\error-context.md]]
]]>
</system-out>
</testcase>
<testcase name="CRM AI Integration - OnlyTests Approach › should handle AI service failure gracefully" classname="ui\crm-onlytests.spec.ts" time="12.252">
<failure message="crm-onlytests.spec.ts:80:7 should handle AI service failure gracefully" type="FAILURE">
<![CDATA[  [AI Integration - OnlyTests] › ui\crm-onlytests.spec.ts:80:7 › CRM AI Integration - OnlyTests Approach › should handle AI service failure gracefully 

    TimeoutError: locator.click: Timeout 10000ms exceeded.
    Call log:
      - waiting for getByRole('button', { name: 'Test OpenRouter Connection' })


       at ..\src\pages\ai-settings-page.ts:32

      30 |
      31 |   async testOpenRouterConnection(): Promise<boolean> {
    > 32 |     await this.testOpenRouterButton.click();
         |                                     ^
      33 |     try {
      34 |       await this.page.getByText('OpenRouter: Connected').waitFor({ timeout: 10000 });
      35 |       return true;
        at AISettingsPage.testOpenRouterConnection (E:\My\AI-Fitness_Coach_360\dev-crm\src\pages\ai-settings-page.ts:32:37)
        at E:\My\AI-Fitness_Coach_360\dev-crm\tests\ui\crm-onlytests.spec.ts:88:54

    attachment #1: screenshot (image/png) ──────────────────────────────────────────────────────────
    ..\test-results\ui-crm-onlytests-CRM-AI-In-eec6b--service-failure-gracefully-AI-Integration---OnlyTests\test-failed-1.png
    ────────────────────────────────────────────────────────────────────────────────────────────────

    attachment #2: video (video/webm) ──────────────────────────────────────────────────────────────
    ..\test-results\ui-crm-onlytests-CRM-AI-In-eec6b--service-failure-gracefully-AI-Integration---OnlyTests\video.webm
    ────────────────────────────────────────────────────────────────────────────────────────────────

    Error Context: ..\test-results\ui-crm-onlytests-CRM-AI-In-eec6b--service-failure-gracefully-AI-Integration---OnlyTests\error-context.md
]]>
</failure>
<system-out>
<![CDATA[
[[ATTACHMENT|test-results\ui-crm-onlytests-CRM-AI-In-eec6b--service-failure-gracefully-AI-Integration---OnlyTests\test-failed-1.png]]

[[ATTACHMENT|test-results\ui-crm-onlytests-CRM-AI-In-eec6b--service-failure-gracefully-AI-Integration---OnlyTests\video.webm]]

[[ATTACHMENT|test-results\ui-crm-onlytests-CRM-AI-In-eec6b--service-failure-gracefully-AI-Integration---OnlyTests\error-context.md]]
]]>
</system-out>
</testcase>
<testcase name="CRM AI Integration - OnlyTests Approach › should test individual AI services" classname="ui\crm-onlytests.spec.ts" time="12.362">
<failure message="crm-onlytests.spec.ts:92:7 should test individual AI services" type="FAILURE">
<![CDATA[  [AI Integration - OnlyTests] › ui\crm-onlytests.spec.ts:92:7 › CRM AI Integration - OnlyTests Approach › should test individual AI services 

    TimeoutError: locator.click: Timeout 10000ms exceeded.
    Call log:
      - waiting for getByRole('button', { name: 'Test OpenRouter Connection' })


       at ..\src\pages\ai-settings-page.ts:32

      30 |
      31 |   async testOpenRouterConnection(): Promise<boolean> {
    > 32 |     await this.testOpenRouterButton.click();
         |                                     ^
      33 |     try {
      34 |       await this.page.getByText('OpenRouter: Connected').waitFor({ timeout: 10000 });
      35 |       return true;
        at AISettingsPage.testOpenRouterConnection (E:\My\AI-Fitness_Coach_360\dev-crm\src\pages\ai-settings-page.ts:32:37)
        at E:\My\AI-Fitness_Coach_360\dev-crm\tests\ui\crm-onlytests.spec.ts:95:54

    attachment #1: screenshot (image/png) ──────────────────────────────────────────────────────────
    ..\test-results\ui-crm-onlytests-CRM-AI-In-35e65-test-individual-AI-services-AI-Integration---OnlyTests\test-failed-1.png
    ────────────────────────────────────────────────────────────────────────────────────────────────

    attachment #2: video (video/webm) ──────────────────────────────────────────────────────────────
    ..\test-results\ui-crm-onlytests-CRM-AI-In-35e65-test-individual-AI-services-AI-Integration---OnlyTests\video.webm
    ────────────────────────────────────────────────────────────────────────────────────────────────

    Error Context: ..\test-results\ui-crm-onlytests-CRM-AI-In-35e65-test-individual-AI-services-AI-Integration---OnlyTests\error-context.md
]]>
</failure>
<system-out>
<![CDATA[
[[ATTACHMENT|test-results\ui-crm-onlytests-CRM-AI-In-35e65-test-individual-AI-services-AI-Integration---OnlyTests\test-failed-1.png]]

[[ATTACHMENT|test-results\ui-crm-onlytests-CRM-AI-In-35e65-test-individual-AI-services-AI-Integration---OnlyTests\video.webm]]

[[ATTACHMENT|test-results\ui-crm-onlytests-CRM-AI-In-35e65-test-individual-AI-services-AI-Integration---OnlyTests\error-context.md]]
]]>
</system-out>
</testcase>
<testcase name="CRM User Workflows - OnlyTests Approach › should complete full project workflow" classname="ui\crm-onlytests.spec.ts" time="12.635">
<failure message="crm-onlytests.spec.ts:106:7 should complete full project workflow" type="FAILURE">
<![CDATA[  [AI Integration - OnlyTests] › ui\crm-onlytests.spec.ts:106:7 › CRM User Workflows - OnlyTests Approach › should complete full project workflow 

    TimeoutError: locator.click: Timeout 10000ms exceeded.
    Call log:
      - waiting for getByRole('button', { name: 'New Project' })


       at ..\src\pages\projects-page.ts:52

      50 |
      51 |   async createProjectWithAI(name: string, description: string, priority: string = 'high'): Promise<void> {
    > 52 |     await this.newProjectButton.click();
         |                                 ^
      53 |     await this.projectNameInput.fill(name);
      54 |     await this.projectDescriptionInput.fill(description);
      55 |     await this.prioritySelect.selectOption(priority);
        at ProjectsPage.createProjectWithAI (E:\My\AI-Fitness_Coach_360\dev-crm\src\pages\projects-page.ts:52:33)
        at E:\My\AI-Fitness_Coach_360\dev-crm\tests\ui\crm-onlytests.spec.ts:109:24

    attachment #1: screenshot (image/png) ──────────────────────────────────────────────────────────
    ..\test-results\ui-crm-onlytests-CRM-User--ed24f-plete-full-project-workflow-AI-Integration---OnlyTests\test-failed-1.png
    ────────────────────────────────────────────────────────────────────────────────────────────────

    attachment #2: video (video/webm) ──────────────────────────────────────────────────────────────
    ..\test-results\ui-crm-onlytests-CRM-User--ed24f-plete-full-project-workflow-AI-Integration---OnlyTests\video.webm
    ────────────────────────────────────────────────────────────────────────────────────────────────

    Error Context: ..\test-results\ui-crm-onlytests-CRM-User--ed24f-plete-full-project-workflow-AI-Integration---OnlyTests\error-context.md
]]>
</failure>
<system-out>
<![CDATA[
[[ATTACHMENT|test-results\ui-crm-onlytests-CRM-User--ed24f-plete-full-project-workflow-AI-Integration---OnlyTests\test-failed-1.png]]

[[ATTACHMENT|test-results\ui-crm-onlytests-CRM-User--ed24f-plete-full-project-workflow-AI-Integration---OnlyTests\video.webm]]

[[ATTACHMENT|test-results\ui-crm-onlytests-CRM-User--ed24f-plete-full-project-workflow-AI-Integration---OnlyTests\error-context.md]]
]]>
</system-out>
</testcase>
<testcase name="CRM User Workflows - OnlyTests Approach › should handle project with multiple tasks" classname="ui\crm-onlytests.spec.ts" time="12.325">
<failure message="crm-onlytests.spec.ts:129:7 should handle project with multiple tasks" type="FAILURE">
<![CDATA[  [AI Integration - OnlyTests] › ui\crm-onlytests.spec.ts:129:7 › CRM User Workflows - OnlyTests Approach › should handle project with multiple tasks 

    TimeoutError: locator.click: Timeout 10000ms exceeded.
    Call log:
      - waiting for getByRole('button', { name: 'New Project' })


       at ..\src\pages\projects-page.ts:44

      42 |
      43 |   async createProject(name: string, description: string, priority: string = 'medium'): Promise<void> {
    > 44 |     await this.newProjectButton.click();
         |                                 ^
      45 |     await this.projectNameInput.fill(name);
      46 |     await this.projectDescriptionInput.fill(description);
      47 |     await this.prioritySelect.selectOption(priority);
        at ProjectsPage.createProject (E:\My\AI-Fitness_Coach_360\dev-crm\src\pages\projects-page.ts:44:33)
        at E:\My\AI-Fitness_Coach_360\dev-crm\tests\ui\crm-onlytests.spec.ts:132:24

    attachment #1: screenshot (image/png) ──────────────────────────────────────────────────────────
    ..\test-results\ui-crm-onlytests-CRM-User--83033-project-with-multiple-tasks-AI-Integration---OnlyTests\test-failed-1.png
    ────────────────────────────────────────────────────────────────────────────────────────────────

    attachment #2: video (video/webm) ──────────────────────────────────────────────────────────────
    ..\test-results\ui-crm-onlytests-CRM-User--83033-project-with-multiple-tasks-AI-Integration---OnlyTests\video.webm
    ────────────────────────────────────────────────────────────────────────────────────────────────

    Error Context: ..\test-results\ui-crm-onlytests-CRM-User--83033-project-with-multiple-tasks-AI-Integration---OnlyTests\error-context.md
]]>
</failure>
<system-out>
<![CDATA[
[[ATTACHMENT|test-results\ui-crm-onlytests-CRM-User--83033-project-with-multiple-tasks-AI-Integration---OnlyTests\test-failed-1.png]]

[[ATTACHMENT|test-results\ui-crm-onlytests-CRM-User--83033-project-with-multiple-tasks-AI-Integration---OnlyTests\video.webm]]

[[ATTACHMENT|test-results\ui-crm-onlytests-CRM-User--83033-project-with-multiple-tasks-AI-Integration---OnlyTests\error-context.md]]
]]>
</system-out>
</testcase>
<testcase name="CRM Error Handling - OnlyTests Approach › should handle network errors gracefully" classname="ui\crm-onlytests.spec.ts" time="11.669">
<failure message="crm-onlytests.spec.ts:152:7 should handle network errors gracefully" type="FAILURE">
<![CDATA[  [AI Integration - OnlyTests] › ui\crm-onlytests.spec.ts:152:7 › CRM Error Handling - OnlyTests Approach › should handle network errors gracefully 

    TimeoutError: locator.click: Timeout 10000ms exceeded.
    Call log:
      - waiting for getByRole('button', { name: 'New Project' })


       at ..\src\pages\projects-page.ts:44

      42 |
      43 |   async createProject(name: string, description: string, priority: string = 'medium'): Promise<void> {
    > 44 |     await this.newProjectButton.click();
         |                                 ^
      45 |     await this.projectNameInput.fill(name);
      46 |     await this.projectDescriptionInput.fill(description);
      47 |     await this.prioritySelect.selectOption(priority);
        at ProjectsPage.createProject (E:\My\AI-Fitness_Coach_360\dev-crm\src\pages\projects-page.ts:44:33)
        at E:\My\AI-Fitness_Coach_360\dev-crm\tests\ui\crm-onlytests.spec.ts:159:24

    attachment #1: screenshot (image/png) ──────────────────────────────────────────────────────────
    ..\test-results\ui-crm-onlytests-CRM-Error-4ad97-e-network-errors-gracefully-AI-Integration---OnlyTests\test-failed-1.png
    ────────────────────────────────────────────────────────────────────────────────────────────────

    attachment #2: video (video/webm) ──────────────────────────────────────────────────────────────
    ..\test-results\ui-crm-onlytests-CRM-Error-4ad97-e-network-errors-gracefully-AI-Integration---OnlyTests\video.webm
    ────────────────────────────────────────────────────────────────────────────────────────────────

    Error Context: ..\test-results\ui-crm-onlytests-CRM-Error-4ad97-e-network-errors-gracefully-AI-Integration---OnlyTests\error-context.md
]]>
</failure>
<system-out>
<![CDATA[
[[ATTACHMENT|test-results\ui-crm-onlytests-CRM-Error-4ad97-e-network-errors-gracefully-AI-Integration---OnlyTests\test-failed-1.png]]

[[ATTACHMENT|test-results\ui-crm-onlytests-CRM-Error-4ad97-e-network-errors-gracefully-AI-Integration---OnlyTests\video.webm]]

[[ATTACHMENT|test-results\ui-crm-onlytests-CRM-Error-4ad97-e-network-errors-gracefully-AI-Integration---OnlyTests\error-context.md]]
]]>
</system-out>
</testcase>
<testcase name="CRM Error Handling - OnlyTests Approach › should handle validation errors" classname="ui\crm-onlytests.spec.ts" time="11.921">
<failure message="crm-onlytests.spec.ts:166:7 should handle validation errors" type="FAILURE">
<![CDATA[  [AI Integration - OnlyTests] › ui\crm-onlytests.spec.ts:166:7 › CRM Error Handling - OnlyTests Approach › should handle validation errors 

    TimeoutError: locator.click: Timeout 10000ms exceeded.
    Call log:
      - waiting for getByRole('button', { name: 'New Project' })


      168 |     
      169 |     // Попытка создания проекта с пустым именем
    > 170 |     await projectsPage.newProjectButton.click();
          |                                         ^
      171 |     await projectsPage.saveProjectButton.click();
      172 |     
      173 |     // Проверка валидации
        at E:\My\AI-Fitness_Coach_360\dev-crm\tests\ui\crm-onlytests.spec.ts:170:41

    attachment #1: screenshot (image/png) ──────────────────────────────────────────────────────────
    ..\test-results\ui-crm-onlytests-CRM-Error-1dec1-ld-handle-validation-errors-AI-Integration---OnlyTests\test-failed-1.png
    ────────────────────────────────────────────────────────────────────────────────────────────────

    attachment #2: video (video/webm) ──────────────────────────────────────────────────────────────
    ..\test-results\ui-crm-onlytests-CRM-Error-1dec1-ld-handle-validation-errors-AI-Integration---OnlyTests\video.webm
    ────────────────────────────────────────────────────────────────────────────────────────────────

    Error Context: ..\test-results\ui-crm-onlytests-CRM-Error-1dec1-ld-handle-validation-errors-AI-Integration---OnlyTests\error-context.md
]]>
</failure>
<system-out>
<![CDATA[
[[ATTACHMENT|test-results\ui-crm-onlytests-CRM-Error-1dec1-ld-handle-validation-errors-AI-Integration---OnlyTests\test-failed-1.png]]

[[ATTACHMENT|test-results\ui-crm-onlytests-CRM-Error-1dec1-ld-handle-validation-errors-AI-Integration---OnlyTests\video.webm]]

[[ATTACHMENT|test-results\ui-crm-onlytests-CRM-Error-1dec1-ld-handle-validation-errors-AI-Integration---OnlyTests\error-context.md]]
]]>
</system-out>
</testcase>
<testcase name="CRM Error Handling - OnlyTests Approach › should handle AI service timeout" classname="ui\crm-onlytests.spec.ts" time="12.38">
<failure message="crm-onlytests.spec.ts:177:7 should handle AI service timeout" type="FAILURE">
<![CDATA[  [AI Integration - OnlyTests] › ui\crm-onlytests.spec.ts:177:7 › CRM Error Handling - OnlyTests Approach › should handle AI service timeout 

    TimeoutError: locator.click: Timeout 10000ms exceeded.
    Call log:
      - waiting for getByRole('button', { name: 'Test OpenRouter Connection' })


       at ..\src\pages\ai-settings-page.ts:32

      30 |
      31 |   async testOpenRouterConnection(): Promise<boolean> {
    > 32 |     await this.testOpenRouterButton.click();
         |                                     ^
      33 |     try {
      34 |       await this.page.getByText('OpenRouter: Connected').waitFor({ timeout: 10000 });
      35 |       return true;
        at AISettingsPage.testOpenRouterConnection (E:\My\AI-Fitness_Coach_360\dev-crm\src\pages\ai-settings-page.ts:32:37)
        at E:\My\AI-Fitness_Coach_360\dev-crm\tests\ui\crm-onlytests.spec.ts:187:54

    attachment #1: screenshot (image/png) ──────────────────────────────────────────────────────────
    ..\test-results\ui-crm-onlytests-CRM-Error-5b80b-d-handle-AI-service-timeout-AI-Integration---OnlyTests\test-failed-1.png
    ────────────────────────────────────────────────────────────────────────────────────────────────

    attachment #2: video (video/webm) ──────────────────────────────────────────────────────────────
    ..\test-results\ui-crm-onlytests-CRM-Error-5b80b-d-handle-AI-service-timeout-AI-Integration---OnlyTests\video.webm
    ────────────────────────────────────────────────────────────────────────────────────────────────

    Error Context: ..\test-results\ui-crm-onlytests-CRM-Error-5b80b-d-handle-AI-service-timeout-AI-Integration---OnlyTests\error-context.md
]]>
</failure>
<system-out>
<![CDATA[
[[ATTACHMENT|test-results\ui-crm-onlytests-CRM-Error-5b80b-d-handle-AI-service-timeout-AI-Integration---OnlyTests\test-failed-1.png]]

[[ATTACHMENT|test-results\ui-crm-onlytests-CRM-Error-5b80b-d-handle-AI-service-timeout-AI-Integration---OnlyTests\video.webm]]

[[ATTACHMENT|test-results\ui-crm-onlytests-CRM-Error-5b80b-d-handle-AI-service-timeout-AI-Integration---OnlyTests\error-context.md]]
]]>
</system-out>
</testcase>
<testcase name="CRM Performance - OnlyTests Approach › should load pages within acceptable time" classname="ui\crm-onlytests.spec.ts" time="1.287">
</testcase>
<testcase name="CRM Performance - OnlyTests Approach › should handle large datasets efficiently" classname="ui\crm-onlytests.spec.ts" time="12.462">
<failure message="crm-onlytests.spec.ts:207:7 should handle large datasets efficiently" type="FAILURE">
<![CDATA[  [AI Integration - OnlyTests] › ui\crm-onlytests.spec.ts:207:7 › CRM Performance - OnlyTests Approach › should handle large datasets efficiently 

    Error: expect(locator).toBeVisible() failed

    Locator:  getByText('Project 1')
    Expected: visible
    Received: <element(s) not found>
    Timeout:  10000ms

    Call log:
      - Expect "toBeVisible" with timeout 10000ms
      - waiting for getByText('Project 1')


      220 |     
      221 |     // Проверка загрузки большого количества проектов
    > 222 |     await expect(projectsPage.page.getByText('Project 1')).toBeVisible();
          |                                                            ^
      223 |     await expect(projectsPage.page.getByText('Project 100')).toBeVisible();
      224 |     
      225 |     // Проверка производительности пагинации
        at E:\My\AI-Fitness_Coach_360\dev-crm\tests\ui\crm-onlytests.spec.ts:222:60

    attachment #1: screenshot (image/png) ──────────────────────────────────────────────────────────
    ..\test-results\ui-crm-onlytests-CRM-Perfo-3e034--large-datasets-efficiently-AI-Integration---OnlyTests\test-failed-1.png
    ────────────────────────────────────────────────────────────────────────────────────────────────

    attachment #2: video (video/webm) ──────────────────────────────────────────────────────────────
    ..\test-results\ui-crm-onlytests-CRM-Perfo-3e034--large-datasets-efficiently-AI-Integration---OnlyTests\video.webm
    ────────────────────────────────────────────────────────────────────────────────────────────────

    Error Context: ..\test-results\ui-crm-onlytests-CRM-Perfo-3e034--large-datasets-efficiently-AI-Integration---OnlyTests\error-context.md
]]>
</failure>
<system-out>
<![CDATA[
[[ATTACHMENT|test-results\ui-crm-onlytests-CRM-Perfo-3e034--large-datasets-efficiently-AI-Integration---OnlyTests\test-failed-1.png]]

[[ATTACHMENT|test-results\ui-crm-onlytests-CRM-Perfo-3e034--large-datasets-efficiently-AI-Integration---OnlyTests\video.webm]]

[[ATTACHMENT|test-results\ui-crm-onlytests-CRM-Perfo-3e034--large-datasets-efficiently-AI-Integration---OnlyTests\error-context.md]]
]]>
</system-out>
</testcase>
<testcase name="CRM Accessibility - OnlyTests Approach › should support keyboard navigation" classname="ui\crm-onlytests.spec.ts" time="12.502">
<failure message="crm-onlytests.spec.ts:234:7 should support keyboard navigation" type="FAILURE">
<![CDATA[  [AI Integration - OnlyTests] › ui\crm-onlytests.spec.ts:234:7 › CRM Accessibility - OnlyTests Approach › should support keyboard navigation 

    Error: expect(locator).toBeFocused() failed

    Locator:  getByRole('button', { name: 'New Project' })
    Expected: focused
    Received: <element(s) not found>
    Timeout:  10000ms

    Call log:
      - Expect "toBeFocused" with timeout 10000ms
      - waiting for getByRole('button', { name: 'New Project' })


      241 |     
      242 |     // Проверка фокуса на кнопке
    > 243 |     await expect(projectsPage.newProjectButton).toBeFocused();
          |                                                 ^
      244 |   });
      245 |
      246 |   test('should have proper ARIA attributes', async ({ projectsPage }) => {
        at E:\My\AI-Fitness_Coach_360\dev-crm\tests\ui\crm-onlytests.spec.ts:243:49

    attachment #1: screenshot (image/png) ──────────────────────────────────────────────────────────
    ..\test-results\ui-crm-onlytests-CRM-Acces-605c1-support-keyboard-navigation-AI-Integration---OnlyTests\test-failed-1.png
    ────────────────────────────────────────────────────────────────────────────────────────────────

    attachment #2: video (video/webm) ──────────────────────────────────────────────────────────────
    ..\test-results\ui-crm-onlytests-CRM-Acces-605c1-support-keyboard-navigation-AI-Integration---OnlyTests\video.webm
    ────────────────────────────────────────────────────────────────────────────────────────────────

    Error Context: ..\test-results\ui-crm-onlytests-CRM-Acces-605c1-support-keyboard-navigation-AI-Integration---OnlyTests\error-context.md
]]>
</failure>
<system-out>
<![CDATA[
[[ATTACHMENT|test-results\ui-crm-onlytests-CRM-Acces-605c1-support-keyboard-navigation-AI-Integration---OnlyTests\test-failed-1.png]]

[[ATTACHMENT|test-results\ui-crm-onlytests-CRM-Acces-605c1-support-keyboard-navigation-AI-Integration---OnlyTests\video.webm]]

[[ATTACHMENT|test-results\ui-crm-onlytests-CRM-Acces-605c1-support-keyboard-navigation-AI-Integration---OnlyTests\error-context.md]]
]]>
</system-out>
</testcase>
<testcase name="CRM Accessibility - OnlyTests Approach › should have proper ARIA attributes" classname="ui\crm-onlytests.spec.ts" time="12.368">
<failure message="crm-onlytests.spec.ts:246:7 should have proper ARIA attributes" type="FAILURE">
<![CDATA[  [AI Integration - OnlyTests] › ui\crm-onlytests.spec.ts:246:7 › CRM Accessibility - OnlyTests Approach › should have proper ARIA attributes 

    Error: expect(locator).toBeVisible() failed

    Locator:  getByRole('button', { name: 'New Project' })
    Expected: visible
    Received: <element(s) not found>
    Timeout:  10000ms

    Call log:
      - Expect "toBeVisible" with timeout 10000ms
      - waiting for getByRole('button', { name: 'New Project' })


      248 |     
      249 |     // Проверка ARIA атрибутов
    > 250 |     await expect(projectsPage.newProjectButton).toBeVisible();
          |                                                 ^
      251 |     await expect(projectsPage.page.getByRole('heading', { name: 'Projects' })).toBeVisible();
      252 |     await expect(projectsPage.page.getByRole('main')).toBeVisible();
      253 |     await expect(projectsPage.page.getByRole('navigation')).toBeVisible();
        at E:\My\AI-Fitness_Coach_360\dev-crm\tests\ui\crm-onlytests.spec.ts:250:49

    attachment #1: screenshot (image/png) ──────────────────────────────────────────────────────────
    ..\test-results\ui-crm-onlytests-CRM-Acces-65dac-have-proper-ARIA-attributes-AI-Integration---OnlyTests\test-failed-1.png
    ────────────────────────────────────────────────────────────────────────────────────────────────

    attachment #2: video (video/webm) ──────────────────────────────────────────────────────────────
    ..\test-results\ui-crm-onlytests-CRM-Acces-65dac-have-proper-ARIA-attributes-AI-Integration---OnlyTests\video.webm
    ────────────────────────────────────────────────────────────────────────────────────────────────

    Error Context: ..\test-results\ui-crm-onlytests-CRM-Acces-65dac-have-proper-ARIA-attributes-AI-Integration---OnlyTests\error-context.md
]]>
</failure>
<system-out>
<![CDATA[
[[ATTACHMENT|test-results\ui-crm-onlytests-CRM-Acces-65dac-have-proper-ARIA-attributes-AI-Integration---OnlyTests\test-failed-1.png]]

[[ATTACHMENT|test-results\ui-crm-onlytests-CRM-Acces-65dac-have-proper-ARIA-attributes-AI-Integration---OnlyTests\video.webm]]

[[ATTACHMENT|test-results\ui-crm-onlytests-CRM-Acces-65dac-have-proper-ARIA-attributes-AI-Integration---OnlyTests\error-context.md]]
]]>
</system-out>
</testcase>
<testcase name="CRM Mobile - OnlyTests Approach › should work on mobile devices" classname="ui\crm-onlytests.spec.ts" time="12.991">
<failure message="crm-onlytests.spec.ts:258:7 should work on mobile devices" type="FAILURE">
<![CDATA[  [AI Integration - OnlyTests] › ui\crm-onlytests.spec.ts:258:7 › CRM Mobile - OnlyTests Approach › should work on mobile devices 

    TimeoutError: locator.click: Timeout 10000ms exceeded.
    Call log:
      - waiting for getByRole('button', { name: 'Menu' })


      263 |     
      264 |     // Проверка мобильного меню
    > 265 |     await projectsPage.page.getByRole('button', { name: 'Menu' }).click();
          |                                                                   ^
      266 |     await expect(projectsPage.page.getByRole('navigation')).toBeVisible();
      267 |     
      268 |     // Проверка создания проекта на мобильном
        at E:\My\AI-Fitness_Coach_360\dev-crm\tests\ui\crm-onlytests.spec.ts:265:67

    attachment #1: screenshot (image/png) ──────────────────────────────────────────────────────────
    ..\test-results\ui-crm-onlytests-CRM-Mobil-0b67b-ould-work-on-mobile-devices-AI-Integration---OnlyTests\test-failed-1.png
    ────────────────────────────────────────────────────────────────────────────────────────────────

    attachment #2: video (video/webm) ──────────────────────────────────────────────────────────────
    ..\test-results\ui-crm-onlytests-CRM-Mobil-0b67b-ould-work-on-mobile-devices-AI-Integration---OnlyTests\video.webm
    ────────────────────────────────────────────────────────────────────────────────────────────────

    Error Context: ..\test-results\ui-crm-onlytests-CRM-Mobil-0b67b-ould-work-on-mobile-devices-AI-Integration---OnlyTests\error-context.md
]]>
</failure>
<system-out>
<![CDATA[
[[ATTACHMENT|test-results\ui-crm-onlytests-CRM-Mobil-0b67b-ould-work-on-mobile-devices-AI-Integration---OnlyTests\test-failed-1.png]]

[[ATTACHMENT|test-results\ui-crm-onlytests-CRM-Mobil-0b67b-ould-work-on-mobile-devices-AI-Integration---OnlyTests\video.webm]]

[[ATTACHMENT|test-results\ui-crm-onlytests-CRM-Mobil-0b67b-ould-work-on-mobile-devices-AI-Integration---OnlyTests\error-context.md]]
]]>
</system-out>
</testcase>
<testcase name="CRM Mobile - OnlyTests Approach › should work on tablet devices" classname="ui\crm-onlytests.spec.ts" time="12.446">
<failure message="crm-onlytests.spec.ts:275:7 should work on tablet devices" type="FAILURE">
<![CDATA[  [AI Integration - OnlyTests] › ui\crm-onlytests.spec.ts:275:7 › CRM Mobile - OnlyTests Approach › should work on tablet devices 

    TimeoutError: locator.click: Timeout 10000ms exceeded.
    Call log:
      - waiting for getByRole('button', { name: 'New Task' })


       at ..\src\pages\tasks-page.ts:44

      42 |
      43 |   async createTask(title: string, description: string, priority: string = 'medium'): Promise<void> {
    > 44 |     await this.newTaskButton.click();
         |                              ^
      45 |     await this.taskTitleInput.fill(title);
      46 |     await this.taskDescriptionInput.fill(description);
      47 |     await this.prioritySelect.selectOption(priority);
        at TasksPage.createTask (E:\My\AI-Fitness_Coach_360\dev-crm\src\pages\tasks-page.ts:44:30)
        at E:\My\AI-Fitness_Coach_360\dev-crm\tests\ui\crm-onlytests.spec.ts:282:21

    attachment #1: screenshot (image/png) ──────────────────────────────────────────────────────────
    ..\test-results\ui-crm-onlytests-CRM-Mobil-fd744-ould-work-on-tablet-devices-AI-Integration---OnlyTests\test-failed-1.png
    ────────────────────────────────────────────────────────────────────────────────────────────────

    attachment #2: video (video/webm) ──────────────────────────────────────────────────────────────
    ..\test-results\ui-crm-onlytests-CRM-Mobil-fd744-ould-work-on-tablet-devices-AI-Integration---OnlyTests\video.webm
    ────────────────────────────────────────────────────────────────────────────────────────────────

    Error Context: ..\test-results\ui-crm-onlytests-CRM-Mobil-fd744-ould-work-on-tablet-devices-AI-Integration---OnlyTests\error-context.md
]]>
</failure>
<system-out>
<![CDATA[
[[ATTACHMENT|test-results\ui-crm-onlytests-CRM-Mobil-fd744-ould-work-on-tablet-devices-AI-Integration---OnlyTests\test-failed-1.png]]

[[ATTACHMENT|test-results\ui-crm-onlytests-CRM-Mobil-fd744-ould-work-on-tablet-devices-AI-Integration---OnlyTests\video.webm]]

[[ATTACHMENT|test-results\ui-crm-onlytests-CRM-Mobil-fd744-ould-work-on-tablet-devices-AI-Integration---OnlyTests\error-context.md]]
]]>
</system-out>
</testcase>
</testsuite>
<testsuite name="ui\crm-onlytests.spec.ts" timestamp="2025-09-25T16:07:00.269Z" hostname="Performance - OnlyTests" tests="20" failures="19" skipped="0" time="233.015" errors="0">
<testcase name="CRM Projects - OnlyTests Approach › should create new project" classname="ui\crm-onlytests.spec.ts" time="12.286">
<failure message="crm-onlytests.spec.ts:10:7 should create new project" type="FAILURE">
<![CDATA[  [Performance - OnlyTests] › ui\crm-onlytests.spec.ts:10:7 › CRM Projects - OnlyTests Approach › should create new project 

    TimeoutError: locator.click: Timeout 10000ms exceeded.
    Call log:
      - waiting for getByRole('button', { name: 'New Project' })


       at ..\src\pages\projects-page.ts:44

      42 |
      43 |   async createProject(name: string, description: string, priority: string = 'medium'): Promise<void> {
    > 44 |     await this.newProjectButton.click();
         |                                 ^
      45 |     await this.projectNameInput.fill(name);
      46 |     await this.projectDescriptionInput.fill(description);
      47 |     await this.prioritySelect.selectOption(priority);
        at ProjectsPage.createProject (E:\My\AI-Fitness_Coach_360\dev-crm\src\pages\projects-page.ts:44:33)
        at E:\My\AI-Fitness_Coach_360\dev-crm\tests\ui\crm-onlytests.spec.ts:12:24

    attachment #1: screenshot (image/png) ──────────────────────────────────────────────────────────
    ..\test-results\ui-crm-onlytests-CRM-Proje-edb53-h-should-create-new-project-Performance---OnlyTests\test-failed-1.png
    ────────────────────────────────────────────────────────────────────────────────────────────────

    attachment #2: video (video/webm) ──────────────────────────────────────────────────────────────
    ..\test-results\ui-crm-onlytests-CRM-Proje-edb53-h-should-create-new-project-Performance---OnlyTests\video.webm
    ────────────────────────────────────────────────────────────────────────────────────────────────

    Error Context: ..\test-results\ui-crm-onlytests-CRM-Proje-edb53-h-should-create-new-project-Performance---OnlyTests\error-context.md
]]>
</failure>
<system-out>
<![CDATA[
[[ATTACHMENT|test-results\ui-crm-onlytests-CRM-Proje-edb53-h-should-create-new-project-Performance---OnlyTests\test-failed-1.png]]

[[ATTACHMENT|test-results\ui-crm-onlytests-CRM-Proje-edb53-h-should-create-new-project-Performance---OnlyTests\video.webm]]

[[ATTACHMENT|test-results\ui-crm-onlytests-CRM-Proje-edb53-h-should-create-new-project-Performance---OnlyTests\error-context.md]]
]]>
</system-out>
</testcase>
<testcase name="CRM Projects - OnlyTests Approach › should create project with AI analysis" classname="ui\crm-onlytests.spec.ts" time="12.142">
<failure message="crm-onlytests.spec.ts:18:7 should create project with AI analysis" type="FAILURE">
<![CDATA[  [Performance - OnlyTests] › ui\crm-onlytests.spec.ts:18:7 › CRM Projects - OnlyTests Approach › should create project with AI analysis 

    TimeoutError: locator.click: Timeout 10000ms exceeded.
    Call log:
      - waiting for getByRole('button', { name: 'New Project' })


       at ..\src\pages\projects-page.ts:52

      50 |
      51 |   async createProjectWithAI(name: string, description: string, priority: string = 'high'): Promise<void> {
    > 52 |     await this.newProjectButton.click();
         |                                 ^
      53 |     await this.projectNameInput.fill(name);
      54 |     await this.projectDescriptionInput.fill(description);
      55 |     await this.prioritySelect.selectOption(priority);
        at ProjectsPage.createProjectWithAI (E:\My\AI-Fitness_Coach_360\dev-crm\src\pages\projects-page.ts:52:33)
        at E:\My\AI-Fitness_Coach_360\dev-crm\tests\ui\crm-onlytests.spec.ts:20:24

    attachment #1: screenshot (image/png) ──────────────────────────────────────────────────────────
    ..\test-results\ui-crm-onlytests-CRM-Proje-b1d10-te-project-with-AI-analysis-Performance---OnlyTests\test-failed-1.png
    ────────────────────────────────────────────────────────────────────────────────────────────────

    attachment #2: video (video/webm) ──────────────────────────────────────────────────────────────
    ..\test-results\ui-crm-onlytests-CRM-Proje-b1d10-te-project-with-AI-analysis-Performance---OnlyTests\video.webm
    ────────────────────────────────────────────────────────────────────────────────────────────────

    Error Context: ..\test-results\ui-crm-onlytests-CRM-Proje-b1d10-te-project-with-AI-analysis-Performance---OnlyTests\error-context.md
]]>
</failure>
<system-out>
<![CDATA[
[[ATTACHMENT|test-results\ui-crm-onlytests-CRM-Proje-b1d10-te-project-with-AI-analysis-Performance---OnlyTests\test-failed-1.png]]

[[ATTACHMENT|test-results\ui-crm-onlytests-CRM-Proje-b1d10-te-project-with-AI-analysis-Performance---OnlyTests\video.webm]]

[[ATTACHMENT|test-results\ui-crm-onlytests-CRM-Proje-b1d10-te-project-with-AI-analysis-Performance---OnlyTests\error-context.md]]
]]>
</system-out>
</testcase>
<testcase name="CRM Projects - OnlyTests Approach › should delete project" classname="ui\crm-onlytests.spec.ts" time="12.419">
<failure message="crm-onlytests.spec.ts:26:7 should delete project" type="FAILURE">
<![CDATA[  [Performance - OnlyTests] › ui\crm-onlytests.spec.ts:26:7 › CRM Projects - OnlyTests Approach › should delete project 

    TimeoutError: locator.click: Timeout 10000ms exceeded.
    Call log:
      - waiting for getByRole('button', { name: 'New Project' })


       at ..\src\pages\projects-page.ts:44

      42 |
      43 |   async createProject(name: string, description: string, priority: string = 'medium'): Promise<void> {
    > 44 |     await this.newProjectButton.click();
         |                                 ^
      45 |     await this.projectNameInput.fill(name);
      46 |     await this.projectDescriptionInput.fill(description);
      47 |     await this.prioritySelect.selectOption(priority);
        at ProjectsPage.createProject (E:\My\AI-Fitness_Coach_360\dev-crm\src\pages\projects-page.ts:44:33)
        at E:\My\AI-Fitness_Coach_360\dev-crm\tests\ui\crm-onlytests.spec.ts:29:24

    attachment #1: screenshot (image/png) ──────────────────────────────────────────────────────────
    ..\test-results\ui-crm-onlytests-CRM-Proje-3ece7-roach-should-delete-project-Performance---OnlyTests\test-failed-1.png
    ────────────────────────────────────────────────────────────────────────────────────────────────

    attachment #2: video (video/webm) ──────────────────────────────────────────────────────────────
    ..\test-results\ui-crm-onlytests-CRM-Proje-3ece7-roach-should-delete-project-Performance---OnlyTests\video.webm
    ────────────────────────────────────────────────────────────────────────────────────────────────

    Error Context: ..\test-results\ui-crm-onlytests-CRM-Proje-3ece7-roach-should-delete-project-Performance---OnlyTests\error-context.md
]]>
</failure>
<system-out>
<![CDATA[
[[ATTACHMENT|test-results\ui-crm-onlytests-CRM-Proje-3ece7-roach-should-delete-project-Performance---OnlyTests\test-failed-1.png]]

[[ATTACHMENT|test-results\ui-crm-onlytests-CRM-Proje-3ece7-roach-should-delete-project-Performance---OnlyTests\video.webm]]

[[ATTACHMENT|test-results\ui-crm-onlytests-CRM-Proje-3ece7-roach-should-delete-project-Performance---OnlyTests\error-context.md]]
]]>
</system-out>
</testcase>
<testcase name="CRM Tasks - OnlyTests Approach › should create new task" classname="ui\crm-onlytests.spec.ts" time="12.162">
<failure message="crm-onlytests.spec.ts:41:7 should create new task" type="FAILURE">
<![CDATA[  [Performance - OnlyTests] › ui\crm-onlytests.spec.ts:41:7 › CRM Tasks - OnlyTests Approach › should create new task 

    TimeoutError: locator.click: Timeout 10000ms exceeded.
    Call log:
      - waiting for getByRole('button', { name: 'New Task' })


       at ..\src\pages\tasks-page.ts:44

      42 |
      43 |   async createTask(title: string, description: string, priority: string = 'medium'): Promise<void> {
    > 44 |     await this.newTaskButton.click();
         |                              ^
      45 |     await this.taskTitleInput.fill(title);
      46 |     await this.taskDescriptionInput.fill(description);
      47 |     await this.prioritySelect.selectOption(priority);
        at TasksPage.createTask (E:\My\AI-Fitness_Coach_360\dev-crm\src\pages\tasks-page.ts:44:30)
        at E:\My\AI-Fitness_Coach_360\dev-crm\tests\ui\crm-onlytests.spec.ts:43:21

    attachment #1: screenshot (image/png) ──────────────────────────────────────────────────────────
    ..\test-results\ui-crm-onlytests-CRM-Tasks-3103b-oach-should-create-new-task-Performance---OnlyTests\test-failed-1.png
    ────────────────────────────────────────────────────────────────────────────────────────────────

    attachment #2: video (video/webm) ──────────────────────────────────────────────────────────────
    ..\test-results\ui-crm-onlytests-CRM-Tasks-3103b-oach-should-create-new-task-Performance---OnlyTests\video.webm
    ────────────────────────────────────────────────────────────────────────────────────────────────

    Error Context: ..\test-results\ui-crm-onlytests-CRM-Tasks-3103b-oach-should-create-new-task-Performance---OnlyTests\error-context.md
]]>
</failure>
<system-out>
<![CDATA[
[[ATTACHMENT|test-results\ui-crm-onlytests-CRM-Tasks-3103b-oach-should-create-new-task-Performance---OnlyTests\test-failed-1.png]]

[[ATTACHMENT|test-results\ui-crm-onlytests-CRM-Tasks-3103b-oach-should-create-new-task-Performance---OnlyTests\video.webm]]

[[ATTACHMENT|test-results\ui-crm-onlytests-CRM-Tasks-3103b-oach-should-create-new-task-Performance---OnlyTests\error-context.md]]
]]>
</system-out>
</testcase>
<testcase name="CRM Tasks - OnlyTests Approach › should create task with AI recommendations" classname="ui\crm-onlytests.spec.ts" time="12.107">
<failure message="crm-onlytests.spec.ts:49:7 should create task with AI recommendations" type="FAILURE">
<![CDATA[  [Performance - OnlyTests] › ui\crm-onlytests.spec.ts:49:7 › CRM Tasks - OnlyTests Approach › should create task with AI recommendations 

    TimeoutError: locator.click: Timeout 10000ms exceeded.
    Call log:
      - waiting for getByRole('button', { name: 'New Task' })


       at ..\src\pages\tasks-page.ts:52

      50 |
      51 |   async createTaskWithAI(title: string, description: string, priority: string = 'high'): Promise<void> {
    > 52 |     await this.newTaskButton.click();
         |                              ^
      53 |     await this.taskTitleInput.fill(title);
      54 |     await this.taskDescriptionInput.fill(description);
      55 |     await this.prioritySelect.selectOption(priority);
        at TasksPage.createTaskWithAI (E:\My\AI-Fitness_Coach_360\dev-crm\src\pages\tasks-page.ts:52:30)
        at E:\My\AI-Fitness_Coach_360\dev-crm\tests\ui\crm-onlytests.spec.ts:51:21

    attachment #1: screenshot (image/png) ──────────────────────────────────────────────────────────
    ..\test-results\ui-crm-onlytests-CRM-Tasks-0decd-ask-with-AI-recommendations-Performance---OnlyTests\test-failed-1.png
    ────────────────────────────────────────────────────────────────────────────────────────────────

    attachment #2: video (video/webm) ──────────────────────────────────────────────────────────────
    ..\test-results\ui-crm-onlytests-CRM-Tasks-0decd-ask-with-AI-recommendations-Performance---OnlyTests\video.webm
    ────────────────────────────────────────────────────────────────────────────────────────────────

    Error Context: ..\test-results\ui-crm-onlytests-CRM-Tasks-0decd-ask-with-AI-recommendations-Performance---OnlyTests\error-context.md
]]>
</failure>
<system-out>
<![CDATA[
[[ATTACHMENT|test-results\ui-crm-onlytests-CRM-Tasks-0decd-ask-with-AI-recommendations-Performance---OnlyTests\test-failed-1.png]]

[[ATTACHMENT|test-results\ui-crm-onlytests-CRM-Tasks-0decd-ask-with-AI-recommendations-Performance---OnlyTests\video.webm]]

[[ATTACHMENT|test-results\ui-crm-onlytests-CRM-Tasks-0decd-ask-with-AI-recommendations-Performance---OnlyTests\error-context.md]]
]]>
</system-out>
</testcase>
<testcase name="CRM Tasks - OnlyTests Approach › should update task status" classname="ui\crm-onlytests.spec.ts" time="12.342">
<failure message="crm-onlytests.spec.ts:57:7 should update task status" type="FAILURE">
<![CDATA[  [Performance - OnlyTests] › ui\crm-onlytests.spec.ts:57:7 › CRM Tasks - OnlyTests Approach › should update task status 

    TimeoutError: locator.click: Timeout 10000ms exceeded.
    Call log:
      - waiting for getByRole('button', { name: 'New Task' })


       at ..\src\pages\tasks-page.ts:44

      42 |
      43 |   async createTask(title: string, description: string, priority: string = 'medium'): Promise<void> {
    > 44 |     await this.newTaskButton.click();
         |                              ^
      45 |     await this.taskTitleInput.fill(title);
      46 |     await this.taskDescriptionInput.fill(description);
      47 |     await this.prioritySelect.selectOption(priority);
        at TasksPage.createTask (E:\My\AI-Fitness_Coach_360\dev-crm\src\pages\tasks-page.ts:44:30)
        at E:\My\AI-Fitness_Coach_360\dev-crm\tests\ui\crm-onlytests.spec.ts:59:21

    attachment #1: screenshot (image/png) ──────────────────────────────────────────────────────────
    ..\test-results\ui-crm-onlytests-CRM-Tasks-c3905-h-should-update-task-status-Performance---OnlyTests\test-failed-1.png
    ────────────────────────────────────────────────────────────────────────────────────────────────

    attachment #2: video (video/webm) ──────────────────────────────────────────────────────────────
    ..\test-results\ui-crm-onlytests-CRM-Tasks-c3905-h-should-update-task-status-Performance---OnlyTests\video.webm
    ────────────────────────────────────────────────────────────────────────────────────────────────

    Error Context: ..\test-results\ui-crm-onlytests-CRM-Tasks-c3905-h-should-update-task-status-Performance---OnlyTests\error-context.md
]]>
</failure>
<system-out>
<![CDATA[
[[ATTACHMENT|test-results\ui-crm-onlytests-CRM-Tasks-c3905-h-should-update-task-status-Performance---OnlyTests\test-failed-1.png]]

[[ATTACHMENT|test-results\ui-crm-onlytests-CRM-Tasks-c3905-h-should-update-task-status-Performance---OnlyTests\video.webm]]

[[ATTACHMENT|test-results\ui-crm-onlytests-CRM-Tasks-c3905-h-should-update-task-status-Performance---OnlyTests\error-context.md]]
]]>
</system-out>
</testcase>
<testcase name="CRM AI Integration - OnlyTests Approach › should test all AI services" classname="ui\crm-onlytests.spec.ts" time="12.696">
<failure message="crm-onlytests.spec.ts:70:7 should test all AI services" type="FAILURE">
<![CDATA[  [Performance - OnlyTests] › ui\crm-onlytests.spec.ts:70:7 › CRM AI Integration - OnlyTests Approach › should test all AI services 

    TimeoutError: locator.click: Timeout 10000ms exceeded.
    Call log:
      - waiting for getByRole('button', { name: 'Test OpenRouter Connection' })


       at ..\src\pages\ai-settings-page.ts:32

      30 |
      31 |   async testOpenRouterConnection(): Promise<boolean> {
    > 32 |     await this.testOpenRouterButton.click();
         |                                     ^
      33 |     try {
      34 |       await this.page.getByText('OpenRouter: Connected').waitFor({ timeout: 10000 });
      35 |       return true;
        at AISettingsPage.testOpenRouterConnection (E:\My\AI-Fitness_Coach_360\dev-crm\src\pages\ai-settings-page.ts:32:37)
        at AISettingsPage.testAllAIServices (E:\My\AI-Fitness_Coach_360\dev-crm\src\pages\ai-settings-page.ts:62:35)
        at E:\My\AI-Fitness_Coach_360\dev-crm\tests\ui\crm-onlytests.spec.ts:73:42

    attachment #1: screenshot (image/png) ──────────────────────────────────────────────────────────
    ..\test-results\ui-crm-onlytests-CRM-AI-In-47147-should-test-all-AI-services-Performance---OnlyTests\test-failed-1.png
    ────────────────────────────────────────────────────────────────────────────────────────────────

    attachment #2: video (video/webm) ──────────────────────────────────────────────────────────────
    ..\test-results\ui-crm-onlytests-CRM-AI-In-47147-should-test-all-AI-services-Performance---OnlyTests\video.webm
    ────────────────────────────────────────────────────────────────────────────────────────────────

    Error Context: ..\test-results\ui-crm-onlytests-CRM-AI-In-47147-should-test-all-AI-services-Performance---OnlyTests\error-context.md
]]>
</failure>
<system-out>
<![CDATA[
[[ATTACHMENT|test-results\ui-crm-onlytests-CRM-AI-In-47147-should-test-all-AI-services-Performance---OnlyTests\test-failed-1.png]]

[[ATTACHMENT|test-results\ui-crm-onlytests-CRM-AI-In-47147-should-test-all-AI-services-Performance---OnlyTests\video.webm]]

[[ATTACHMENT|test-results\ui-crm-onlytests-CRM-AI-In-47147-should-test-all-AI-services-Performance---OnlyTests\error-context.md]]
]]>
</system-out>
</testcase>
<testcase name="CRM AI Integration - OnlyTests Approach › should handle AI service failure gracefully" classname="ui\crm-onlytests.spec.ts" time="12.521">
<failure message="crm-onlytests.spec.ts:80:7 should handle AI service failure gracefully" type="FAILURE">
<![CDATA[  [Performance - OnlyTests] › ui\crm-onlytests.spec.ts:80:7 › CRM AI Integration - OnlyTests Approach › should handle AI service failure gracefully 

    TimeoutError: locator.click: Timeout 10000ms exceeded.
    Call log:
      - waiting for getByRole('button', { name: 'Test OpenRouter Connection' })


       at ..\src\pages\ai-settings-page.ts:32

      30 |
      31 |   async testOpenRouterConnection(): Promise<boolean> {
    > 32 |     await this.testOpenRouterButton.click();
         |                                     ^
      33 |     try {
      34 |       await this.page.getByText('OpenRouter: Connected').waitFor({ timeout: 10000 });
      35 |       return true;
        at AISettingsPage.testOpenRouterConnection (E:\My\AI-Fitness_Coach_360\dev-crm\src\pages\ai-settings-page.ts:32:37)
        at E:\My\AI-Fitness_Coach_360\dev-crm\tests\ui\crm-onlytests.spec.ts:88:54

    attachment #1: screenshot (image/png) ──────────────────────────────────────────────────────────
    ..\test-results\ui-crm-onlytests-CRM-AI-In-eec6b--service-failure-gracefully-Performance---OnlyTests\test-failed-1.png
    ────────────────────────────────────────────────────────────────────────────────────────────────

    attachment #2: video (video/webm) ──────────────────────────────────────────────────────────────
    ..\test-results\ui-crm-onlytests-CRM-AI-In-eec6b--service-failure-gracefully-Performance---OnlyTests\video.webm
    ────────────────────────────────────────────────────────────────────────────────────────────────

    Error Context: ..\test-results\ui-crm-onlytests-CRM-AI-In-eec6b--service-failure-gracefully-Performance---OnlyTests\error-context.md
]]>
</failure>
<system-out>
<![CDATA[
[[ATTACHMENT|test-results\ui-crm-onlytests-CRM-AI-In-eec6b--service-failure-gracefully-Performance---OnlyTests\test-failed-1.png]]

[[ATTACHMENT|test-results\ui-crm-onlytests-CRM-AI-In-eec6b--service-failure-gracefully-Performance---OnlyTests\video.webm]]

[[ATTACHMENT|test-results\ui-crm-onlytests-CRM-AI-In-eec6b--service-failure-gracefully-Performance---OnlyTests\error-context.md]]
]]>
</system-out>
</testcase>
<testcase name="CRM AI Integration - OnlyTests Approach › should test individual AI services" classname="ui\crm-onlytests.spec.ts" time="12.514">
<failure message="crm-onlytests.spec.ts:92:7 should test individual AI services" type="FAILURE">
<![CDATA[  [Performance - OnlyTests] › ui\crm-onlytests.spec.ts:92:7 › CRM AI Integration - OnlyTests Approach › should test individual AI services 

    TimeoutError: locator.click: Timeout 10000ms exceeded.
    Call log:
      - waiting for getByRole('button', { name: 'Test OpenRouter Connection' })


       at ..\src\pages\ai-settings-page.ts:32

      30 |
      31 |   async testOpenRouterConnection(): Promise<boolean> {
    > 32 |     await this.testOpenRouterButton.click();
         |                                     ^
      33 |     try {
      34 |       await this.page.getByText('OpenRouter: Connected').waitFor({ timeout: 10000 });
      35 |       return true;
        at AISettingsPage.testOpenRouterConnection (E:\My\AI-Fitness_Coach_360\dev-crm\src\pages\ai-settings-page.ts:32:37)
        at E:\My\AI-Fitness_Coach_360\dev-crm\tests\ui\crm-onlytests.spec.ts:95:54

    attachment #1: screenshot (image/png) ──────────────────────────────────────────────────────────
    ..\test-results\ui-crm-onlytests-CRM-AI-In-35e65-test-individual-AI-services-Performance---OnlyTests\test-failed-1.png
    ────────────────────────────────────────────────────────────────────────────────────────────────

    attachment #2: video (video/webm) ──────────────────────────────────────────────────────────────
    ..\test-results\ui-crm-onlytests-CRM-AI-In-35e65-test-individual-AI-services-Performance---OnlyTests\video.webm
    ────────────────────────────────────────────────────────────────────────────────────────────────

    Error Context: ..\test-results\ui-crm-onlytests-CRM-AI-In-35e65-test-individual-AI-services-Performance---OnlyTests\error-context.md
]]>
</failure>
<system-out>
<![CDATA[
[[ATTACHMENT|test-results\ui-crm-onlytests-CRM-AI-In-35e65-test-individual-AI-services-Performance---OnlyTests\test-failed-1.png]]

[[ATTACHMENT|test-results\ui-crm-onlytests-CRM-AI-In-35e65-test-individual-AI-services-Performance---OnlyTests\video.webm]]

[[ATTACHMENT|test-results\ui-crm-onlytests-CRM-AI-In-35e65-test-individual-AI-services-Performance---OnlyTests\error-context.md]]
]]>
</system-out>
</testcase>
<testcase name="CRM User Workflows - OnlyTests Approach › should complete full project workflow" classname="ui\crm-onlytests.spec.ts" time="11.882">
<failure message="crm-onlytests.spec.ts:106:7 should complete full project workflow" type="FAILURE">
<![CDATA[  [Performance - OnlyTests] › ui\crm-onlytests.spec.ts:106:7 › CRM User Workflows - OnlyTests Approach › should complete full project workflow 

    TimeoutError: locator.click: Timeout 10000ms exceeded.
    Call log:
      - waiting for getByRole('button', { name: 'New Project' })


       at ..\src\pages\projects-page.ts:52

      50 |
      51 |   async createProjectWithAI(name: string, description: string, priority: string = 'high'): Promise<void> {
    > 52 |     await this.newProjectButton.click();
         |                                 ^
      53 |     await this.projectNameInput.fill(name);
      54 |     await this.projectDescriptionInput.fill(description);
      55 |     await this.prioritySelect.selectOption(priority);
        at ProjectsPage.createProjectWithAI (E:\My\AI-Fitness_Coach_360\dev-crm\src\pages\projects-page.ts:52:33)
        at E:\My\AI-Fitness_Coach_360\dev-crm\tests\ui\crm-onlytests.spec.ts:109:24

    attachment #1: screenshot (image/png) ──────────────────────────────────────────────────────────
    ..\test-results\ui-crm-onlytests-CRM-User--ed24f-plete-full-project-workflow-Performance---OnlyTests\test-failed-1.png
    ────────────────────────────────────────────────────────────────────────────────────────────────

    attachment #2: video (video/webm) ──────────────────────────────────────────────────────────────
    ..\test-results\ui-crm-onlytests-CRM-User--ed24f-plete-full-project-workflow-Performance---OnlyTests\video.webm
    ────────────────────────────────────────────────────────────────────────────────────────────────

    Error Context: ..\test-results\ui-crm-onlytests-CRM-User--ed24f-plete-full-project-workflow-Performance---OnlyTests\error-context.md
]]>
</failure>
<system-out>
<![CDATA[
[[ATTACHMENT|test-results\ui-crm-onlytests-CRM-User--ed24f-plete-full-project-workflow-Performance---OnlyTests\test-failed-1.png]]

[[ATTACHMENT|test-results\ui-crm-onlytests-CRM-User--ed24f-plete-full-project-workflow-Performance---OnlyTests\video.webm]]

[[ATTACHMENT|test-results\ui-crm-onlytests-CRM-User--ed24f-plete-full-project-workflow-Performance---OnlyTests\error-context.md]]
]]>
</system-out>
</testcase>
<testcase name="CRM User Workflows - OnlyTests Approach › should handle project with multiple tasks" classname="ui\crm-onlytests.spec.ts" time="12.091">
<failure message="crm-onlytests.spec.ts:129:7 should handle project with multiple tasks" type="FAILURE">
<![CDATA[  [Performance - OnlyTests] › ui\crm-onlytests.spec.ts:129:7 › CRM User Workflows - OnlyTests Approach › should handle project with multiple tasks 

    TimeoutError: locator.click: Timeout 10000ms exceeded.
    Call log:
      - waiting for getByRole('button', { name: 'New Project' })


       at ..\src\pages\projects-page.ts:44

      42 |
      43 |   async createProject(name: string, description: string, priority: string = 'medium'): Promise<void> {
    > 44 |     await this.newProjectButton.click();
         |                                 ^
      45 |     await this.projectNameInput.fill(name);
      46 |     await this.projectDescriptionInput.fill(description);
      47 |     await this.prioritySelect.selectOption(priority);
        at ProjectsPage.createProject (E:\My\AI-Fitness_Coach_360\dev-crm\src\pages\projects-page.ts:44:33)
        at E:\My\AI-Fitness_Coach_360\dev-crm\tests\ui\crm-onlytests.spec.ts:132:24

    attachment #1: screenshot (image/png) ──────────────────────────────────────────────────────────
    ..\test-results\ui-crm-onlytests-CRM-User--83033-project-with-multiple-tasks-Performance---OnlyTests\test-failed-1.png
    ────────────────────────────────────────────────────────────────────────────────────────────────

    attachment #2: video (video/webm) ──────────────────────────────────────────────────────────────
    ..\test-results\ui-crm-onlytests-CRM-User--83033-project-with-multiple-tasks-Performance---OnlyTests\video.webm
    ────────────────────────────────────────────────────────────────────────────────────────────────

    Error Context: ..\test-results\ui-crm-onlytests-CRM-User--83033-project-with-multiple-tasks-Performance---OnlyTests\error-context.md
]]>
</failure>
<system-out>
<![CDATA[
[[ATTACHMENT|test-results\ui-crm-onlytests-CRM-User--83033-project-with-multiple-tasks-Performance---OnlyTests\test-failed-1.png]]

[[ATTACHMENT|test-results\ui-crm-onlytests-CRM-User--83033-project-with-multiple-tasks-Performance---OnlyTests\video.webm]]

[[ATTACHMENT|test-results\ui-crm-onlytests-CRM-User--83033-project-with-multiple-tasks-Performance---OnlyTests\error-context.md]]
]]>
</system-out>
</testcase>
<testcase name="CRM Error Handling - OnlyTests Approach › should handle network errors gracefully" classname="ui\crm-onlytests.spec.ts" time="12.046">
<failure message="crm-onlytests.spec.ts:152:7 should handle network errors gracefully" type="FAILURE">
<![CDATA[  [Performance - OnlyTests] › ui\crm-onlytests.spec.ts:152:7 › CRM Error Handling - OnlyTests Approach › should handle network errors gracefully 

    TimeoutError: locator.click: Timeout 10000ms exceeded.
    Call log:
      - waiting for getByRole('button', { name: 'New Project' })


       at ..\src\pages\projects-page.ts:44

      42 |
      43 |   async createProject(name: string, description: string, priority: string = 'medium'): Promise<void> {
    > 44 |     await this.newProjectButton.click();
         |                                 ^
      45 |     await this.projectNameInput.fill(name);
      46 |     await this.projectDescriptionInput.fill(description);
      47 |     await this.prioritySelect.selectOption(priority);
        at ProjectsPage.createProject (E:\My\AI-Fitness_Coach_360\dev-crm\src\pages\projects-page.ts:44:33)
        at E:\My\AI-Fitness_Coach_360\dev-crm\tests\ui\crm-onlytests.spec.ts:159:24

    attachment #1: screenshot (image/png) ──────────────────────────────────────────────────────────
    ..\test-results\ui-crm-onlytests-CRM-Error-4ad97-e-network-errors-gracefully-Performance---OnlyTests\test-failed-1.png
    ────────────────────────────────────────────────────────────────────────────────────────────────

    attachment #2: video (video/webm) ──────────────────────────────────────────────────────────────
    ..\test-results\ui-crm-onlytests-CRM-Error-4ad97-e-network-errors-gracefully-Performance---OnlyTests\video.webm
    ────────────────────────────────────────────────────────────────────────────────────────────────

    Error Context: ..\test-results\ui-crm-onlytests-CRM-Error-4ad97-e-network-errors-gracefully-Performance---OnlyTests\error-context.md
]]>
</failure>
<system-out>
<![CDATA[
[[ATTACHMENT|test-results\ui-crm-onlytests-CRM-Error-4ad97-e-network-errors-gracefully-Performance---OnlyTests\test-failed-1.png]]

[[ATTACHMENT|test-results\ui-crm-onlytests-CRM-Error-4ad97-e-network-errors-gracefully-Performance---OnlyTests\video.webm]]

[[ATTACHMENT|test-results\ui-crm-onlytests-CRM-Error-4ad97-e-network-errors-gracefully-Performance---OnlyTests\error-context.md]]
]]>
</system-out>
</testcase>
<testcase name="CRM Error Handling - OnlyTests Approach › should handle validation errors" classname="ui\crm-onlytests.spec.ts" time="12.201">
<failure message="crm-onlytests.spec.ts:166:7 should handle validation errors" type="FAILURE">
<![CDATA[  [Performance - OnlyTests] › ui\crm-onlytests.spec.ts:166:7 › CRM Error Handling - OnlyTests Approach › should handle validation errors 

    TimeoutError: locator.click: Timeout 10000ms exceeded.
    Call log:
      - waiting for getByRole('button', { name: 'New Project' })


      168 |     
      169 |     // Попытка создания проекта с пустым именем
    > 170 |     await projectsPage.newProjectButton.click();
          |                                         ^
      171 |     await projectsPage.saveProjectButton.click();
      172 |     
      173 |     // Проверка валидации
        at E:\My\AI-Fitness_Coach_360\dev-crm\tests\ui\crm-onlytests.spec.ts:170:41

    attachment #1: screenshot (image/png) ──────────────────────────────────────────────────────────
    ..\test-results\ui-crm-onlytests-CRM-Error-1dec1-ld-handle-validation-errors-Performance---OnlyTests\test-failed-1.png
    ────────────────────────────────────────────────────────────────────────────────────────────────

    attachment #2: video (video/webm) ──────────────────────────────────────────────────────────────
    ..\test-results\ui-crm-onlytests-CRM-Error-1dec1-ld-handle-validation-errors-Performance---OnlyTests\video.webm
    ────────────────────────────────────────────────────────────────────────────────────────────────

    Error Context: ..\test-results\ui-crm-onlytests-CRM-Error-1dec1-ld-handle-validation-errors-Performance---OnlyTests\error-context.md
]]>
</failure>
<system-out>
<![CDATA[
[[ATTACHMENT|test-results\ui-crm-onlytests-CRM-Error-1dec1-ld-handle-validation-errors-Performance---OnlyTests\test-failed-1.png]]

[[ATTACHMENT|test-results\ui-crm-onlytests-CRM-Error-1dec1-ld-handle-validation-errors-Performance---OnlyTests\video.webm]]

[[ATTACHMENT|test-results\ui-crm-onlytests-CRM-Error-1dec1-ld-handle-validation-errors-Performance---OnlyTests\error-context.md]]
]]>
</system-out>
</testcase>
<testcase name="CRM Error Handling - OnlyTests Approach › should handle AI service timeout" classname="ui\crm-onlytests.spec.ts" time="12.469">
<failure message="crm-onlytests.spec.ts:177:7 should handle AI service timeout" type="FAILURE">
<![CDATA[  [Performance - OnlyTests] › ui\crm-onlytests.spec.ts:177:7 › CRM Error Handling - OnlyTests Approach › should handle AI service timeout 

    TimeoutError: locator.click: Timeout 10000ms exceeded.
    Call log:
      - waiting for getByRole('button', { name: 'Test OpenRouter Connection' })


       at ..\src\pages\ai-settings-page.ts:32

      30 |
      31 |   async testOpenRouterConnection(): Promise<boolean> {
    > 32 |     await this.testOpenRouterButton.click();
         |                                     ^
      33 |     try {
      34 |       await this.page.getByText('OpenRouter: Connected').waitFor({ timeout: 10000 });
      35 |       return true;
        at AISettingsPage.testOpenRouterConnection (E:\My\AI-Fitness_Coach_360\dev-crm\src\pages\ai-settings-page.ts:32:37)
        at E:\My\AI-Fitness_Coach_360\dev-crm\tests\ui\crm-onlytests.spec.ts:187:54

    attachment #1: screenshot (image/png) ──────────────────────────────────────────────────────────
    ..\test-results\ui-crm-onlytests-CRM-Error-5b80b-d-handle-AI-service-timeout-Performance---OnlyTests\test-failed-1.png
    ────────────────────────────────────────────────────────────────────────────────────────────────

    attachment #2: video (video/webm) ──────────────────────────────────────────────────────────────
    ..\test-results\ui-crm-onlytests-CRM-Error-5b80b-d-handle-AI-service-timeout-Performance---OnlyTests\video.webm
    ────────────────────────────────────────────────────────────────────────────────────────────────

    Error Context: ..\test-results\ui-crm-onlytests-CRM-Error-5b80b-d-handle-AI-service-timeout-Performance---OnlyTests\error-context.md
]]>
</failure>
<system-out>
<![CDATA[
[[ATTACHMENT|test-results\ui-crm-onlytests-CRM-Error-5b80b-d-handle-AI-service-timeout-Performance---OnlyTests\test-failed-1.png]]

[[ATTACHMENT|test-results\ui-crm-onlytests-CRM-Error-5b80b-d-handle-AI-service-timeout-Performance---OnlyTests\video.webm]]

[[ATTACHMENT|test-results\ui-crm-onlytests-CRM-Error-5b80b-d-handle-AI-service-timeout-Performance---OnlyTests\error-context.md]]
]]>
</system-out>
</testcase>
<testcase name="CRM Performance - OnlyTests Approach › should load pages within acceptable time" classname="ui\crm-onlytests.spec.ts" time="1.222">
</testcase>
<testcase name="CRM Performance - OnlyTests Approach › should handle large datasets efficiently" classname="ui\crm-onlytests.spec.ts" time="11.885">
<failure message="crm-onlytests.spec.ts:207:7 should handle large datasets efficiently" type="FAILURE">
<![CDATA[  [Performance - OnlyTests] › ui\crm-onlytests.spec.ts:207:7 › CRM Performance - OnlyTests Approach › should handle large datasets efficiently 

    Error: expect(locator).toBeVisible() failed

    Locator:  getByText('Project 1')
    Expected: visible
    Received: <element(s) not found>
    Timeout:  10000ms

    Call log:
      - Expect "toBeVisible" with timeout 10000ms
      - waiting for getByText('Project 1')


      220 |     
      221 |     // Проверка загрузки большого количества проектов
    > 222 |     await expect(projectsPage.page.getByText('Project 1')).toBeVisible();
          |                                                            ^
      223 |     await expect(projectsPage.page.getByText('Project 100')).toBeVisible();
      224 |     
      225 |     // Проверка производительности пагинации
        at E:\My\AI-Fitness_Coach_360\dev-crm\tests\ui\crm-onlytests.spec.ts:222:60

    attachment #1: screenshot (image/png) ──────────────────────────────────────────────────────────
    ..\test-results\ui-crm-onlytests-CRM-Perfo-3e034--large-datasets-efficiently-Performance---OnlyTests\test-failed-1.png
    ────────────────────────────────────────────────────────────────────────────────────────────────

    attachment #2: video (video/webm) ──────────────────────────────────────────────────────────────
    ..\test-results\ui-crm-onlytests-CRM-Perfo-3e034--large-datasets-efficiently-Performance---OnlyTests\video.webm
    ────────────────────────────────────────────────────────────────────────────────────────────────

    Error Context: ..\test-results\ui-crm-onlytests-CRM-Perfo-3e034--large-datasets-efficiently-Performance---OnlyTests\error-context.md
]]>
</failure>
<system-out>
<![CDATA[
[[ATTACHMENT|test-results\ui-crm-onlytests-CRM-Perfo-3e034--large-datasets-efficiently-Performance---OnlyTests\test-failed-1.png]]

[[ATTACHMENT|test-results\ui-crm-onlytests-CRM-Perfo-3e034--large-datasets-efficiently-Performance---OnlyTests\video.webm]]

[[ATTACHMENT|test-results\ui-crm-onlytests-CRM-Perfo-3e034--large-datasets-efficiently-Performance---OnlyTests\error-context.md]]
]]>
</system-out>
</testcase>
<testcase name="CRM Accessibility - OnlyTests Approach › should support keyboard navigation" classname="ui\crm-onlytests.spec.ts" time="11.537">
<failure message="crm-onlytests.spec.ts:234:7 should support keyboard navigation" type="FAILURE">
<![CDATA[  [Performance - OnlyTests] › ui\crm-onlytests.spec.ts:234:7 › CRM Accessibility - OnlyTests Approach › should support keyboard navigation 

    Error: expect(locator).toBeFocused() failed

    Locator:  getByRole('button', { name: 'New Project' })
    Expected: focused
    Received: <element(s) not found>
    Timeout:  10000ms

    Call log:
      - Expect "toBeFocused" with timeout 10000ms
      - waiting for getByRole('button', { name: 'New Project' })


      241 |     
      242 |     // Проверка фокуса на кнопке
    > 243 |     await expect(projectsPage.newProjectButton).toBeFocused();
          |                                                 ^
      244 |   });
      245 |
      246 |   test('should have proper ARIA attributes', async ({ projectsPage }) => {
        at E:\My\AI-Fitness_Coach_360\dev-crm\tests\ui\crm-onlytests.spec.ts:243:49

    attachment #1: screenshot (image/png) ──────────────────────────────────────────────────────────
    ..\test-results\ui-crm-onlytests-CRM-Acces-605c1-support-keyboard-navigation-Performance---OnlyTests\test-failed-1.png
    ────────────────────────────────────────────────────────────────────────────────────────────────

    attachment #2: video (video/webm) ──────────────────────────────────────────────────────────────
    ..\test-results\ui-crm-onlytests-CRM-Acces-605c1-support-keyboard-navigation-Performance---OnlyTests\video.webm
    ────────────────────────────────────────────────────────────────────────────────────────────────

    Error Context: ..\test-results\ui-crm-onlytests-CRM-Acces-605c1-support-keyboard-navigation-Performance---OnlyTests\error-context.md
]]>
</failure>
<system-out>
<![CDATA[
[[ATTACHMENT|test-results\ui-crm-onlytests-CRM-Acces-605c1-support-keyboard-navigation-Performance---OnlyTests\test-failed-1.png]]

[[ATTACHMENT|test-results\ui-crm-onlytests-CRM-Acces-605c1-support-keyboard-navigation-Performance---OnlyTests\video.webm]]

[[ATTACHMENT|test-results\ui-crm-onlytests-CRM-Acces-605c1-support-keyboard-navigation-Performance---OnlyTests\error-context.md]]
]]>
</system-out>
</testcase>
<testcase name="CRM Accessibility - OnlyTests Approach › should have proper ARIA attributes" classname="ui\crm-onlytests.spec.ts" time="12.303">
<failure message="crm-onlytests.spec.ts:246:7 should have proper ARIA attributes" type="FAILURE">
<![CDATA[  [Performance - OnlyTests] › ui\crm-onlytests.spec.ts:246:7 › CRM Accessibility - OnlyTests Approach › should have proper ARIA attributes 

    Error: expect(locator).toBeVisible() failed

    Locator:  getByRole('button', { name: 'New Project' })
    Expected: visible
    Received: <element(s) not found>
    Timeout:  10000ms

    Call log:
      - Expect "toBeVisible" with timeout 10000ms
      - waiting for getByRole('button', { name: 'New Project' })


      248 |     
      249 |     // Проверка ARIA атрибутов
    > 250 |     await expect(projectsPage.newProjectButton).toBeVisible();
          |                                                 ^
      251 |     await expect(projectsPage.page.getByRole('heading', { name: 'Projects' })).toBeVisible();
      252 |     await expect(projectsPage.page.getByRole('main')).toBeVisible();
      253 |     await expect(projectsPage.page.getByRole('navigation')).toBeVisible();
        at E:\My\AI-Fitness_Coach_360\dev-crm\tests\ui\crm-onlytests.spec.ts:250:49

    attachment #1: screenshot (image/png) ──────────────────────────────────────────────────────────
    ..\test-results\ui-crm-onlytests-CRM-Acces-65dac-have-proper-ARIA-attributes-Performance---OnlyTests\test-failed-1.png
    ────────────────────────────────────────────────────────────────────────────────────────────────

    attachment #2: video (video/webm) ──────────────────────────────────────────────────────────────
    ..\test-results\ui-crm-onlytests-CRM-Acces-65dac-have-proper-ARIA-attributes-Performance---OnlyTests\video.webm
    ────────────────────────────────────────────────────────────────────────────────────────────────

    Error Context: ..\test-results\ui-crm-onlytests-CRM-Acces-65dac-have-proper-ARIA-attributes-Performance---OnlyTests\error-context.md
]]>
</failure>
<system-out>
<![CDATA[
[[ATTACHMENT|test-results\ui-crm-onlytests-CRM-Acces-65dac-have-proper-ARIA-attributes-Performance---OnlyTests\test-failed-1.png]]

[[ATTACHMENT|test-results\ui-crm-onlytests-CRM-Acces-65dac-have-proper-ARIA-attributes-Performance---OnlyTests\video.webm]]

[[ATTACHMENT|test-results\ui-crm-onlytests-CRM-Acces-65dac-have-proper-ARIA-attributes-Performance---OnlyTests\error-context.md]]
]]>
</system-out>
</testcase>
<testcase name="CRM Mobile - OnlyTests Approach › should work on mobile devices" classname="ui\crm-onlytests.spec.ts" time="12.096">
<failure message="crm-onlytests.spec.ts:258:7 should work on mobile devices" type="FAILURE">
<![CDATA[  [Performance - OnlyTests] › ui\crm-onlytests.spec.ts:258:7 › CRM Mobile - OnlyTests Approach › should work on mobile devices 

    TimeoutError: locator.click: Timeout 10000ms exceeded.
    Call log:
      - waiting for getByRole('button', { name: 'Menu' })


      263 |     
      264 |     // Проверка мобильного меню
    > 265 |     await projectsPage.page.getByRole('button', { name: 'Menu' }).click();
          |                                                                   ^
      266 |     await expect(projectsPage.page.getByRole('navigation')).toBeVisible();
      267 |     
      268 |     // Проверка создания проекта на мобильном
        at E:\My\AI-Fitness_Coach_360\dev-crm\tests\ui\crm-onlytests.spec.ts:265:67

    attachment #1: screenshot (image/png) ──────────────────────────────────────────────────────────
    ..\test-results\ui-crm-onlytests-CRM-Mobil-0b67b-ould-work-on-mobile-devices-Performance---OnlyTests\test-failed-1.png
    ────────────────────────────────────────────────────────────────────────────────────────────────

    attachment #2: video (video/webm) ──────────────────────────────────────────────────────────────
    ..\test-results\ui-crm-onlytests-CRM-Mobil-0b67b-ould-work-on-mobile-devices-Performance---OnlyTests\video.webm
    ────────────────────────────────────────────────────────────────────────────────────────────────

    Error Context: ..\test-results\ui-crm-onlytests-CRM-Mobil-0b67b-ould-work-on-mobile-devices-Performance---OnlyTests\error-context.md
]]>
</failure>
<system-out>
<![CDATA[
[[ATTACHMENT|test-results\ui-crm-onlytests-CRM-Mobil-0b67b-ould-work-on-mobile-devices-Performance---OnlyTests\test-failed-1.png]]

[[ATTACHMENT|test-results\ui-crm-onlytests-CRM-Mobil-0b67b-ould-work-on-mobile-devices-Performance---OnlyTests\video.webm]]

[[ATTACHMENT|test-results\ui-crm-onlytests-CRM-Mobil-0b67b-ould-work-on-mobile-devices-Performance---OnlyTests\error-context.md]]
]]>
</system-out>
</testcase>
<testcase name="CRM Mobile - OnlyTests Approach › should work on tablet devices" classname="ui\crm-onlytests.spec.ts" time="12.094">
<failure message="crm-onlytests.spec.ts:275:7 should work on tablet devices" type="FAILURE">
<![CDATA[  [Performance - OnlyTests] › ui\crm-onlytests.spec.ts:275:7 › CRM Mobile - OnlyTests Approach › should work on tablet devices 

    TimeoutError: locator.click: Timeout 10000ms exceeded.
    Call log:
      - waiting for getByRole('button', { name: 'New Task' })


       at ..\src\pages\tasks-page.ts:44

      42 |
      43 |   async createTask(title: string, description: string, priority: string = 'medium'): Promise<void> {
    > 44 |     await this.newTaskButton.click();
         |                              ^
      45 |     await this.taskTitleInput.fill(title);
      46 |     await this.taskDescriptionInput.fill(description);
      47 |     await this.prioritySelect.selectOption(priority);
        at TasksPage.createTask (E:\My\AI-Fitness_Coach_360\dev-crm\src\pages\tasks-page.ts:44:30)
        at E:\My\AI-Fitness_Coach_360\dev-crm\tests\ui\crm-onlytests.spec.ts:282:21

    attachment #1: screenshot (image/png) ──────────────────────────────────────────────────────────
    ..\test-results\ui-crm-onlytests-CRM-Mobil-fd744-ould-work-on-tablet-devices-Performance---OnlyTests\test-failed-1.png
    ────────────────────────────────────────────────────────────────────────────────────────────────

    attachment #2: video (video/webm) ──────────────────────────────────────────────────────────────
    ..\test-results\ui-crm-onlytests-CRM-Mobil-fd744-ould-work-on-tablet-devices-Performance---OnlyTests\video.webm
    ────────────────────────────────────────────────────────────────────────────────────────────────

    Error Context: ..\test-results\ui-crm-onlytests-CRM-Mobil-fd744-ould-work-on-tablet-devices-Performance---OnlyTests\error-context.md
]]>
</failure>
<system-out>
<![CDATA[
[[ATTACHMENT|test-results\ui-crm-onlytests-CRM-Mobil-fd744-ould-work-on-tablet-devices-Performance---OnlyTests\test-failed-1.png]]

[[ATTACHMENT|test-results\ui-crm-onlytests-CRM-Mobil-fd744-ould-work-on-tablet-devices-Performance---OnlyTests\video.webm]]

[[ATTACHMENT|test-results\ui-crm-onlytests-CRM-Mobil-fd744-ould-work-on-tablet-devices-Performance---OnlyTests\error-context.md]]
]]>
</system-out>
</testcase>
</testsuite>
<testsuite name="ui\crm-onlytests.spec.ts" timestamp="2025-09-25T16:07:00.269Z" hostname="Accessibility - OnlyTests" tests="20" failures="19" skipped="0" time="228.142" errors="0">
<testcase name="CRM Projects - OnlyTests Approach › should create new project" classname="ui\crm-onlytests.spec.ts" time="11.778">
<failure message="crm-onlytests.spec.ts:10:7 should create new project" type="FAILURE">
<![CDATA[  [Accessibility - OnlyTests] › ui\crm-onlytests.spec.ts:10:7 › CRM Projects - OnlyTests Approach › should create new project 

    TimeoutError: locator.click: Timeout 10000ms exceeded.
    Call log:
      - waiting for getByRole('button', { name: 'New Project' })


       at ..\src\pages\projects-page.ts:44

      42 |
      43 |   async createProject(name: string, description: string, priority: string = 'medium'): Promise<void> {
    > 44 |     await this.newProjectButton.click();
         |                                 ^
      45 |     await this.projectNameInput.fill(name);
      46 |     await this.projectDescriptionInput.fill(description);
      47 |     await this.prioritySelect.selectOption(priority);
        at ProjectsPage.createProject (E:\My\AI-Fitness_Coach_360\dev-crm\src\pages\projects-page.ts:44:33)
        at E:\My\AI-Fitness_Coach_360\dev-crm\tests\ui\crm-onlytests.spec.ts:12:24

    attachment #1: screenshot (image/png) ──────────────────────────────────────────────────────────
    ..\test-results\ui-crm-onlytests-CRM-Proje-edb53-h-should-create-new-project-Accessibility---OnlyTests\test-failed-1.png
    ────────────────────────────────────────────────────────────────────────────────────────────────

    attachment #2: video (video/webm) ──────────────────────────────────────────────────────────────
    ..\test-results\ui-crm-onlytests-CRM-Proje-edb53-h-should-create-new-project-Accessibility---OnlyTests\video.webm
    ────────────────────────────────────────────────────────────────────────────────────────────────

    Error Context: ..\test-results\ui-crm-onlytests-CRM-Proje-edb53-h-should-create-new-project-Accessibility---OnlyTests\error-context.md
]]>
</failure>
<system-out>
<![CDATA[
[[ATTACHMENT|test-results\ui-crm-onlytests-CRM-Proje-edb53-h-should-create-new-project-Accessibility---OnlyTests\test-failed-1.png]]

[[ATTACHMENT|test-results\ui-crm-onlytests-CRM-Proje-edb53-h-should-create-new-project-Accessibility---OnlyTests\video.webm]]

[[ATTACHMENT|test-results\ui-crm-onlytests-CRM-Proje-edb53-h-should-create-new-project-Accessibility---OnlyTests\error-context.md]]
]]>
</system-out>
</testcase>
<testcase name="CRM Projects - OnlyTests Approach › should create project with AI analysis" classname="ui\crm-onlytests.spec.ts" time="11.748">
<failure message="crm-onlytests.spec.ts:18:7 should create project with AI analysis" type="FAILURE">
<![CDATA[  [Accessibility - OnlyTests] › ui\crm-onlytests.spec.ts:18:7 › CRM Projects - OnlyTests Approach › should create project with AI analysis 

    TimeoutError: locator.click: Timeout 10000ms exceeded.
    Call log:
      - waiting for getByRole('button', { name: 'New Project' })


       at ..\src\pages\projects-page.ts:52

      50 |
      51 |   async createProjectWithAI(name: string, description: string, priority: string = 'high'): Promise<void> {
    > 52 |     await this.newProjectButton.click();
         |                                 ^
      53 |     await this.projectNameInput.fill(name);
      54 |     await this.projectDescriptionInput.fill(description);
      55 |     await this.prioritySelect.selectOption(priority);
        at ProjectsPage.createProjectWithAI (E:\My\AI-Fitness_Coach_360\dev-crm\src\pages\projects-page.ts:52:33)
        at E:\My\AI-Fitness_Coach_360\dev-crm\tests\ui\crm-onlytests.spec.ts:20:24

    attachment #1: screenshot (image/png) ──────────────────────────────────────────────────────────
    ..\test-results\ui-crm-onlytests-CRM-Proje-b1d10-te-project-with-AI-analysis-Accessibility---OnlyTests\test-failed-1.png
    ────────────────────────────────────────────────────────────────────────────────────────────────

    attachment #2: video (video/webm) ──────────────────────────────────────────────────────────────
    ..\test-results\ui-crm-onlytests-CRM-Proje-b1d10-te-project-with-AI-analysis-Accessibility---OnlyTests\video.webm
    ────────────────────────────────────────────────────────────────────────────────────────────────

    Error Context: ..\test-results\ui-crm-onlytests-CRM-Proje-b1d10-te-project-with-AI-analysis-Accessibility---OnlyTests\error-context.md
]]>
</failure>
<system-out>
<![CDATA[
[[ATTACHMENT|test-results\ui-crm-onlytests-CRM-Proje-b1d10-te-project-with-AI-analysis-Accessibility---OnlyTests\test-failed-1.png]]

[[ATTACHMENT|test-results\ui-crm-onlytests-CRM-Proje-b1d10-te-project-with-AI-analysis-Accessibility---OnlyTests\video.webm]]

[[ATTACHMENT|test-results\ui-crm-onlytests-CRM-Proje-b1d10-te-project-with-AI-analysis-Accessibility---OnlyTests\error-context.md]]
]]>
</system-out>
</testcase>
<testcase name="CRM Projects - OnlyTests Approach › should delete project" classname="ui\crm-onlytests.spec.ts" time="11.918">
<failure message="crm-onlytests.spec.ts:26:7 should delete project" type="FAILURE">
<![CDATA[  [Accessibility - OnlyTests] › ui\crm-onlytests.spec.ts:26:7 › CRM Projects - OnlyTests Approach › should delete project 

    TimeoutError: locator.click: Timeout 10000ms exceeded.
    Call log:
      - waiting for getByRole('button', { name: 'New Project' })


       at ..\src\pages\projects-page.ts:44

      42 |
      43 |   async createProject(name: string, description: string, priority: string = 'medium'): Promise<void> {
    > 44 |     await this.newProjectButton.click();
         |                                 ^
      45 |     await this.projectNameInput.fill(name);
      46 |     await this.projectDescriptionInput.fill(description);
      47 |     await this.prioritySelect.selectOption(priority);
        at ProjectsPage.createProject (E:\My\AI-Fitness_Coach_360\dev-crm\src\pages\projects-page.ts:44:33)
        at E:\My\AI-Fitness_Coach_360\dev-crm\tests\ui\crm-onlytests.spec.ts:29:24

    attachment #1: screenshot (image/png) ──────────────────────────────────────────────────────────
    ..\test-results\ui-crm-onlytests-CRM-Proje-3ece7-roach-should-delete-project-Accessibility---OnlyTests\test-failed-1.png
    ────────────────────────────────────────────────────────────────────────────────────────────────

    attachment #2: video (video/webm) ──────────────────────────────────────────────────────────────
    ..\test-results\ui-crm-onlytests-CRM-Proje-3ece7-roach-should-delete-project-Accessibility---OnlyTests\video.webm
    ────────────────────────────────────────────────────────────────────────────────────────────────

    Error Context: ..\test-results\ui-crm-onlytests-CRM-Proje-3ece7-roach-should-delete-project-Accessibility---OnlyTests\error-context.md
]]>
</failure>
<system-out>
<![CDATA[
[[ATTACHMENT|test-results\ui-crm-onlytests-CRM-Proje-3ece7-roach-should-delete-project-Accessibility---OnlyTests\test-failed-1.png]]

[[ATTACHMENT|test-results\ui-crm-onlytests-CRM-Proje-3ece7-roach-should-delete-project-Accessibility---OnlyTests\video.webm]]

[[ATTACHMENT|test-results\ui-crm-onlytests-CRM-Proje-3ece7-roach-should-delete-project-Accessibility---OnlyTests\error-context.md]]
]]>
</system-out>
</testcase>
<testcase name="CRM Tasks - OnlyTests Approach › should create new task" classname="ui\crm-onlytests.spec.ts" time="12.054">
<failure message="crm-onlytests.spec.ts:41:7 should create new task" type="FAILURE">
<![CDATA[  [Accessibility - OnlyTests] › ui\crm-onlytests.spec.ts:41:7 › CRM Tasks - OnlyTests Approach › should create new task 

    TimeoutError: locator.click: Timeout 10000ms exceeded.
    Call log:
      - waiting for getByRole('button', { name: 'New Task' })


       at ..\src\pages\tasks-page.ts:44

      42 |
      43 |   async createTask(title: string, description: string, priority: string = 'medium'): Promise<void> {
    > 44 |     await this.newTaskButton.click();
         |                              ^
      45 |     await this.taskTitleInput.fill(title);
      46 |     await this.taskDescriptionInput.fill(description);
      47 |     await this.prioritySelect.selectOption(priority);
        at TasksPage.createTask (E:\My\AI-Fitness_Coach_360\dev-crm\src\pages\tasks-page.ts:44:30)
        at E:\My\AI-Fitness_Coach_360\dev-crm\tests\ui\crm-onlytests.spec.ts:43:21

    attachment #1: screenshot (image/png) ──────────────────────────────────────────────────────────
    ..\test-results\ui-crm-onlytests-CRM-Tasks-3103b-oach-should-create-new-task-Accessibility---OnlyTests\test-failed-1.png
    ────────────────────────────────────────────────────────────────────────────────────────────────

    attachment #2: video (video/webm) ──────────────────────────────────────────────────────────────
    ..\test-results\ui-crm-onlytests-CRM-Tasks-3103b-oach-should-create-new-task-Accessibility---OnlyTests\video.webm
    ────────────────────────────────────────────────────────────────────────────────────────────────

    Error Context: ..\test-results\ui-crm-onlytests-CRM-Tasks-3103b-oach-should-create-new-task-Accessibility---OnlyTests\error-context.md
]]>
</failure>
<system-out>
<![CDATA[
[[ATTACHMENT|test-results\ui-crm-onlytests-CRM-Tasks-3103b-oach-should-create-new-task-Accessibility---OnlyTests\test-failed-1.png]]

[[ATTACHMENT|test-results\ui-crm-onlytests-CRM-Tasks-3103b-oach-should-create-new-task-Accessibility---OnlyTests\video.webm]]

[[ATTACHMENT|test-results\ui-crm-onlytests-CRM-Tasks-3103b-oach-should-create-new-task-Accessibility---OnlyTests\error-context.md]]
]]>
</system-out>
</testcase>
<testcase name="CRM Tasks - OnlyTests Approach › should create task with AI recommendations" classname="ui\crm-onlytests.spec.ts" time="12.17">
<failure message="crm-onlytests.spec.ts:49:7 should create task with AI recommendations" type="FAILURE">
<![CDATA[  [Accessibility - OnlyTests] › ui\crm-onlytests.spec.ts:49:7 › CRM Tasks - OnlyTests Approach › should create task with AI recommendations 

    TimeoutError: locator.click: Timeout 10000ms exceeded.
    Call log:
      - waiting for getByRole('button', { name: 'New Task' })


       at ..\src\pages\tasks-page.ts:52

      50 |
      51 |   async createTaskWithAI(title: string, description: string, priority: string = 'high'): Promise<void> {
    > 52 |     await this.newTaskButton.click();
         |                              ^
      53 |     await this.taskTitleInput.fill(title);
      54 |     await this.taskDescriptionInput.fill(description);
      55 |     await this.prioritySelect.selectOption(priority);
        at TasksPage.createTaskWithAI (E:\My\AI-Fitness_Coach_360\dev-crm\src\pages\tasks-page.ts:52:30)
        at E:\My\AI-Fitness_Coach_360\dev-crm\tests\ui\crm-onlytests.spec.ts:51:21

    attachment #1: screenshot (image/png) ──────────────────────────────────────────────────────────
    ..\test-results\ui-crm-onlytests-CRM-Tasks-0decd-ask-with-AI-recommendations-Accessibility---OnlyTests\test-failed-1.png
    ────────────────────────────────────────────────────────────────────────────────────────────────

    attachment #2: video (video/webm) ──────────────────────────────────────────────────────────────
    ..\test-results\ui-crm-onlytests-CRM-Tasks-0decd-ask-with-AI-recommendations-Accessibility---OnlyTests\video.webm
    ────────────────────────────────────────────────────────────────────────────────────────────────

    Error Context: ..\test-results\ui-crm-onlytests-CRM-Tasks-0decd-ask-with-AI-recommendations-Accessibility---OnlyTests\error-context.md
]]>
</failure>
<system-out>
<![CDATA[
[[ATTACHMENT|test-results\ui-crm-onlytests-CRM-Tasks-0decd-ask-with-AI-recommendations-Accessibility---OnlyTests\test-failed-1.png]]

[[ATTACHMENT|test-results\ui-crm-onlytests-CRM-Tasks-0decd-ask-with-AI-recommendations-Accessibility---OnlyTests\video.webm]]

[[ATTACHMENT|test-results\ui-crm-onlytests-CRM-Tasks-0decd-ask-with-AI-recommendations-Accessibility---OnlyTests\error-context.md]]
]]>
</system-out>
</testcase>
<testcase name="CRM Tasks - OnlyTests Approach › should update task status" classname="ui\crm-onlytests.spec.ts" time="11.853">
<failure message="crm-onlytests.spec.ts:57:7 should update task status" type="FAILURE">
<![CDATA[  [Accessibility - OnlyTests] › ui\crm-onlytests.spec.ts:57:7 › CRM Tasks - OnlyTests Approach › should update task status 

    TimeoutError: locator.click: Timeout 10000ms exceeded.
    Call log:
      - waiting for getByRole('button', { name: 'New Task' })


       at ..\src\pages\tasks-page.ts:44

      42 |
      43 |   async createTask(title: string, description: string, priority: string = 'medium'): Promise<void> {
    > 44 |     await this.newTaskButton.click();
         |                              ^
      45 |     await this.taskTitleInput.fill(title);
      46 |     await this.taskDescriptionInput.fill(description);
      47 |     await this.prioritySelect.selectOption(priority);
        at TasksPage.createTask (E:\My\AI-Fitness_Coach_360\dev-crm\src\pages\tasks-page.ts:44:30)
        at E:\My\AI-Fitness_Coach_360\dev-crm\tests\ui\crm-onlytests.spec.ts:59:21

    attachment #1: screenshot (image/png) ──────────────────────────────────────────────────────────
    ..\test-results\ui-crm-onlytests-CRM-Tasks-c3905-h-should-update-task-status-Accessibility---OnlyTests\test-failed-1.png
    ────────────────────────────────────────────────────────────────────────────────────────────────

    attachment #2: video (video/webm) ──────────────────────────────────────────────────────────────
    ..\test-results\ui-crm-onlytests-CRM-Tasks-c3905-h-should-update-task-status-Accessibility---OnlyTests\video.webm
    ────────────────────────────────────────────────────────────────────────────────────────────────

    Error Context: ..\test-results\ui-crm-onlytests-CRM-Tasks-c3905-h-should-update-task-status-Accessibility---OnlyTests\error-context.md
]]>
</failure>
<system-out>
<![CDATA[
[[ATTACHMENT|test-results\ui-crm-onlytests-CRM-Tasks-c3905-h-should-update-task-status-Accessibility---OnlyTests\test-failed-1.png]]

[[ATTACHMENT|test-results\ui-crm-onlytests-CRM-Tasks-c3905-h-should-update-task-status-Accessibility---OnlyTests\video.webm]]

[[ATTACHMENT|test-results\ui-crm-onlytests-CRM-Tasks-c3905-h-should-update-task-status-Accessibility---OnlyTests\error-context.md]]
]]>
</system-out>
</testcase>
<testcase name="CRM AI Integration - OnlyTests Approach › should test all AI services" classname="ui\crm-onlytests.spec.ts" time="12.009">
<failure message="crm-onlytests.spec.ts:70:7 should test all AI services" type="FAILURE">
<![CDATA[  [Accessibility - OnlyTests] › ui\crm-onlytests.spec.ts:70:7 › CRM AI Integration - OnlyTests Approach › should test all AI services 

    TimeoutError: locator.click: Timeout 10000ms exceeded.
    Call log:
      - waiting for getByRole('button', { name: 'Test OpenRouter Connection' })


       at ..\src\pages\ai-settings-page.ts:32

      30 |
      31 |   async testOpenRouterConnection(): Promise<boolean> {
    > 32 |     await this.testOpenRouterButton.click();
         |                                     ^
      33 |     try {
      34 |       await this.page.getByText('OpenRouter: Connected').waitFor({ timeout: 10000 });
      35 |       return true;
        at AISettingsPage.testOpenRouterConnection (E:\My\AI-Fitness_Coach_360\dev-crm\src\pages\ai-settings-page.ts:32:37)
        at AISettingsPage.testAllAIServices (E:\My\AI-Fitness_Coach_360\dev-crm\src\pages\ai-settings-page.ts:62:35)
        at E:\My\AI-Fitness_Coach_360\dev-crm\tests\ui\crm-onlytests.spec.ts:73:42

    attachment #1: screenshot (image/png) ──────────────────────────────────────────────────────────
    ..\test-results\ui-crm-onlytests-CRM-AI-In-47147-should-test-all-AI-services-Accessibility---OnlyTests\test-failed-1.png
    ────────────────────────────────────────────────────────────────────────────────────────────────

    attachment #2: video (video/webm) ──────────────────────────────────────────────────────────────
    ..\test-results\ui-crm-onlytests-CRM-AI-In-47147-should-test-all-AI-services-Accessibility---OnlyTests\video.webm
    ────────────────────────────────────────────────────────────────────────────────────────────────

    Error Context: ..\test-results\ui-crm-onlytests-CRM-AI-In-47147-should-test-all-AI-services-Accessibility---OnlyTests\error-context.md
]]>
</failure>
<system-out>
<![CDATA[
[[ATTACHMENT|test-results\ui-crm-onlytests-CRM-AI-In-47147-should-test-all-AI-services-Accessibility---OnlyTests\test-failed-1.png]]

[[ATTACHMENT|test-results\ui-crm-onlytests-CRM-AI-In-47147-should-test-all-AI-services-Accessibility---OnlyTests\video.webm]]

[[ATTACHMENT|test-results\ui-crm-onlytests-CRM-AI-In-47147-should-test-all-AI-services-Accessibility---OnlyTests\error-context.md]]
]]>
</system-out>
</testcase>
<testcase name="CRM AI Integration - OnlyTests Approach › should handle AI service failure gracefully" classname="ui\crm-onlytests.spec.ts" time="12.252">
<failure message="crm-onlytests.spec.ts:80:7 should handle AI service failure gracefully" type="FAILURE">
<![CDATA[  [Accessibility - OnlyTests] › ui\crm-onlytests.spec.ts:80:7 › CRM AI Integration - OnlyTests Approach › should handle AI service failure gracefully 

    TimeoutError: locator.click: Timeout 10000ms exceeded.
    Call log:
      - waiting for getByRole('button', { name: 'Test OpenRouter Connection' })


       at ..\src\pages\ai-settings-page.ts:32

      30 |
      31 |   async testOpenRouterConnection(): Promise<boolean> {
    > 32 |     await this.testOpenRouterButton.click();
         |                                     ^
      33 |     try {
      34 |       await this.page.getByText('OpenRouter: Connected').waitFor({ timeout: 10000 });
      35 |       return true;
        at AISettingsPage.testOpenRouterConnection (E:\My\AI-Fitness_Coach_360\dev-crm\src\pages\ai-settings-page.ts:32:37)
        at E:\My\AI-Fitness_Coach_360\dev-crm\tests\ui\crm-onlytests.spec.ts:88:54

    attachment #1: screenshot (image/png) ──────────────────────────────────────────────────────────
    ..\test-results\ui-crm-onlytests-CRM-AI-In-eec6b--service-failure-gracefully-Accessibility---OnlyTests\test-failed-1.png
    ────────────────────────────────────────────────────────────────────────────────────────────────

    attachment #2: video (video/webm) ──────────────────────────────────────────────────────────────
    ..\test-results\ui-crm-onlytests-CRM-AI-In-eec6b--service-failure-gracefully-Accessibility---OnlyTests\video.webm
    ────────────────────────────────────────────────────────────────────────────────────────────────

    Error Context: ..\test-results\ui-crm-onlytests-CRM-AI-In-eec6b--service-failure-gracefully-Accessibility---OnlyTests\error-context.md
]]>
</failure>
<system-out>
<![CDATA[
[[ATTACHMENT|test-results\ui-crm-onlytests-CRM-AI-In-eec6b--service-failure-gracefully-Accessibility---OnlyTests\test-failed-1.png]]

[[ATTACHMENT|test-results\ui-crm-onlytests-CRM-AI-In-eec6b--service-failure-gracefully-Accessibility---OnlyTests\video.webm]]

[[ATTACHMENT|test-results\ui-crm-onlytests-CRM-AI-In-eec6b--service-failure-gracefully-Accessibility---OnlyTests\error-context.md]]
]]>
</system-out>
</testcase>
<testcase name="CRM AI Integration - OnlyTests Approach › should test individual AI services" classname="ui\crm-onlytests.spec.ts" time="12.088">
<failure message="crm-onlytests.spec.ts:92:7 should test individual AI services" type="FAILURE">
<![CDATA[  [Accessibility - OnlyTests] › ui\crm-onlytests.spec.ts:92:7 › CRM AI Integration - OnlyTests Approach › should test individual AI services 

    TimeoutError: locator.click: Timeout 10000ms exceeded.
    Call log:
      - waiting for getByRole('button', { name: 'Test OpenRouter Connection' })


       at ..\src\pages\ai-settings-page.ts:32

      30 |
      31 |   async testOpenRouterConnection(): Promise<boolean> {
    > 32 |     await this.testOpenRouterButton.click();
         |                                     ^
      33 |     try {
      34 |       await this.page.getByText('OpenRouter: Connected').waitFor({ timeout: 10000 });
      35 |       return true;
        at AISettingsPage.testOpenRouterConnection (E:\My\AI-Fitness_Coach_360\dev-crm\src\pages\ai-settings-page.ts:32:37)
        at E:\My\AI-Fitness_Coach_360\dev-crm\tests\ui\crm-onlytests.spec.ts:95:54

    attachment #1: screenshot (image/png) ──────────────────────────────────────────────────────────
    ..\test-results\ui-crm-onlytests-CRM-AI-In-35e65-test-individual-AI-services-Accessibility---OnlyTests\test-failed-1.png
    ────────────────────────────────────────────────────────────────────────────────────────────────

    attachment #2: video (video/webm) ──────────────────────────────────────────────────────────────
    ..\test-results\ui-crm-onlytests-CRM-AI-In-35e65-test-individual-AI-services-Accessibility---OnlyTests\video.webm
    ────────────────────────────────────────────────────────────────────────────────────────────────

    Error Context: ..\test-results\ui-crm-onlytests-CRM-AI-In-35e65-test-individual-AI-services-Accessibility---OnlyTests\error-context.md
]]>
</failure>
<system-out>
<![CDATA[
[[ATTACHMENT|test-results\ui-crm-onlytests-CRM-AI-In-35e65-test-individual-AI-services-Accessibility---OnlyTests\test-failed-1.png]]

[[ATTACHMENT|test-results\ui-crm-onlytests-CRM-AI-In-35e65-test-individual-AI-services-Accessibility---OnlyTests\video.webm]]

[[ATTACHMENT|test-results\ui-crm-onlytests-CRM-AI-In-35e65-test-individual-AI-services-Accessibility---OnlyTests\error-context.md]]
]]>
</system-out>
</testcase>
<testcase name="CRM User Workflows - OnlyTests Approach › should complete full project workflow" classname="ui\crm-onlytests.spec.ts" time="11.97">
<failure message="crm-onlytests.spec.ts:106:7 should complete full project workflow" type="FAILURE">
<![CDATA[  [Accessibility - OnlyTests] › ui\crm-onlytests.spec.ts:106:7 › CRM User Workflows - OnlyTests Approach › should complete full project workflow 

    TimeoutError: locator.click: Timeout 10000ms exceeded.
    Call log:
      - waiting for getByRole('button', { name: 'New Project' })


       at ..\src\pages\projects-page.ts:52

      50 |
      51 |   async createProjectWithAI(name: string, description: string, priority: string = 'high'): Promise<void> {
    > 52 |     await this.newProjectButton.click();
         |                                 ^
      53 |     await this.projectNameInput.fill(name);
      54 |     await this.projectDescriptionInput.fill(description);
      55 |     await this.prioritySelect.selectOption(priority);
        at ProjectsPage.createProjectWithAI (E:\My\AI-Fitness_Coach_360\dev-crm\src\pages\projects-page.ts:52:33)
        at E:\My\AI-Fitness_Coach_360\dev-crm\tests\ui\crm-onlytests.spec.ts:109:24

    attachment #1: screenshot (image/png) ──────────────────────────────────────────────────────────
    ..\test-results\ui-crm-onlytests-CRM-User--ed24f-plete-full-project-workflow-Accessibility---OnlyTests\test-failed-1.png
    ────────────────────────────────────────────────────────────────────────────────────────────────

    attachment #2: video (video/webm) ──────────────────────────────────────────────────────────────
    ..\test-results\ui-crm-onlytests-CRM-User--ed24f-plete-full-project-workflow-Accessibility---OnlyTests\video.webm
    ────────────────────────────────────────────────────────────────────────────────────────────────

    Error Context: ..\test-results\ui-crm-onlytests-CRM-User--ed24f-plete-full-project-workflow-Accessibility---OnlyTests\error-context.md
]]>
</failure>
<system-out>
<![CDATA[
[[ATTACHMENT|test-results\ui-crm-onlytests-CRM-User--ed24f-plete-full-project-workflow-Accessibility---OnlyTests\test-failed-1.png]]

[[ATTACHMENT|test-results\ui-crm-onlytests-CRM-User--ed24f-plete-full-project-workflow-Accessibility---OnlyTests\video.webm]]

[[ATTACHMENT|test-results\ui-crm-onlytests-CRM-User--ed24f-plete-full-project-workflow-Accessibility---OnlyTests\error-context.md]]
]]>
</system-out>
</testcase>
<testcase name="CRM User Workflows - OnlyTests Approach › should handle project with multiple tasks" classname="ui\crm-onlytests.spec.ts" time="12.053">
<failure message="crm-onlytests.spec.ts:129:7 should handle project with multiple tasks" type="FAILURE">
<![CDATA[  [Accessibility - OnlyTests] › ui\crm-onlytests.spec.ts:129:7 › CRM User Workflows - OnlyTests Approach › should handle project with multiple tasks 

    TimeoutError: locator.click: Timeout 10000ms exceeded.
    Call log:
      - waiting for getByRole('button', { name: 'New Project' })


       at ..\src\pages\projects-page.ts:44

      42 |
      43 |   async createProject(name: string, description: string, priority: string = 'medium'): Promise<void> {
    > 44 |     await this.newProjectButton.click();
         |                                 ^
      45 |     await this.projectNameInput.fill(name);
      46 |     await this.projectDescriptionInput.fill(description);
      47 |     await this.prioritySelect.selectOption(priority);
        at ProjectsPage.createProject (E:\My\AI-Fitness_Coach_360\dev-crm\src\pages\projects-page.ts:44:33)
        at E:\My\AI-Fitness_Coach_360\dev-crm\tests\ui\crm-onlytests.spec.ts:132:24

    attachment #1: screenshot (image/png) ──────────────────────────────────────────────────────────
    ..\test-results\ui-crm-onlytests-CRM-User--83033-project-with-multiple-tasks-Accessibility---OnlyTests\test-failed-1.png
    ────────────────────────────────────────────────────────────────────────────────────────────────

    attachment #2: video (video/webm) ──────────────────────────────────────────────────────────────
    ..\test-results\ui-crm-onlytests-CRM-User--83033-project-with-multiple-tasks-Accessibility---OnlyTests\video.webm
    ────────────────────────────────────────────────────────────────────────────────────────────────

    Error Context: ..\test-results\ui-crm-onlytests-CRM-User--83033-project-with-multiple-tasks-Accessibility---OnlyTests\error-context.md
]]>
</failure>
<system-out>
<![CDATA[
[[ATTACHMENT|test-results\ui-crm-onlytests-CRM-User--83033-project-with-multiple-tasks-Accessibility---OnlyTests\test-failed-1.png]]

[[ATTACHMENT|test-results\ui-crm-onlytests-CRM-User--83033-project-with-multiple-tasks-Accessibility---OnlyTests\video.webm]]

[[ATTACHMENT|test-results\ui-crm-onlytests-CRM-User--83033-project-with-multiple-tasks-Accessibility---OnlyTests\error-context.md]]
]]>
</system-out>
</testcase>
<testcase name="CRM Error Handling - OnlyTests Approach › should handle network errors gracefully" classname="ui\crm-onlytests.spec.ts" time="12.338">
<failure message="crm-onlytests.spec.ts:152:7 should handle network errors gracefully" type="FAILURE">
<![CDATA[  [Accessibility - OnlyTests] › ui\crm-onlytests.spec.ts:152:7 › CRM Error Handling - OnlyTests Approach › should handle network errors gracefully 

    TimeoutError: locator.click: Timeout 10000ms exceeded.
    Call log:
      - waiting for getByRole('button', { name: 'New Project' })


       at ..\src\pages\projects-page.ts:44

      42 |
      43 |   async createProject(name: string, description: string, priority: string = 'medium'): Promise<void> {
    > 44 |     await this.newProjectButton.click();
         |                                 ^
      45 |     await this.projectNameInput.fill(name);
      46 |     await this.projectDescriptionInput.fill(description);
      47 |     await this.prioritySelect.selectOption(priority);
        at ProjectsPage.createProject (E:\My\AI-Fitness_Coach_360\dev-crm\src\pages\projects-page.ts:44:33)
        at E:\My\AI-Fitness_Coach_360\dev-crm\tests\ui\crm-onlytests.spec.ts:159:24

    attachment #1: screenshot (image/png) ──────────────────────────────────────────────────────────
    ..\test-results\ui-crm-onlytests-CRM-Error-4ad97-e-network-errors-gracefully-Accessibility---OnlyTests\test-failed-1.png
    ────────────────────────────────────────────────────────────────────────────────────────────────

    attachment #2: video (video/webm) ──────────────────────────────────────────────────────────────
    ..\test-results\ui-crm-onlytests-CRM-Error-4ad97-e-network-errors-gracefully-Accessibility---OnlyTests\video.webm
    ────────────────────────────────────────────────────────────────────────────────────────────────

    Error Context: ..\test-results\ui-crm-onlytests-CRM-Error-4ad97-e-network-errors-gracefully-Accessibility---OnlyTests\error-context.md
]]>
</failure>
<system-out>
<![CDATA[
[[ATTACHMENT|test-results\ui-crm-onlytests-CRM-Error-4ad97-e-network-errors-gracefully-Accessibility---OnlyTests\test-failed-1.png]]

[[ATTACHMENT|test-results\ui-crm-onlytests-CRM-Error-4ad97-e-network-errors-gracefully-Accessibility---OnlyTests\video.webm]]

[[ATTACHMENT|test-results\ui-crm-onlytests-CRM-Error-4ad97-e-network-errors-gracefully-Accessibility---OnlyTests\error-context.md]]
]]>
</system-out>
</testcase>
<testcase name="CRM Error Handling - OnlyTests Approach › should handle validation errors" classname="ui\crm-onlytests.spec.ts" time="12.229">
<failure message="crm-onlytests.spec.ts:166:7 should handle validation errors" type="FAILURE">
<![CDATA[  [Accessibility - OnlyTests] › ui\crm-onlytests.spec.ts:166:7 › CRM Error Handling - OnlyTests Approach › should handle validation errors 

    TimeoutError: locator.click: Timeout 10000ms exceeded.
    Call log:
      - waiting for getByRole('button', { name: 'New Project' })


      168 |     
      169 |     // Попытка создания проекта с пустым именем
    > 170 |     await projectsPage.newProjectButton.click();
          |                                         ^
      171 |     await projectsPage.saveProjectButton.click();
      172 |     
      173 |     // Проверка валидации
        at E:\My\AI-Fitness_Coach_360\dev-crm\tests\ui\crm-onlytests.spec.ts:170:41

    attachment #1: screenshot (image/png) ──────────────────────────────────────────────────────────
    ..\test-results\ui-crm-onlytests-CRM-Error-1dec1-ld-handle-validation-errors-Accessibility---OnlyTests\test-failed-1.png
    ────────────────────────────────────────────────────────────────────────────────────────────────

    attachment #2: video (video/webm) ──────────────────────────────────────────────────────────────
    ..\test-results\ui-crm-onlytests-CRM-Error-1dec1-ld-handle-validation-errors-Accessibility---OnlyTests\video.webm
    ────────────────────────────────────────────────────────────────────────────────────────────────

    Error Context: ..\test-results\ui-crm-onlytests-CRM-Error-1dec1-ld-handle-validation-errors-Accessibility---OnlyTests\error-context.md
]]>
</failure>
<system-out>
<![CDATA[
[[ATTACHMENT|test-results\ui-crm-onlytests-CRM-Error-1dec1-ld-handle-validation-errors-Accessibility---OnlyTests\test-failed-1.png]]

[[ATTACHMENT|test-results\ui-crm-onlytests-CRM-Error-1dec1-ld-handle-validation-errors-Accessibility---OnlyTests\video.webm]]

[[ATTACHMENT|test-results\ui-crm-onlytests-CRM-Error-1dec1-ld-handle-validation-errors-Accessibility---OnlyTests\error-context.md]]
]]>
</system-out>
</testcase>
<testcase name="CRM Error Handling - OnlyTests Approach › should handle AI service timeout" classname="ui\crm-onlytests.spec.ts" time="11.756">
<failure message="crm-onlytests.spec.ts:177:7 should handle AI service timeout" type="FAILURE">
<![CDATA[  [Accessibility - OnlyTests] › ui\crm-onlytests.spec.ts:177:7 › CRM Error Handling - OnlyTests Approach › should handle AI service timeout 

    TimeoutError: locator.click: Timeout 10000ms exceeded.
    Call log:
      - waiting for getByRole('button', { name: 'Test OpenRouter Connection' })


       at ..\src\pages\ai-settings-page.ts:32

      30 |
      31 |   async testOpenRouterConnection(): Promise<boolean> {
    > 32 |     await this.testOpenRouterButton.click();
         |                                     ^
      33 |     try {
      34 |       await this.page.getByText('OpenRouter: Connected').waitFor({ timeout: 10000 });
      35 |       return true;
        at AISettingsPage.testOpenRouterConnection (E:\My\AI-Fitness_Coach_360\dev-crm\src\pages\ai-settings-page.ts:32:37)
        at E:\My\AI-Fitness_Coach_360\dev-crm\tests\ui\crm-onlytests.spec.ts:187:54

    attachment #1: screenshot (image/png) ──────────────────────────────────────────────────────────
    ..\test-results\ui-crm-onlytests-CRM-Error-5b80b-d-handle-AI-service-timeout-Accessibility---OnlyTests\test-failed-1.png
    ────────────────────────────────────────────────────────────────────────────────────────────────

    attachment #2: video (video/webm) ──────────────────────────────────────────────────────────────
    ..\test-results\ui-crm-onlytests-CRM-Error-5b80b-d-handle-AI-service-timeout-Accessibility---OnlyTests\video.webm
    ────────────────────────────────────────────────────────────────────────────────────────────────

    Error Context: ..\test-results\ui-crm-onlytests-CRM-Error-5b80b-d-handle-AI-service-timeout-Accessibility---OnlyTests\error-context.md
]]>
</failure>
<system-out>
<![CDATA[
[[ATTACHMENT|test-results\ui-crm-onlytests-CRM-Error-5b80b-d-handle-AI-service-timeout-Accessibility---OnlyTests\test-failed-1.png]]

[[ATTACHMENT|test-results\ui-crm-onlytests-CRM-Error-5b80b-d-handle-AI-service-timeout-Accessibility---OnlyTests\video.webm]]

[[ATTACHMENT|test-results\ui-crm-onlytests-CRM-Error-5b80b-d-handle-AI-service-timeout-Accessibility---OnlyTests\error-context.md]]
]]>
</system-out>
</testcase>
<testcase name="CRM Performance - OnlyTests Approach › should load pages within acceptable time" classname="ui\crm-onlytests.spec.ts" time="1.189">
</testcase>
<testcase name="CRM Performance - OnlyTests Approach › should handle large datasets efficiently" classname="ui\crm-onlytests.spec.ts" time="11.817">
<failure message="crm-onlytests.spec.ts:207:7 should handle large datasets efficiently" type="FAILURE">
<![CDATA[  [Accessibility - OnlyTests] › ui\crm-onlytests.spec.ts:207:7 › CRM Performance - OnlyTests Approach › should handle large datasets efficiently 

    Error: expect(locator).toBeVisible() failed

    Locator:  getByText('Project 1')
    Expected: visible
    Received: <element(s) not found>
    Timeout:  10000ms

    Call log:
      - Expect "toBeVisible" with timeout 10000ms
      - waiting for getByText('Project 1')


      220 |     
      221 |     // Проверка загрузки большого количества проектов
    > 222 |     await expect(projectsPage.page.getByText('Project 1')).toBeVisible();
          |                                                            ^
      223 |     await expect(projectsPage.page.getByText('Project 100')).toBeVisible();
      224 |     
      225 |     // Проверка производительности пагинации
        at E:\My\AI-Fitness_Coach_360\dev-crm\tests\ui\crm-onlytests.spec.ts:222:60

    attachment #1: screenshot (image/png) ──────────────────────────────────────────────────────────
    ..\test-results\ui-crm-onlytests-CRM-Perfo-3e034--large-datasets-efficiently-Accessibility---OnlyTests\test-failed-1.png
    ────────────────────────────────────────────────────────────────────────────────────────────────

    attachment #2: video (video/webm) ──────────────────────────────────────────────────────────────
    ..\test-results\ui-crm-onlytests-CRM-Perfo-3e034--large-datasets-efficiently-Accessibility---OnlyTests\video.webm
    ────────────────────────────────────────────────────────────────────────────────────────────────

    Error Context: ..\test-results\ui-crm-onlytests-CRM-Perfo-3e034--large-datasets-efficiently-Accessibility---OnlyTests\error-context.md
]]>
</failure>
<system-out>
<![CDATA[
[[ATTACHMENT|test-results\ui-crm-onlytests-CRM-Perfo-3e034--large-datasets-efficiently-Accessibility---OnlyTests\test-failed-1.png]]

[[ATTACHMENT|test-results\ui-crm-onlytests-CRM-Perfo-3e034--large-datasets-efficiently-Accessibility---OnlyTests\video.webm]]

[[ATTACHMENT|test-results\ui-crm-onlytests-CRM-Perfo-3e034--large-datasets-efficiently-Accessibility---OnlyTests\error-context.md]]
]]>
</system-out>
</testcase>
<testcase name="CRM Accessibility - OnlyTests Approach › should support keyboard navigation" classname="ui\crm-onlytests.spec.ts" time="11.583">
<failure message="crm-onlytests.spec.ts:234:7 should support keyboard navigation" type="FAILURE">
<![CDATA[  [Accessibility - OnlyTests] › ui\crm-onlytests.spec.ts:234:7 › CRM Accessibility - OnlyTests Approach › should support keyboard navigation 

    Error: expect(locator).toBeFocused() failed

    Locator:  getByRole('button', { name: 'New Project' })
    Expected: focused
    Received: <element(s) not found>
    Timeout:  10000ms

    Call log:
      - Expect "toBeFocused" with timeout 10000ms
      - waiting for getByRole('button', { name: 'New Project' })


      241 |     
      242 |     // Проверка фокуса на кнопке
    > 243 |     await expect(projectsPage.newProjectButton).toBeFocused();
          |                                                 ^
      244 |   });
      245 |
      246 |   test('should have proper ARIA attributes', async ({ projectsPage }) => {
        at E:\My\AI-Fitness_Coach_360\dev-crm\tests\ui\crm-onlytests.spec.ts:243:49

    attachment #1: screenshot (image/png) ──────────────────────────────────────────────────────────
    ..\test-results\ui-crm-onlytests-CRM-Acces-605c1-support-keyboard-navigation-Accessibility---OnlyTests\test-failed-1.png
    ────────────────────────────────────────────────────────────────────────────────────────────────

    attachment #2: video (video/webm) ──────────────────────────────────────────────────────────────
    ..\test-results\ui-crm-onlytests-CRM-Acces-605c1-support-keyboard-navigation-Accessibility---OnlyTests\video.webm
    ────────────────────────────────────────────────────────────────────────────────────────────────

    Error Context: ..\test-results\ui-crm-onlytests-CRM-Acces-605c1-support-keyboard-navigation-Accessibility---OnlyTests\error-context.md
]]>
</failure>
<system-out>
<![CDATA[
[[ATTACHMENT|test-results\ui-crm-onlytests-CRM-Acces-605c1-support-keyboard-navigation-Accessibility---OnlyTests\test-failed-1.png]]

[[ATTACHMENT|test-results\ui-crm-onlytests-CRM-Acces-605c1-support-keyboard-navigation-Accessibility---OnlyTests\video.webm]]

[[ATTACHMENT|test-results\ui-crm-onlytests-CRM-Acces-605c1-support-keyboard-navigation-Accessibility---OnlyTests\error-context.md]]
]]>
</system-out>
</testcase>
<testcase name="CRM Accessibility - OnlyTests Approach › should have proper ARIA attributes" classname="ui\crm-onlytests.spec.ts" time="11.94">
<failure message="crm-onlytests.spec.ts:246:7 should have proper ARIA attributes" type="FAILURE">
<![CDATA[  [Accessibility - OnlyTests] › ui\crm-onlytests.spec.ts:246:7 › CRM Accessibility - OnlyTests Approach › should have proper ARIA attributes 

    Error: expect(locator).toBeVisible() failed

    Locator:  getByRole('button', { name: 'New Project' })
    Expected: visible
    Received: <element(s) not found>
    Timeout:  10000ms

    Call log:
      - Expect "toBeVisible" with timeout 10000ms
      - waiting for getByRole('button', { name: 'New Project' })


      248 |     
      249 |     // Проверка ARIA атрибутов
    > 250 |     await expect(projectsPage.newProjectButton).toBeVisible();
          |                                                 ^
      251 |     await expect(projectsPage.page.getByRole('heading', { name: 'Projects' })).toBeVisible();
      252 |     await expect(projectsPage.page.getByRole('main')).toBeVisible();
      253 |     await expect(projectsPage.page.getByRole('navigation')).toBeVisible();
        at E:\My\AI-Fitness_Coach_360\dev-crm\tests\ui\crm-onlytests.spec.ts:250:49

    attachment #1: screenshot (image/png) ──────────────────────────────────────────────────────────
    ..\test-results\ui-crm-onlytests-CRM-Acces-65dac-have-proper-ARIA-attributes-Accessibility---OnlyTests\test-failed-1.png
    ────────────────────────────────────────────────────────────────────────────────────────────────

    attachment #2: video (video/webm) ──────────────────────────────────────────────────────────────
    ..\test-results\ui-crm-onlytests-CRM-Acces-65dac-have-proper-ARIA-attributes-Accessibility---OnlyTests\video.webm
    ────────────────────────────────────────────────────────────────────────────────────────────────

    Error Context: ..\test-results\ui-crm-onlytests-CRM-Acces-65dac-have-proper-ARIA-attributes-Accessibility---OnlyTests\error-context.md
]]>
</failure>
<system-out>
<![CDATA[
[[ATTACHMENT|test-results\ui-crm-onlytests-CRM-Acces-65dac-have-proper-ARIA-attributes-Accessibility---OnlyTests\test-failed-1.png]]

[[ATTACHMENT|test-results\ui-crm-onlytests-CRM-Acces-65dac-have-proper-ARIA-attributes-Accessibility---OnlyTests\video.webm]]

[[ATTACHMENT|test-results\ui-crm-onlytests-CRM-Acces-65dac-have-proper-ARIA-attributes-Accessibility---OnlyTests\error-context.md]]
]]>
</system-out>
</testcase>
<testcase name="CRM Mobile - OnlyTests Approach › should work on mobile devices" classname="ui\crm-onlytests.spec.ts" time="11.751">
<failure message="crm-onlytests.spec.ts:258:7 should work on mobile devices" type="FAILURE">
<![CDATA[  [Accessibility - OnlyTests] › ui\crm-onlytests.spec.ts:258:7 › CRM Mobile - OnlyTests Approach › should work on mobile devices 

    TimeoutError: locator.click: Timeout 10000ms exceeded.
    Call log:
      - waiting for getByRole('button', { name: 'Menu' })


      263 |     
      264 |     // Проверка мобильного меню
    > 265 |     await projectsPage.page.getByRole('button', { name: 'Menu' }).click();
          |                                                                   ^
      266 |     await expect(projectsPage.page.getByRole('navigation')).toBeVisible();
      267 |     
      268 |     // Проверка создания проекта на мобильном
        at E:\My\AI-Fitness_Coach_360\dev-crm\tests\ui\crm-onlytests.spec.ts:265:67

    attachment #1: screenshot (image/png) ──────────────────────────────────────────────────────────
    ..\test-results\ui-crm-onlytests-CRM-Mobil-0b67b-ould-work-on-mobile-devices-Accessibility---OnlyTests\test-failed-1.png
    ────────────────────────────────────────────────────────────────────────────────────────────────

    attachment #2: video (video/webm) ──────────────────────────────────────────────────────────────
    ..\test-results\ui-crm-onlytests-CRM-Mobil-0b67b-ould-work-on-mobile-devices-Accessibility---OnlyTests\video.webm
    ────────────────────────────────────────────────────────────────────────────────────────────────

    Error Context: ..\test-results\ui-crm-onlytests-CRM-Mobil-0b67b-ould-work-on-mobile-devices-Accessibility---OnlyTests\error-context.md
]]>
</failure>
<system-out>
<![CDATA[
[[ATTACHMENT|test-results\ui-crm-onlytests-CRM-Mobil-0b67b-ould-work-on-mobile-devices-Accessibility---OnlyTests\test-failed-1.png]]

[[ATTACHMENT|test-results\ui-crm-onlytests-CRM-Mobil-0b67b-ould-work-on-mobile-devices-Accessibility---OnlyTests\video.webm]]

[[ATTACHMENT|test-results\ui-crm-onlytests-CRM-Mobil-0b67b-ould-work-on-mobile-devices-Accessibility---OnlyTests\error-context.md]]
]]>
</system-out>
</testcase>
<testcase name="CRM Mobile - OnlyTests Approach › should work on tablet devices" classname="ui\crm-onlytests.spec.ts" time="11.646">
<failure message="crm-onlytests.spec.ts:275:7 should work on tablet devices" type="FAILURE">
<![CDATA[  [Accessibility - OnlyTests] › ui\crm-onlytests.spec.ts:275:7 › CRM Mobile - OnlyTests Approach › should work on tablet devices 

    TimeoutError: locator.click: Timeout 10000ms exceeded.
    Call log:
      - waiting for getByRole('button', { name: 'New Task' })


       at ..\src\pages\tasks-page.ts:44

      42 |
      43 |   async createTask(title: string, description: string, priority: string = 'medium'): Promise<void> {
    > 44 |     await this.newTaskButton.click();
         |                              ^
      45 |     await this.taskTitleInput.fill(title);
      46 |     await this.taskDescriptionInput.fill(description);
      47 |     await this.prioritySelect.selectOption(priority);
        at TasksPage.createTask (E:\My\AI-Fitness_Coach_360\dev-crm\src\pages\tasks-page.ts:44:30)
        at E:\My\AI-Fitness_Coach_360\dev-crm\tests\ui\crm-onlytests.spec.ts:282:21

    attachment #1: screenshot (image/png) ──────────────────────────────────────────────────────────
    ..\test-results\ui-crm-onlytests-CRM-Mobil-fd744-ould-work-on-tablet-devices-Accessibility---OnlyTests\test-failed-1.png
    ────────────────────────────────────────────────────────────────────────────────────────────────

    attachment #2: video (video/webm) ──────────────────────────────────────────────────────────────
    ..\test-results\ui-crm-onlytests-CRM-Mobil-fd744-ould-work-on-tablet-devices-Accessibility---OnlyTests\video.webm
    ────────────────────────────────────────────────────────────────────────────────────────────────

    Error Context: ..\test-results\ui-crm-onlytests-CRM-Mobil-fd744-ould-work-on-tablet-devices-Accessibility---OnlyTests\error-context.md
]]>
</failure>
<system-out>
<![CDATA[
[[ATTACHMENT|test-results\ui-crm-onlytests-CRM-Mobil-fd744-ould-work-on-tablet-devices-Accessibility---OnlyTests\test-failed-1.png]]

[[ATTACHMENT|test-results\ui-crm-onlytests-CRM-Mobil-fd744-ould-work-on-tablet-devices-Accessibility---OnlyTests\video.webm]]

[[ATTACHMENT|test-results\ui-crm-onlytests-CRM-Mobil-fd744-ould-work-on-tablet-devices-Accessibility---OnlyTests\error-context.md]]
]]>
</system-out>
</testcase>
</testsuite>
</testsuites>